0 info it worked if it ends with ok
1 verbose cli [ '/usr/bin/node', '/usr/bin/npm', 'install', 'diff2html' ]
2 info using npm@3.5.2
3 info using node@v8.10.0
4 silly loadCurrentTree Starting
5 silly install loadCurrentTree
6 silly install readLocalPackageData
7 silly fetchPackageMetaData diff2html
8 silly fetchNamedPackageData diff2html
9 silly mapToRegistry name diff2html
10 silly mapToRegistry using default registry
11 silly mapToRegistry registry https://registry.npmjs.org/
12 silly mapToRegistry uri https://registry.npmjs.org/diff2html
13 verbose request uri https://registry.npmjs.org/diff2html
14 verbose request no auth needed
15 info attempt registry request try #1 at 2:29:46 PM
16 verbose request id b6ba3e4edc95699a
17 http request GET https://registry.npmjs.org/diff2html
18 http 200 https://registry.npmjs.org/diff2html
19 verbose headers { date: 'Fri, 21 Jan 2022 21:29:47 GMT',
19 verbose headers   'content-type': 'application/json',
19 verbose headers   'transfer-encoding': 'chunked',
19 verbose headers   connection: 'keep-alive',
19 verbose headers   'cf-ray': '6d13a3d55f6a8eb6-DEN',
19 verbose headers   'cache-control': 'public, max-age=300',
19 verbose headers   etag: 'W/"03aa7855cdb12a0dd358647a31fa4f22"',
19 verbose headers   'last-modified': 'Fri, 14 Jan 2022 22:05:53 GMT',
19 verbose headers   vary: 'accept-encoding, accept',
19 verbose headers   'cf-cache-status': 'REVALIDATED',
19 verbose headers   'expect-ct': 'max-age=604800, report-uri="https://report-uri.cloudflare.com/cdn-cgi/beacon/expect-ct"',
19 verbose headers   'x-amz-replication-status': 'COMPLETED',
19 verbose headers   server: 'cloudflare',
19 verbose headers   'content-encoding': 'gzip' }
20 silly get cb [ 200,
20 silly get   { date: 'Fri, 21 Jan 2022 21:29:47 GMT',
20 silly get     'content-type': 'application/json',
20 silly get     'transfer-encoding': 'chunked',
20 silly get     connection: 'keep-alive',
20 silly get     'cf-ray': '6d13a3d55f6a8eb6-DEN',
20 silly get     'cache-control': 'public, max-age=300',
20 silly get     etag: 'W/"03aa7855cdb12a0dd358647a31fa4f22"',
20 silly get     'last-modified': 'Fri, 14 Jan 2022 22:05:53 GMT',
20 silly get     vary: 'accept-encoding, accept',
20 silly get     'cf-cache-status': 'REVALIDATED',
20 silly get     'expect-ct': 'max-age=604800, report-uri="https://report-uri.cloudflare.com/cdn-cgi/beacon/expect-ct"',
20 silly get     'x-amz-replication-status': 'COMPLETED',
20 silly get     server: 'cloudflare',
20 silly get     'content-encoding': 'gzip' } ]
21 verbose get saving diff2html to /home/mmeierdo/.npm/registry.npmjs.org/diff2html/.cache.json
22 verbose makeDirectory /home/mmeierdo/.npm creation not in flight; initializing
23 silly makeDirectory /home/mmeierdo/.npm uid: 1002 gid: 1002
24 silly install normalizeTree
25 silly loadCurrentTree Finishing
26 silly loadIdealTree Starting
27 silly install loadIdealTree
28 silly cloneCurrentTree Starting
29 silly install cloneCurrentTreeToIdealTree
30 silly cloneCurrentTree Finishing
31 silly loadShrinkwrap Starting
32 silly install loadShrinkwrap
33 silly loadShrinkwrap Finishing
34 silly loadAllDepsIntoIdealTree Starting
35 silly install loadAllDepsIntoIdealTree
36 silly resolveWithNewModule diff2html@3.4.14 checking installable status
37 silly cache add args [ 'diff2html', null ]
38 verbose cache add spec diff2html
39 silly cache add parsed spec Result {
39 silly cache add   raw: 'diff2html',
39 silly cache add   scope: null,
39 silly cache add   name: 'diff2html',
39 silly cache add   rawSpec: '',
39 silly cache add   spec: 'latest',
39 silly cache add   type: 'tag' }
40 silly addNamed diff2html@latest
41 verbose addNamed "latest" is being treated as a dist-tag for diff2html
42 info addNameTag [ 'diff2html', 'latest' ]
43 silly mapToRegistry name diff2html
44 silly mapToRegistry using default registry
45 silly mapToRegistry registry https://registry.npmjs.org/
46 silly mapToRegistry uri https://registry.npmjs.org/diff2html
47 verbose addNameTag registry:https://registry.npmjs.org/diff2html not in flight; fetching
48 verbose get https://registry.npmjs.org/diff2html not expired, no request
49 silly addNameTag next cb for diff2html with tag latest
50 silly addNamed diff2html@3.4.14
51 verbose addNamed "3.4.14" is a plain semver version for diff2html
52 silly mapToRegistry name diff2html
53 silly mapToRegistry using default registry
54 silly mapToRegistry registry https://registry.npmjs.org/
55 silly mapToRegistry uri https://registry.npmjs.org/diff2html
56 verbose addRemoteTarball https://registry.npmjs.org/diff2html/-/diff2html-3.4.14.tgz not in flight; adding
57 verbose addRemoteTarball [ 'https://registry.npmjs.org/diff2html/-/diff2html-3.4.14.tgz',
57 verbose addRemoteTarball   '222ce0f909a1582fd0cf559423586a82a768733d' ]
58 info retry fetch attempt 1 at 2:29:47 PM
59 info attempt registry request try #1 at 2:29:47 PM
60 http fetch GET https://registry.npmjs.org/diff2html/-/diff2html-3.4.14.tgz
61 http fetch 200 https://registry.npmjs.org/diff2html/-/diff2html-3.4.14.tgz
62 silly fetchAndShaCheck shasum 222ce0f909a1582fd0cf559423586a82a768733d
63 verbose addTmpTarball /tmp/npm-11033-2d551a92/registry.npmjs.org/diff2html/-/diff2html-3.4.14.tgz not in flight; adding
64 verbose addTmpTarball already have metadata; skipping unpack for diff2html@3.4.14
65 silly cache afterAdd diff2html@3.4.14
66 verbose afterAdd /home/mmeierdo/.npm/diff2html/3.4.14/package/package.json not in flight; writing
67 verbose afterAdd /home/mmeierdo/.npm/diff2html/3.4.14/package/package.json written
68 silly fetchNamedPackageData diff
69 silly mapToRegistry name diff
70 silly mapToRegistry using default registry
71 silly mapToRegistry registry https://registry.npmjs.org/
72 silly mapToRegistry uri https://registry.npmjs.org/diff
73 silly fetchNamedPackageData hogan.js
74 silly mapToRegistry name hogan.js
75 silly mapToRegistry using default registry
76 silly mapToRegistry registry https://registry.npmjs.org/
77 silly mapToRegistry uri https://registry.npmjs.org/hogan.js
78 silly fetchNamedPackageData highlight.js
79 silly mapToRegistry name highlight.js
80 silly mapToRegistry using default registry
81 silly mapToRegistry registry https://registry.npmjs.org/
82 silly mapToRegistry uri https://registry.npmjs.org/highlight.js
83 verbose request uri https://registry.npmjs.org/diff
84 verbose request no auth needed
85 info attempt registry request try #1 at 2:29:47 PM
86 http request GET https://registry.npmjs.org/diff
87 verbose request uri https://registry.npmjs.org/hogan.js
88 verbose request no auth needed
89 info attempt registry request try #1 at 2:29:47 PM
90 http request GET https://registry.npmjs.org/hogan.js
91 verbose request uri https://registry.npmjs.org/highlight.js
92 verbose request no auth needed
93 info attempt registry request try #1 at 2:29:47 PM
94 http request GET https://registry.npmjs.org/highlight.js
95 http 200 https://registry.npmjs.org/diff
96 verbose headers { date: 'Fri, 21 Jan 2022 21:29:47 GMT',
96 verbose headers   'content-type': 'application/json',
96 verbose headers   'transfer-encoding': 'chunked',
96 verbose headers   connection: 'keep-alive',
96 verbose headers   'cf-ray': '6d13a3d9092a8eb6-DEN',
96 verbose headers   age: '285',
96 verbose headers   'cache-control': 'public, max-age=300',
96 verbose headers   etag: 'W/"ab39449127ad69988a6d2bc53c227064"',
96 verbose headers   'last-modified': 'Wed, 17 Nov 2021 16:43:10 GMT',
96 verbose headers   vary: 'accept-encoding, accept',
96 verbose headers   'cf-cache-status': 'HIT',
96 verbose headers   'expect-ct': 'max-age=604800, report-uri="https://report-uri.cloudflare.com/cdn-cgi/beacon/expect-ct"',
96 verbose headers   'x-amz-replication-status': 'PENDING',
96 verbose headers   server: 'cloudflare',
96 verbose headers   'content-encoding': 'gzip' }
97 silly get cb [ 200,
97 silly get   { date: 'Fri, 21 Jan 2022 21:29:47 GMT',
97 silly get     'content-type': 'application/json',
97 silly get     'transfer-encoding': 'chunked',
97 silly get     connection: 'keep-alive',
97 silly get     'cf-ray': '6d13a3d9092a8eb6-DEN',
97 silly get     age: '285',
97 silly get     'cache-control': 'public, max-age=300',
97 silly get     etag: 'W/"ab39449127ad69988a6d2bc53c227064"',
97 silly get     'last-modified': 'Wed, 17 Nov 2021 16:43:10 GMT',
97 silly get     vary: 'accept-encoding, accept',
97 silly get     'cf-cache-status': 'HIT',
97 silly get     'expect-ct': 'max-age=604800, report-uri="https://report-uri.cloudflare.com/cdn-cgi/beacon/expect-ct"',
97 silly get     'x-amz-replication-status': 'PENDING',
97 silly get     server: 'cloudflare',
97 silly get     'content-encoding': 'gzip' } ]
98 verbose get saving diff to /home/mmeierdo/.npm/registry.npmjs.org/diff/.cache.json
99 silly resolveWithNewModule diff@5.0.0 checking installable status
100 silly cache add args [ 'diff@5.0.0', null ]
101 verbose cache add spec diff@5.0.0
102 silly cache add parsed spec Result {
102 silly cache add   raw: 'diff@5.0.0',
102 silly cache add   scope: null,
102 silly cache add   name: 'diff',
102 silly cache add   rawSpec: '5.0.0',
102 silly cache add   spec: '5.0.0',
102 silly cache add   type: 'version' }
103 silly addNamed diff@5.0.0
104 verbose addNamed "5.0.0" is a plain semver version for diff
105 silly mapToRegistry name diff
106 silly mapToRegistry using default registry
107 silly mapToRegistry registry https://registry.npmjs.org/
108 silly mapToRegistry uri https://registry.npmjs.org/diff
109 verbose addNameVersion registry:https://registry.npmjs.org/diff not in flight; fetching
110 verbose get https://registry.npmjs.org/diff not expired, no request
111 silly mapToRegistry name diff
112 silly mapToRegistry using default registry
113 silly mapToRegistry registry https://registry.npmjs.org/
114 silly mapToRegistry uri https://registry.npmjs.org/diff
115 verbose addRemoteTarball https://registry.npmjs.org/diff/-/diff-5.0.0.tgz not in flight; adding
116 verbose addRemoteTarball [ 'https://registry.npmjs.org/diff/-/diff-5.0.0.tgz',
116 verbose addRemoteTarball   '7ed6ad76d859d030787ec35855f5b1daf31d852b' ]
117 http 200 https://registry.npmjs.org/hogan.js
118 verbose headers { date: 'Fri, 21 Jan 2022 21:29:47 GMT',
118 verbose headers   'content-type': 'application/json; charset=UTF-8',
118 verbose headers   'transfer-encoding': 'chunked',
118 verbose headers   connection: 'keep-alive',
118 verbose headers   'cf-ray': '6d13a3d90b0c8e9e-DEN',
118 verbose headers   'cache-control': 'public, max-age=300',
118 verbose headers   etag: 'W/"7565a3d23f4fa211f087df7beaf74f05"',
118 verbose headers   'last-modified': 'Sun, 27 May 2018 03:50:53 GMT',
118 verbose headers   vary: 'accept-encoding, accept',
118 verbose headers   'cf-cache-status': 'HIT',
118 verbose headers   'expect-ct': 'max-age=604800, report-uri="https://report-uri.cloudflare.com/cdn-cgi/beacon/expect-ct"',
118 verbose headers   server: 'cloudflare',
118 verbose headers   'content-encoding': 'gzip' }
119 silly get cb [ 200,
119 silly get   { date: 'Fri, 21 Jan 2022 21:29:47 GMT',
119 silly get     'content-type': 'application/json; charset=UTF-8',
119 silly get     'transfer-encoding': 'chunked',
119 silly get     connection: 'keep-alive',
119 silly get     'cf-ray': '6d13a3d90b0c8e9e-DEN',
119 silly get     'cache-control': 'public, max-age=300',
119 silly get     etag: 'W/"7565a3d23f4fa211f087df7beaf74f05"',
119 silly get     'last-modified': 'Sun, 27 May 2018 03:50:53 GMT',
119 silly get     vary: 'accept-encoding, accept',
119 silly get     'cf-cache-status': 'HIT',
119 silly get     'expect-ct': 'max-age=604800, report-uri="https://report-uri.cloudflare.com/cdn-cgi/beacon/expect-ct"',
119 silly get     server: 'cloudflare',
119 silly get     'content-encoding': 'gzip' } ]
120 verbose get saving hogan.js to /home/mmeierdo/.npm/registry.npmjs.org/hogan.js/.cache.json
121 info retry fetch attempt 1 at 2:29:47 PM
122 info attempt registry request try #1 at 2:29:47 PM
123 http fetch GET https://registry.npmjs.org/diff/-/diff-5.0.0.tgz
124 silly resolveWithNewModule hogan.js@3.0.2 checking installable status
125 silly cache add args [ 'hogan.js@3.0.2', null ]
126 verbose cache add spec hogan.js@3.0.2
127 silly cache add parsed spec Result {
127 silly cache add   raw: 'hogan.js@3.0.2',
127 silly cache add   scope: null,
127 silly cache add   name: 'hogan.js',
127 silly cache add   rawSpec: '3.0.2',
127 silly cache add   spec: '3.0.2',
127 silly cache add   type: 'version' }
128 silly addNamed hogan.js@3.0.2
129 verbose addNamed "3.0.2" is a plain semver version for hogan.js
130 silly mapToRegistry name hogan.js
131 silly mapToRegistry using default registry
132 silly mapToRegistry registry https://registry.npmjs.org/
133 silly mapToRegistry uri https://registry.npmjs.org/hogan.js
134 verbose addNameVersion registry:https://registry.npmjs.org/hogan.js not in flight; fetching
135 verbose get https://registry.npmjs.org/hogan.js not expired, no request
136 silly mapToRegistry name hogan.js
137 silly mapToRegistry using default registry
138 silly mapToRegistry registry https://registry.npmjs.org/
139 silly mapToRegistry uri https://registry.npmjs.org/hogan.js
140 verbose addRemoteTarball https://registry.npmjs.org/hogan.js/-/hogan.js-3.0.2.tgz not in flight; adding
141 verbose addRemoteTarball [ 'https://registry.npmjs.org/hogan.js/-/hogan.js-3.0.2.tgz',
141 verbose addRemoteTarball   '4cd9e1abd4294146e7679e41d7898732b02c7bfd' ]
142 info retry fetch attempt 1 at 2:29:47 PM
143 info attempt registry request try #1 at 2:29:47 PM
144 http fetch GET https://registry.npmjs.org/hogan.js/-/hogan.js-3.0.2.tgz
145 http 200 https://registry.npmjs.org/highlight.js
146 verbose headers { date: 'Fri, 21 Jan 2022 21:29:47 GMT',
146 verbose headers   'content-type': 'application/json',
146 verbose headers   'transfer-encoding': 'chunked',
146 verbose headers   connection: 'keep-alive',
146 verbose headers   'cf-ray': '6d13a3d90ee2c7a9-DEN',
146 verbose headers   age: '253',
146 verbose headers   'cache-control': 'public, max-age=300',
146 verbose headers   etag: 'W/"bc6bbef014eea4bc614169f8ed8beac3"',
146 verbose headers   'last-modified': 'Thu, 06 Jan 2022 14:57:49 GMT',
146 verbose headers   vary: 'accept-encoding, accept',
146 verbose headers   'cf-cache-status': 'HIT',
146 verbose headers   'expect-ct': 'max-age=604800, report-uri="https://report-uri.cloudflare.com/cdn-cgi/beacon/expect-ct"',
146 verbose headers   'x-amz-replication-status': 'PENDING',
146 verbose headers   server: 'cloudflare',
146 verbose headers   'content-encoding': 'gzip' }
147 silly get cb [ 200,
147 silly get   { date: 'Fri, 21 Jan 2022 21:29:47 GMT',
147 silly get     'content-type': 'application/json',
147 silly get     'transfer-encoding': 'chunked',
147 silly get     connection: 'keep-alive',
147 silly get     'cf-ray': '6d13a3d90ee2c7a9-DEN',
147 silly get     age: '253',
147 silly get     'cache-control': 'public, max-age=300',
147 silly get     etag: 'W/"bc6bbef014eea4bc614169f8ed8beac3"',
147 silly get     'last-modified': 'Thu, 06 Jan 2022 14:57:49 GMT',
147 silly get     vary: 'accept-encoding, accept',
147 silly get     'cf-cache-status': 'HIT',
147 silly get     'expect-ct': 'max-age=604800, report-uri="https://report-uri.cloudflare.com/cdn-cgi/beacon/expect-ct"',
147 silly get     'x-amz-replication-status': 'PENDING',
147 silly get     server: 'cloudflare',
147 silly get     'content-encoding': 'gzip' } ]
148 verbose get saving highlight.js to /home/mmeierdo/.npm/registry.npmjs.org/highlight.js/.cache.json
149 http fetch 200 https://registry.npmjs.org/diff/-/diff-5.0.0.tgz
150 http fetch 200 https://registry.npmjs.org/hogan.js/-/hogan.js-3.0.2.tgz
151 silly fetchAndShaCheck shasum 7ed6ad76d859d030787ec35855f5b1daf31d852b
152 verbose addTmpTarball /tmp/npm-11033-2d551a92/registry.npmjs.org/diff/-/diff-5.0.0.tgz not in flight; adding
153 verbose addTmpTarball already have metadata; skipping unpack for diff@5.0.0
154 verbose stack Error: Missing required argument #1
154 verbose stack     at andLogAndFinish (/usr/share/npm/lib/fetch-package-metadata.js:31:3)
154 verbose stack     at fetchPackageMetadata (/usr/share/npm/lib/fetch-package-metadata.js:51:22)
154 verbose stack     at resolveWithNewModule (/usr/share/npm/lib/install/deps.js:456:12)
154 verbose stack     at /usr/share/npm/lib/install/deps.js:457:7
154 verbose stack     at /usr/share/npm/node_modules/iferr/index.js:13:50
154 verbose stack     at /usr/share/npm/lib/fetch-package-metadata.js:37:12
154 verbose stack     at addRequestedAndFinish (/usr/share/npm/lib/fetch-package-metadata.js:82:5)
154 verbose stack     at returnAndAddMetadata (/usr/share/npm/lib/fetch-package-metadata.js:117:7)
154 verbose stack     at pickVersionFromRegistryDocument (/usr/share/npm/lib/fetch-package-metadata.js:134:20)
154 verbose stack     at /usr/share/npm/node_modules/iferr/index.js:13:50
155 verbose cwd /home/mmeierdo/alamo
156 error Linux 5.4.0-96-generic
157 error argv "/usr/bin/node" "/usr/bin/npm" "install" "diff2html"
158 error node v8.10.0
159 error npm  v3.5.2
160 error code EMISSINGARG
161 error typeerror Error: Missing required argument #1
161 error typeerror     at andLogAndFinish (/usr/share/npm/lib/fetch-package-metadata.js:31:3)
161 error typeerror     at fetchPackageMetadata (/usr/share/npm/lib/fetch-package-metadata.js:51:22)
161 error typeerror     at resolveWithNewModule (/usr/share/npm/lib/install/deps.js:456:12)
161 error typeerror     at /usr/share/npm/lib/install/deps.js:457:7
161 error typeerror     at /usr/share/npm/node_modules/iferr/index.js:13:50
161 error typeerror     at /usr/share/npm/lib/fetch-package-metadata.js:37:12
161 error typeerror     at addRequestedAndFinish (/usr/share/npm/lib/fetch-package-metadata.js:82:5)
161 error typeerror     at returnAndAddMetadata (/usr/share/npm/lib/fetch-package-metadata.js:117:7)
161 error typeerror     at pickVersionFromRegistryDocument (/usr/share/npm/lib/fetch-package-metadata.js:134:20)
161 error typeerror     at /usr/share/npm/node_modules/iferr/index.js:13:50
162 error typeerror This is an error with npm itself. Please report this error at:
162 error typeerror     <http://github.com/npm/npm/issues>
163 verbose exit [ 1, true ]
