======================================================
 Job 'alamo.sh' (ID: 9859631) is starting
 Submitted by: mungerct
 Running on node(s): nova18-wide-5
 Start time: Fri Feb 27 02:45:28 PM CST 2026
======================================================
export TMOUT=5400
export TMPDIR=/tmp
export PTMPDIR=
export APPTAINER_BINDPATH=/work:/work,/lustre:/lustre,/scratch:/scratch,/ptmp:/ptmp,/etc/hosts:/etc/hosts
export APPTAINER_TMPDIR=/tmp
export APPTAINER_CACHEDIR=/tmp
export XDG_RUNTIME_DIR=/tmp
export APPTAINERENV_SLURM_JOB_ID=9859631
Initializing AMReX (26.02)...
MPI initialized with 1 MPI processes
MPI initialized with thread support level 0
AMReX (26.02) initialized

STEP 1 starts ...
STEP 1 ends. TIME = 5e-08 DT = 5e-08

STEP 2 starts ...
STEP 2 ends. TIME = 1e-07 DT = 5e-08

STEP 3 starts ...
STEP 3 ends. TIME = 1.5e-07 DT = 5e-08

STEP 4 starts ...
STEP 4 ends. TIME = 2e-07 DT = 5e-08

STEP 5 starts ...
STEP 5 ends. TIME = 2.5e-07 DT = 5e-08

STEP 6 starts ...
STEP 6 ends. TIME = 3e-07 DT = 5e-08

STEP 7 starts ...
STEP 7 ends. TIME = 3.5e-07 DT = 5e-08

STEP 8 starts ...
STEP 8 ends. TIME = 4e-07 DT = 5e-08

STEP 9 starts ...
STEP 9 ends. TIME = 4.5e-07 DT = 5e-08

STEP 10 starts ...
STEP 10 ends. TIME = 5e-07 DT = 5e-08

STEP 11 starts ...
STEP 11 ends. TIME = 5.5e-07 DT = 5e-08

STEP 12 starts ...
STEP 12 ends. TIME = 6e-07 DT = 5e-08

STEP 13 starts ...
STEP 13 ends. TIME = 6.5e-07 DT = 5e-08

STEP 14 starts ...
STEP 14 ends. TIME = 7e-07 DT = 5e-08

STEP 15 starts ...
STEP 15 ends. TIME = 7.5e-07 DT = 5e-08

STEP 16 starts ...
STEP 16 ends. TIME = 8e-07 DT = 5e-08

STEP 17 starts ...
STEP 17 ends. TIME = 8.5e-07 DT = 5e-08

STEP 18 starts ...
STEP 18 ends. TIME = 9e-07 DT = 5e-08

STEP 19 starts ...
STEP 19 ends. TIME = 9.5e-07 DT = 5e-08

STEP 20 starts ...
STEP 20 ends. TIME = 1e-06 DT = 5e-08

STEP 21 starts ...
STEP 21 ends. TIME = 1.05e-06 DT = 5e-08

STEP 22 starts ...
STEP 22 ends. TIME = 1.1e-06 DT = 5e-08

STEP 23 starts ...
STEP 23 ends. TIME = 1.15e-06 DT = 5e-08

STEP 24 starts ...
STEP 24 ends. TIME = 1.2e-06 DT = 5e-08

STEP 25 starts ...
STEP 25 ends. TIME = 1.25e-06 DT = 5e-08

STEP 26 starts ...
STEP 26 ends. TIME = 1.3e-06 DT = 5e-08

STEP 27 starts ...
STEP 27 ends. TIME = 1.35e-06 DT = 5e-08

STEP 28 starts ...
STEP 28 ends. TIME = 1.4e-06 DT = 5e-08

STEP 29 starts ...
STEP 29 ends. TIME = 1.45e-06 DT = 5e-08

STEP 30 starts ...
STEP 30 ends. TIME = 1.5e-06 DT = 5e-08

STEP 31 starts ...
STEP 31 ends. TIME = 1.55e-06 DT = 5e-08

STEP 32 starts ...
STEP 32 ends. TIME = 1.6e-06 DT = 5e-08

STEP 33 starts ...
STEP 33 ends. TIME = 1.65e-06 DT = 5e-08

STEP 34 starts ...
STEP 34 ends. TIME = 1.7e-06 DT = 5e-08

STEP 35 starts ...
STEP 35 ends. TIME = 1.75e-06 DT = 5e-08

STEP 36 starts ...
STEP 36 ends. TIME = 1.8e-06 DT = 5e-08

STEP 37 starts ...
STEP 37 ends. TIME = 1.85e-06 DT = 5e-08

STEP 38 starts ...
STEP 38 ends. TIME = 1.9e-06 DT = 5e-08

STEP 39 starts ...
STEP 39 ends. TIME = 1.95e-06 DT = 5e-08

STEP 40 starts ...
STEP 40 ends. TIME = 2e-06 DT = 5e-08

STEP 41 starts ...
STEP 41 ends. TIME = 2.05e-06 DT = 5e-08

STEP 42 starts ...
STEP 42 ends. TIME = 2.1e-06 DT = 5e-08

STEP 43 starts ...
STEP 43 ends. TIME = 2.15e-06 DT = 5e-08

STEP 44 starts ...
STEP 44 ends. TIME = 2.2e-06 DT = 5e-08

STEP 45 starts ...
STEP 45 ends. TIME = 2.25e-06 DT = 5e-08

STEP 46 starts ...
STEP 46 ends. TIME = 2.3e-06 DT = 5e-08

STEP 47 starts ...
STEP 47 ends. TIME = 2.35e-06 DT = 5e-08

STEP 48 starts ...
STEP 48 ends. TIME = 2.4e-06 DT = 5e-08

STEP 49 starts ...
STEP 49 ends. TIME = 2.45e-06 DT = 5e-08

STEP 50 starts ...
STEP 50 ends. TIME = 2.5e-06 DT = 5e-08

STEP 51 starts ...
STEP 51 ends. TIME = 2.55e-06 DT = 5e-08

STEP 52 starts ...
STEP 52 ends. TIME = 2.6e-06 DT = 5e-08

STEP 53 starts ...
STEP 53 ends. TIME = 2.65e-06 DT = 5e-08

STEP 54 starts ...
STEP 54 ends. TIME = 2.7e-06 DT = 5e-08

STEP 55 starts ...
STEP 55 ends. TIME = 2.75e-06 DT = 5e-08

STEP 56 starts ...
STEP 56 ends. TIME = 2.8e-06 DT = 5e-08

STEP 57 starts ...
STEP 57 ends. TIME = 2.85e-06 DT = 5e-08

STEP 58 starts ...
STEP 58 ends. TIME = 2.9e-06 DT = 5e-08

STEP 59 starts ...
STEP 59 ends. TIME = 2.95e-06 DT = 5e-08

STEP 60 starts ...
STEP 60 ends. TIME = 3e-06 DT = 5e-08

STEP 61 starts ...
STEP 61 ends. TIME = 3.05e-06 DT = 5e-08

STEP 62 starts ...
STEP 62 ends. TIME = 3.1e-06 DT = 5e-08

STEP 63 starts ...
STEP 63 ends. TIME = 3.15e-06 DT = 5e-08

STEP 64 starts ...
STEP 64 ends. TIME = 3.2e-06 DT = 5e-08

STEP 65 starts ...
STEP 65 ends. TIME = 3.25e-06 DT = 5e-08

STEP 66 starts ...
STEP 66 ends. TIME = 3.3e-06 DT = 5e-08

STEP 67 starts ...
STEP 67 ends. TIME = 3.35e-06 DT = 5e-08

STEP 68 starts ...
STEP 68 ends. TIME = 3.4e-06 DT = 5e-08

STEP 69 starts ...
STEP 69 ends. TIME = 3.45e-06 DT = 5e-08

STEP 70 starts ...
STEP 70 ends. TIME = 3.5e-06 DT = 5e-08

STEP 71 starts ...
STEP 71 ends. TIME = 3.55e-06 DT = 5e-08

STEP 72 starts ...
STEP 72 ends. TIME = 3.6e-06 DT = 5e-08

STEP 73 starts ...
STEP 73 ends. TIME = 3.65e-06 DT = 5e-08

STEP 74 starts ...
STEP 74 ends. TIME = 3.7e-06 DT = 5e-08

STEP 75 starts ...
STEP 75 ends. TIME = 3.75e-06 DT = 5e-08

STEP 76 starts ...
STEP 76 ends. TIME = 3.8e-06 DT = 5e-08

STEP 77 starts ...
STEP 77 ends. TIME = 3.85e-06 DT = 5e-08

STEP 78 starts ...
STEP 78 ends. TIME = 3.9e-06 DT = 5e-08

STEP 79 starts ...
STEP 79 ends. TIME = 3.95e-06 DT = 5e-08

STEP 80 starts ...
STEP 80 ends. TIME = 4e-06 DT = 5e-08

STEP 81 starts ...
STEP 81 ends. TIME = 4.05e-06 DT = 5e-08

STEP 82 starts ...
STEP 82 ends. TIME = 4.1e-06 DT = 5e-08

STEP 83 starts ...
STEP 83 ends. TIME = 4.15e-06 DT = 5e-08

STEP 84 starts ...
STEP 84 ends. TIME = 4.2e-06 DT = 5e-08

STEP 85 starts ...
STEP 85 ends. TIME = 4.25e-06 DT = 5e-08

STEP 86 starts ...
STEP 86 ends. TIME = 4.3e-06 DT = 5e-08

STEP 87 starts ...
STEP 87 ends. TIME = 4.35e-06 DT = 5e-08

STEP 88 starts ...
STEP 88 ends. TIME = 4.4e-06 DT = 5e-08

STEP 89 starts ...
STEP 89 ends. TIME = 4.45e-06 DT = 5e-08

STEP 90 starts ...
STEP 90 ends. TIME = 4.5e-06 DT = 5e-08

STEP 91 starts ...
STEP 91 ends. TIME = 4.55e-06 DT = 5e-08

STEP 92 starts ...
STEP 92 ends. TIME = 4.6e-06 DT = 5e-08

STEP 93 starts ...
STEP 93 ends. TIME = 4.65e-06 DT = 5e-08

STEP 94 starts ...
STEP 94 ends. TIME = 4.7e-06 DT = 5e-08

STEP 95 starts ...
STEP 95 ends. TIME = 4.75e-06 DT = 5e-08

STEP 96 starts ...
STEP 96 ends. TIME = 4.8e-06 DT = 5e-08

STEP 97 starts ...
STEP 97 ends. TIME = 4.85e-06 DT = 5e-08

STEP 98 starts ...
STEP 98 ends. TIME = 4.9e-06 DT = 5e-08

STEP 99 starts ...
STEP 99 ends. TIME = 4.95e-06 DT = 5e-08

STEP 100 starts ...
STEP 100 ends. TIME = 5e-06 DT = 5e-08

STEP 101 starts ...
STEP 101 ends. TIME = 5.05e-06 DT = 5e-08

STEP 102 starts ...
STEP 102 ends. TIME = 5.1e-06 DT = 5e-08

STEP 103 starts ...
STEP 103 ends. TIME = 5.15e-06 DT = 5e-08

STEP 104 starts ...
STEP 104 ends. TIME = 5.2e-06 DT = 5e-08

STEP 105 starts ...
STEP 105 ends. TIME = 5.25e-06 DT = 5e-08

STEP 106 starts ...
STEP 106 ends. TIME = 5.3e-06 DT = 5e-08

STEP 107 starts ...
STEP 107 ends. TIME = 5.35e-06 DT = 5e-08

STEP 108 starts ...
STEP 108 ends. TIME = 5.4e-06 DT = 5e-08

STEP 109 starts ...
STEP 109 ends. TIME = 5.45e-06 DT = 5e-08

STEP 110 starts ...
STEP 110 ends. TIME = 5.5e-06 DT = 5e-08

STEP 111 starts ...
STEP 111 ends. TIME = 5.55e-06 DT = 5e-08

STEP 112 starts ...
STEP 112 ends. TIME = 5.6e-06 DT = 5e-08

STEP 113 starts ...
STEP 113 ends. TIME = 5.65e-06 DT = 5e-08

STEP 114 starts ...
STEP 114 ends. TIME = 5.7e-06 DT = 5e-08

STEP 115 starts ...
STEP 115 ends. TIME = 5.75e-06 DT = 5e-08

STEP 116 starts ...
STEP 116 ends. TIME = 5.8e-06 DT = 5e-08

STEP 117 starts ...
STEP 117 ends. TIME = 5.85e-06 DT = 5e-08

STEP 118 starts ...
STEP 118 ends. TIME = 5.9e-06 DT = 5e-08

STEP 119 starts ...
STEP 119 ends. TIME = 5.95e-06 DT = 5e-08

STEP 120 starts ...
STEP 120 ends. TIME = 6e-06 DT = 5e-08

STEP 121 starts ...
STEP 121 ends. TIME = 6.05e-06 DT = 5e-08

STEP 122 starts ...
STEP 122 ends. TIME = 6.1e-06 DT = 5e-08

STEP 123 starts ...
STEP 123 ends. TIME = 6.15e-06 DT = 5e-08

STEP 124 starts ...
STEP 124 ends. TIME = 6.2e-06 DT = 5e-08

STEP 125 starts ...
STEP 125 ends. TIME = 6.25e-06 DT = 5e-08

STEP 126 starts ...
STEP 126 ends. TIME = 6.3e-06 DT = 5e-08

STEP 127 starts ...
STEP 127 ends. TIME = 6.35e-06 DT = 5e-08

STEP 128 starts ...
STEP 128 ends. TIME = 6.4e-06 DT = 5e-08

STEP 129 starts ...
STEP 129 ends. TIME = 6.45e-06 DT = 5e-08

STEP 130 starts ...
STEP 130 ends. TIME = 6.5e-06 DT = 5e-08

STEP 131 starts ...
STEP 131 ends. TIME = 6.55e-06 DT = 5e-08

STEP 132 starts ...
STEP 132 ends. TIME = 6.6e-06 DT = 5e-08

STEP 133 starts ...
STEP 133 ends. TIME = 6.65e-06 DT = 5e-08

STEP 134 starts ...
STEP 134 ends. TIME = 6.7e-06 DT = 5e-08

STEP 135 starts ...
STEP 135 ends. TIME = 6.75e-06 DT = 5e-08

STEP 136 starts ...
STEP 136 ends. TIME = 6.8e-06 DT = 5e-08

STEP 137 starts ...
STEP 137 ends. TIME = 6.85e-06 DT = 5e-08

STEP 138 starts ...
STEP 138 ends. TIME = 6.9e-06 DT = 5e-08

STEP 139 starts ...
STEP 139 ends. TIME = 6.95e-06 DT = 5e-08

STEP 140 starts ...
STEP 140 ends. TIME = 7e-06 DT = 5e-08

STEP 141 starts ...
STEP 141 ends. TIME = 7.05e-06 DT = 5e-08

STEP 142 starts ...
STEP 142 ends. TIME = 7.1e-06 DT = 5e-08

STEP 143 starts ...
STEP 143 ends. TIME = 7.15e-06 DT = 5e-08

STEP 144 starts ...
STEP 144 ends. TIME = 7.2e-06 DT = 5e-08

STEP 145 starts ...
STEP 145 ends. TIME = 7.25e-06 DT = 5e-08

STEP 146 starts ...
STEP 146 ends. TIME = 7.3e-06 DT = 5e-08

STEP 147 starts ...
STEP 147 ends. TIME = 7.35e-06 DT = 5e-08

STEP 148 starts ...
STEP 148 ends. TIME = 7.4e-06 DT = 5e-08

STEP 149 starts ...
STEP 149 ends. TIME = 7.45e-06 DT = 5e-08

STEP 150 starts ...
STEP 150 ends. TIME = 7.5e-06 DT = 5e-08

STEP 151 starts ...
STEP 151 ends. TIME = 7.55e-06 DT = 5e-08

STEP 152 starts ...
STEP 152 ends. TIME = 7.6e-06 DT = 5e-08

STEP 153 starts ...
STEP 153 ends. TIME = 7.65e-06 DT = 5e-08

STEP 154 starts ...
STEP 154 ends. TIME = 7.7e-06 DT = 5e-08

STEP 155 starts ...
STEP 155 ends. TIME = 7.75e-06 DT = 5e-08

STEP 156 starts ...
STEP 156 ends. TIME = 7.8e-06 DT = 5e-08

STEP 157 starts ...
STEP 157 ends. TIME = 7.85e-06 DT = 5e-08

STEP 158 starts ...
STEP 158 ends. TIME = 7.9e-06 DT = 5e-08

STEP 159 starts ...
STEP 159 ends. TIME = 7.95e-06 DT = 5e-08

STEP 160 starts ...
STEP 160 ends. TIME = 8e-06 DT = 5e-08

STEP 161 starts ...
STEP 161 ends. TIME = 8.05e-06 DT = 5e-08

STEP 162 starts ...
STEP 162 ends. TIME = 8.1e-06 DT = 5e-08

STEP 163 starts ...
STEP 163 ends. TIME = 8.15e-06 DT = 5e-08

STEP 164 starts ...
STEP 164 ends. TIME = 8.2e-06 DT = 5e-08

STEP 165 starts ...
STEP 165 ends. TIME = 8.25e-06 DT = 5e-08

STEP 166 starts ...
STEP 166 ends. TIME = 8.3e-06 DT = 5e-08

STEP 167 starts ...
STEP 167 ends. TIME = 8.35e-06 DT = 5e-08

STEP 168 starts ...
STEP 168 ends. TIME = 8.4e-06 DT = 5e-08

STEP 169 starts ...
STEP 169 ends. TIME = 8.45e-06 DT = 5e-08

STEP 170 starts ...
STEP 170 ends. TIME = 8.5e-06 DT = 5e-08

STEP 171 starts ...
STEP 171 ends. TIME = 8.55e-06 DT = 5e-08

STEP 172 starts ...
STEP 172 ends. TIME = 8.6e-06 DT = 5e-08

STEP 173 starts ...
STEP 173 ends. TIME = 8.65e-06 DT = 5e-08

STEP 174 starts ...
STEP 174 ends. TIME = 8.7e-06 DT = 5e-08

STEP 175 starts ...
STEP 175 ends. TIME = 8.75e-06 DT = 5e-08

STEP 176 starts ...
STEP 176 ends. TIME = 8.8e-06 DT = 5e-08

STEP 177 starts ...
STEP 177 ends. TIME = 8.85e-06 DT = 5e-08

STEP 178 starts ...
STEP 178 ends. TIME = 8.9e-06 DT = 5e-08

STEP 179 starts ...
STEP 179 ends. TIME = 8.95e-06 DT = 5e-08

STEP 180 starts ...
STEP 180 ends. TIME = 9e-06 DT = 5e-08

STEP 181 starts ...
STEP 181 ends. TIME = 9.05e-06 DT = 5e-08

STEP 182 starts ...
STEP 182 ends. TIME = 9.1e-06 DT = 5e-08

STEP 183 starts ...
STEP 183 ends. TIME = 9.15e-06 DT = 5e-08

STEP 184 starts ...
STEP 184 ends. TIME = 9.2e-06 DT = 5e-08

STEP 185 starts ...
STEP 185 ends. TIME = 9.25e-06 DT = 5e-08

STEP 186 starts ...
STEP 186 ends. TIME = 9.3e-06 DT = 5e-08

STEP 187 starts ...
STEP 187 ends. TIME = 9.35e-06 DT = 5e-08

STEP 188 starts ...
STEP 188 ends. TIME = 9.4e-06 DT = 5e-08

STEP 189 starts ...
STEP 189 ends. TIME = 9.45e-06 DT = 5e-08

STEP 190 starts ...
STEP 190 ends. TIME = 9.5e-06 DT = 5e-08

STEP 191 starts ...
STEP 191 ends. TIME = 9.55e-06 DT = 5e-08

STEP 192 starts ...
STEP 192 ends. TIME = 9.6e-06 DT = 5e-08

STEP 193 starts ...
STEP 193 ends. TIME = 9.65e-06 DT = 5e-08

STEP 194 starts ...
STEP 194 ends. TIME = 9.7e-06 DT = 5e-08

STEP 195 starts ...
STEP 195 ends. TIME = 9.75e-06 DT = 5e-08

STEP 196 starts ...
STEP 196 ends. TIME = 9.8e-06 DT = 5e-08

STEP 197 starts ...
STEP 197 ends. TIME = 9.85e-06 DT = 5e-08

STEP 198 starts ...
STEP 198 ends. TIME = 9.9e-06 DT = 5e-08

STEP 199 starts ...
STEP 199 ends. TIME = 9.95e-06 DT = 5e-08

STEP 200 starts ...
STEP 200 ends. TIME = 1e-05 DT = 5e-08

STEP 201 starts ...
STEP 201 ends. TIME = 1.005e-05 DT = 5e-08

STEP 202 starts ...
STEP 202 ends. TIME = 1.01e-05 DT = 5e-08

STEP 203 starts ...
STEP 203 ends. TIME = 1.015e-05 DT = 5e-08

STEP 204 starts ...
STEP 204 ends. TIME = 1.02e-05 DT = 5e-08

STEP 205 starts ...
STEP 205 ends. TIME = 1.025e-05 DT = 5e-08

STEP 206 starts ...
STEP 206 ends. TIME = 1.03e-05 DT = 5e-08

STEP 207 starts ...
STEP 207 ends. TIME = 1.035e-05 DT = 5e-08

STEP 208 starts ...
STEP 208 ends. TIME = 1.04e-05 DT = 5e-08

STEP 209 starts ...
STEP 209 ends. TIME = 1.045e-05 DT = 5e-08

STEP 210 starts ...
STEP 210 ends. TIME = 1.05e-05 DT = 5e-08

STEP 211 starts ...
STEP 211 ends. TIME = 1.055e-05 DT = 5e-08

STEP 212 starts ...
STEP 212 ends. TIME = 1.06e-05 DT = 5e-08

STEP 213 starts ...
STEP 213 ends. TIME = 1.065e-05 DT = 5e-08

STEP 214 starts ...
STEP 214 ends. TIME = 1.07e-05 DT = 5e-08

STEP 215 starts ...
STEP 215 ends. TIME = 1.075e-05 DT = 5e-08

STEP 216 starts ...
STEP 216 ends. TIME = 1.08e-05 DT = 5e-08

STEP 217 starts ...
STEP 217 ends. TIME = 1.085e-05 DT = 5e-08

STEP 218 starts ...
STEP 218 ends. TIME = 1.09e-05 DT = 5e-08

STEP 219 starts ...
STEP 219 ends. TIME = 1.095e-05 DT = 5e-08

STEP 220 starts ...
STEP 220 ends. TIME = 1.1e-05 DT = 5e-08

STEP 221 starts ...
STEP 221 ends. TIME = 1.105e-05 DT = 5e-08

STEP 222 starts ...
STEP 222 ends. TIME = 1.11e-05 DT = 5e-08

STEP 223 starts ...
STEP 223 ends. TIME = 1.115e-05 DT = 5e-08

STEP 224 starts ...
STEP 224 ends. TIME = 1.12e-05 DT = 5e-08

STEP 225 starts ...
STEP 225 ends. TIME = 1.125e-05 DT = 5e-08

STEP 226 starts ...
STEP 226 ends. TIME = 1.13e-05 DT = 5e-08

STEP 227 starts ...
STEP 227 ends. TIME = 1.135e-05 DT = 5e-08

STEP 228 starts ...
STEP 228 ends. TIME = 1.14e-05 DT = 5e-08

STEP 229 starts ...
STEP 229 ends. TIME = 1.145e-05 DT = 5e-08

STEP 230 starts ...
STEP 230 ends. TIME = 1.15e-05 DT = 5e-08

STEP 231 starts ...
STEP 231 ends. TIME = 1.155e-05 DT = 5e-08

STEP 232 starts ...
STEP 232 ends. TIME = 1.16e-05 DT = 5e-08

STEP 233 starts ...
STEP 233 ends. TIME = 1.165e-05 DT = 5e-08

STEP 234 starts ...
STEP 234 ends. TIME = 1.17e-05 DT = 5e-08

STEP 235 starts ...
STEP 235 ends. TIME = 1.175e-05 DT = 5e-08

STEP 236 starts ...
STEP 236 ends. TIME = 1.18e-05 DT = 5e-08

STEP 237 starts ...
STEP 237 ends. TIME = 1.185e-05 DT = 5e-08

STEP 238 starts ...
STEP 238 ends. TIME = 1.19e-05 DT = 5e-08

STEP 239 starts ...
STEP 239 ends. TIME = 1.195e-05 DT = 5e-08

STEP 240 starts ...
STEP 240 ends. TIME = 1.2e-05 DT = 5e-08

STEP 241 starts ...
STEP 241 ends. TIME = 1.205e-05 DT = 5e-08

STEP 242 starts ...
STEP 242 ends. TIME = 1.21e-05 DT = 5e-08

STEP 243 starts ...
STEP 243 ends. TIME = 1.215e-05 DT = 5e-08

STEP 244 starts ...
STEP 244 ends. TIME = 1.22e-05 DT = 5e-08

STEP 245 starts ...
STEP 245 ends. TIME = 1.225e-05 DT = 5e-08

STEP 246 starts ...
STEP 246 ends. TIME = 1.23e-05 DT = 5e-08

STEP 247 starts ...
STEP 247 ends. TIME = 1.235e-05 DT = 5e-08

STEP 248 starts ...
STEP 248 ends. TIME = 1.24e-05 DT = 5e-08

STEP 249 starts ...
STEP 249 ends. TIME = 1.245e-05 DT = 5e-08

STEP 250 starts ...
STEP 250 ends. TIME = 1.25e-05 DT = 5e-08

STEP 251 starts ...
STEP 251 ends. TIME = 1.255e-05 DT = 5e-08

STEP 252 starts ...
STEP 252 ends. TIME = 1.26e-05 DT = 5e-08

STEP 253 starts ...
STEP 253 ends. TIME = 1.265e-05 DT = 5e-08

STEP 254 starts ...
STEP 254 ends. TIME = 1.27e-05 DT = 5e-08

STEP 255 starts ...
STEP 255 ends. TIME = 1.275e-05 DT = 5e-08

STEP 256 starts ...
STEP 256 ends. TIME = 1.28e-05 DT = 5e-08

STEP 257 starts ...
STEP 257 ends. TIME = 1.285e-05 DT = 5e-08

STEP 258 starts ...
STEP 258 ends. TIME = 1.29e-05 DT = 5e-08

STEP 259 starts ...
STEP 259 ends. TIME = 1.295e-05 DT = 5e-08

STEP 260 starts ...
STEP 260 ends. TIME = 1.3e-05 DT = 5e-08

STEP 261 starts ...
STEP 261 ends. TIME = 1.305e-05 DT = 5e-08

STEP 262 starts ...
STEP 262 ends. TIME = 1.31e-05 DT = 5e-08

STEP 263 starts ...
STEP 263 ends. TIME = 1.315e-05 DT = 5e-08

STEP 264 starts ...
STEP 264 ends. TIME = 1.32e-05 DT = 5e-08

STEP 265 starts ...
STEP 265 ends. TIME = 1.325e-05 DT = 5e-08

STEP 266 starts ...
STEP 266 ends. TIME = 1.33e-05 DT = 5e-08

STEP 267 starts ...
STEP 267 ends. TIME = 1.335e-05 DT = 5e-08

STEP 268 starts ...
STEP 268 ends. TIME = 1.34e-05 DT = 5e-08

STEP 269 starts ...
STEP 269 ends. TIME = 1.345e-05 DT = 5e-08

STEP 270 starts ...
STEP 270 ends. TIME = 1.35e-05 DT = 5e-08

STEP 271 starts ...
STEP 271 ends. TIME = 1.355e-05 DT = 5e-08

STEP 272 starts ...
STEP 272 ends. TIME = 1.36e-05 DT = 5e-08

STEP 273 starts ...
STEP 273 ends. TIME = 1.365e-05 DT = 5e-08

STEP 274 starts ...
STEP 274 ends. TIME = 1.37e-05 DT = 5e-08

STEP 275 starts ...
STEP 275 ends. TIME = 1.375e-05 DT = 5e-08

STEP 276 starts ...
STEP 276 ends. TIME = 1.38e-05 DT = 5e-08

STEP 277 starts ...
STEP 277 ends. TIME = 1.385e-05 DT = 5e-08

STEP 278 starts ...
STEP 278 ends. TIME = 1.39e-05 DT = 5e-08

STEP 279 starts ...
STEP 279 ends. TIME = 1.395e-05 DT = 5e-08

STEP 280 starts ...
STEP 280 ends. TIME = 1.4e-05 DT = 5e-08

STEP 281 starts ...
STEP 281 ends. TIME = 1.405e-05 DT = 5e-08

STEP 282 starts ...
STEP 282 ends. TIME = 1.41e-05 DT = 5e-08

STEP 283 starts ...
STEP 283 ends. TIME = 1.415e-05 DT = 5e-08

STEP 284 starts ...
STEP 284 ends. TIME = 1.42e-05 DT = 5e-08

STEP 285 starts ...
STEP 285 ends. TIME = 1.425e-05 DT = 5e-08

STEP 286 starts ...
STEP 286 ends. TIME = 1.43e-05 DT = 5e-08

STEP 287 starts ...
STEP 287 ends. TIME = 1.435e-05 DT = 5e-08

STEP 288 starts ...
STEP 288 ends. TIME = 1.44e-05 DT = 5e-08

STEP 289 starts ...
STEP 289 ends. TIME = 1.445e-05 DT = 5e-08

STEP 290 starts ...
STEP 290 ends. TIME = 1.45e-05 DT = 5e-08

STEP 291 starts ...
STEP 291 ends. TIME = 1.455e-05 DT = 5e-08

STEP 292 starts ...
STEP 292 ends. TIME = 1.46e-05 DT = 5e-08

STEP 293 starts ...
STEP 293 ends. TIME = 1.465e-05 DT = 5e-08

STEP 294 starts ...
STEP 294 ends. TIME = 1.47e-05 DT = 5e-08

STEP 295 starts ...
STEP 295 ends. TIME = 1.475e-05 DT = 5e-08

STEP 296 starts ...
STEP 296 ends. TIME = 1.48e-05 DT = 5e-08

STEP 297 starts ...
STEP 297 ends. TIME = 1.485e-05 DT = 5e-08

STEP 298 starts ...
STEP 298 ends. TIME = 1.49e-05 DT = 5e-08

STEP 299 starts ...
STEP 299 ends. TIME = 1.495e-05 DT = 5e-08

STEP 300 starts ...
STEP 300 ends. TIME = 1.5e-05 DT = 5e-08

STEP 301 starts ...
STEP 301 ends. TIME = 1.505e-05 DT = 5e-08

STEP 302 starts ...
STEP 302 ends. TIME = 1.51e-05 DT = 5e-08

STEP 303 starts ...
STEP 303 ends. TIME = 1.515e-05 DT = 5e-08

STEP 304 starts ...
STEP 304 ends. TIME = 1.52e-05 DT = 5e-08

STEP 305 starts ...
STEP 305 ends. TIME = 1.525e-05 DT = 5e-08

STEP 306 starts ...
STEP 306 ends. TIME = 1.53e-05 DT = 5e-08

STEP 307 starts ...
STEP 307 ends. TIME = 1.535e-05 DT = 5e-08

STEP 308 starts ...
STEP 308 ends. TIME = 1.54e-05 DT = 5e-08

STEP 309 starts ...
STEP 309 ends. TIME = 1.545e-05 DT = 5e-08

STEP 310 starts ...
STEP 310 ends. TIME = 1.55e-05 DT = 5e-08

STEP 311 starts ...
STEP 311 ends. TIME = 1.555e-05 DT = 5e-08

STEP 312 starts ...
STEP 312 ends. TIME = 1.56e-05 DT = 5e-08

STEP 313 starts ...
STEP 313 ends. TIME = 1.565e-05 DT = 5e-08

STEP 314 starts ...
STEP 314 ends. TIME = 1.57e-05 DT = 5e-08

STEP 315 starts ...
STEP 315 ends. TIME = 1.575e-05 DT = 5e-08

STEP 316 starts ...
STEP 316 ends. TIME = 1.58e-05 DT = 5e-08

STEP 317 starts ...
STEP 317 ends. TIME = 1.585e-05 DT = 5e-08

STEP 318 starts ...
STEP 318 ends. TIME = 1.59e-05 DT = 5e-08

STEP 319 starts ...
STEP 319 ends. TIME = 1.595e-05 DT = 5e-08

STEP 320 starts ...
STEP 320 ends. TIME = 1.6e-05 DT = 5e-08

STEP 321 starts ...
STEP 321 ends. TIME = 1.605e-05 DT = 5e-08

STEP 322 starts ...
STEP 322 ends. TIME = 1.61e-05 DT = 5e-08

STEP 323 starts ...
STEP 323 ends. TIME = 1.615e-05 DT = 5e-08

STEP 324 starts ...
STEP 324 ends. TIME = 1.62e-05 DT = 5e-08

STEP 325 starts ...
STEP 325 ends. TIME = 1.625e-05 DT = 5e-08

STEP 326 starts ...
STEP 326 ends. TIME = 1.63e-05 DT = 5e-08

STEP 327 starts ...
STEP 327 ends. TIME = 1.635e-05 DT = 5e-08

STEP 328 starts ...
STEP 328 ends. TIME = 1.64e-05 DT = 5e-08

STEP 329 starts ...
STEP 329 ends. TIME = 1.645e-05 DT = 5e-08

STEP 330 starts ...
STEP 330 ends. TIME = 1.65e-05 DT = 5e-08

STEP 331 starts ...
STEP 331 ends. TIME = 1.655e-05 DT = 5e-08

STEP 332 starts ...
STEP 332 ends. TIME = 1.66e-05 DT = 5e-08

STEP 333 starts ...
STEP 333 ends. TIME = 1.665e-05 DT = 5e-08

STEP 334 starts ...
STEP 334 ends. TIME = 1.67e-05 DT = 5e-08

STEP 335 starts ...
STEP 335 ends. TIME = 1.675e-05 DT = 5e-08

STEP 336 starts ...
STEP 336 ends. TIME = 1.68e-05 DT = 5e-08

STEP 337 starts ...
STEP 337 ends. TIME = 1.685e-05 DT = 5e-08

STEP 338 starts ...
STEP 338 ends. TIME = 1.69e-05 DT = 5e-08

STEP 339 starts ...
STEP 339 ends. TIME = 1.695e-05 DT = 5e-08

STEP 340 starts ...
STEP 340 ends. TIME = 1.7e-05 DT = 5e-08

STEP 341 starts ...
STEP 341 ends. TIME = 1.705e-05 DT = 5e-08

STEP 342 starts ...
STEP 342 ends. TIME = 1.71e-05 DT = 5e-08

STEP 343 starts ...
STEP 343 ends. TIME = 1.715e-05 DT = 5e-08

STEP 344 starts ...
STEP 344 ends. TIME = 1.72e-05 DT = 5e-08

STEP 345 starts ...
STEP 345 ends. TIME = 1.725e-05 DT = 5e-08

STEP 346 starts ...
STEP 346 ends. TIME = 1.73e-05 DT = 5e-08

STEP 347 starts ...
STEP 347 ends. TIME = 1.735e-05 DT = 5e-08

STEP 348 starts ...
STEP 348 ends. TIME = 1.74e-05 DT = 5e-08

STEP 349 starts ...
STEP 349 ends. TIME = 1.745e-05 DT = 5e-08

STEP 350 starts ...
STEP 350 ends. TIME = 1.75e-05 DT = 5e-08

STEP 351 starts ...
STEP 351 ends. TIME = 1.755e-05 DT = 5e-08

STEP 352 starts ...
STEP 352 ends. TIME = 1.76e-05 DT = 5e-08

STEP 353 starts ...
STEP 353 ends. TIME = 1.765e-05 DT = 5e-08

STEP 354 starts ...
STEP 354 ends. TIME = 1.77e-05 DT = 5e-08

STEP 355 starts ...
STEP 355 ends. TIME = 1.775e-05 DT = 5e-08

STEP 356 starts ...
STEP 356 ends. TIME = 1.78e-05 DT = 5e-08

STEP 357 starts ...
STEP 357 ends. TIME = 1.785e-05 DT = 5e-08

STEP 358 starts ...
STEP 358 ends. TIME = 1.79e-05 DT = 5e-08

STEP 359 starts ...
STEP 359 ends. TIME = 1.795e-05 DT = 5e-08

STEP 360 starts ...
STEP 360 ends. TIME = 1.8e-05 DT = 5e-08

STEP 361 starts ...
STEP 361 ends. TIME = 1.805e-05 DT = 5e-08

STEP 362 starts ...
STEP 362 ends. TIME = 1.81e-05 DT = 5e-08

STEP 363 starts ...
STEP 363 ends. TIME = 1.815e-05 DT = 5e-08

STEP 364 starts ...
STEP 364 ends. TIME = 1.82e-05 DT = 5e-08

STEP 365 starts ...
STEP 365 ends. TIME = 1.825e-05 DT = 5e-08

STEP 366 starts ...
STEP 366 ends. TIME = 1.83e-05 DT = 5e-08

STEP 367 starts ...
STEP 367 ends. TIME = 1.835e-05 DT = 5e-08

STEP 368 starts ...
STEP 368 ends. TIME = 1.84e-05 DT = 5e-08

STEP 369 starts ...
STEP 369 ends. TIME = 1.845e-05 DT = 5e-08

STEP 370 starts ...
STEP 370 ends. TIME = 1.85e-05 DT = 5e-08

STEP 371 starts ...
STEP 371 ends. TIME = 1.855e-05 DT = 5e-08

STEP 372 starts ...
STEP 372 ends. TIME = 1.86e-05 DT = 5e-08

STEP 373 starts ...
STEP 373 ends. TIME = 1.865e-05 DT = 5e-08

STEP 374 starts ...
STEP 374 ends. TIME = 1.87e-05 DT = 5e-08

STEP 375 starts ...
STEP 375 ends. TIME = 1.875e-05 DT = 5e-08

STEP 376 starts ...
STEP 376 ends. TIME = 1.88e-05 DT = 5e-08

STEP 377 starts ...
STEP 377 ends. TIME = 1.885e-05 DT = 5e-08

STEP 378 starts ...
STEP 378 ends. TIME = 1.89e-05 DT = 5e-08

STEP 379 starts ...
STEP 379 ends. TIME = 1.895e-05 DT = 5e-08

STEP 380 starts ...
STEP 380 ends. TIME = 1.9e-05 DT = 5e-08

STEP 381 starts ...
STEP 381 ends. TIME = 1.905e-05 DT = 5e-08

STEP 382 starts ...
STEP 382 ends. TIME = 1.91e-05 DT = 5e-08

STEP 383 starts ...
STEP 383 ends. TIME = 1.915e-05 DT = 5e-08

STEP 384 starts ...
STEP 384 ends. TIME = 1.92e-05 DT = 5e-08

STEP 385 starts ...
STEP 385 ends. TIME = 1.925e-05 DT = 5e-08

STEP 386 starts ...
STEP 386 ends. TIME = 1.93e-05 DT = 5e-08

STEP 387 starts ...
STEP 387 ends. TIME = 1.935e-05 DT = 5e-08

STEP 388 starts ...
STEP 388 ends. TIME = 1.94e-05 DT = 5e-08

STEP 389 starts ...
STEP 389 ends. TIME = 1.945e-05 DT = 5e-08

STEP 390 starts ...
STEP 390 ends. TIME = 1.95e-05 DT = 5e-08

STEP 391 starts ...
STEP 391 ends. TIME = 1.955e-05 DT = 5e-08

STEP 392 starts ...
STEP 392 ends. TIME = 1.96e-05 DT = 5e-08

STEP 393 starts ...
STEP 393 ends. TIME = 1.965e-05 DT = 5e-08

STEP 394 starts ...
STEP 394 ends. TIME = 1.97e-05 DT = 5e-08

STEP 395 starts ...
STEP 395 ends. TIME = 1.975e-05 DT = 5e-08

STEP 396 starts ...
STEP 396 ends. TIME = 1.98e-05 DT = 5e-08

STEP 397 starts ...
STEP 397 ends. TIME = 1.985e-05 DT = 5e-08

STEP 398 starts ...
STEP 398 ends. TIME = 1.99e-05 DT = 5e-08

STEP 399 starts ...
STEP 399 ends. TIME = 1.995e-05 DT = 5e-08

STEP 400 starts ...
STEP 400 ends. TIME = 2e-05 DT = 5e-08

STEP 401 starts ...
STEP 401 ends. TIME = 2.005e-05 DT = 5e-08

STEP 402 starts ...
STEP 402 ends. TIME = 2.01e-05 DT = 5e-08

STEP 403 starts ...
STEP 403 ends. TIME = 2.015e-05 DT = 5e-08

STEP 404 starts ...
STEP 404 ends. TIME = 2.02e-05 DT = 5e-08

STEP 405 starts ...
STEP 405 ends. TIME = 2.025e-05 DT = 5e-08

STEP 406 starts ...
STEP 406 ends. TIME = 2.03e-05 DT = 5e-08

STEP 407 starts ...
STEP 407 ends. TIME = 2.035e-05 DT = 5e-08

STEP 408 starts ...
STEP 408 ends. TIME = 2.04e-05 DT = 5e-08

STEP 409 starts ...
STEP 409 ends. TIME = 2.045e-05 DT = 5e-08

STEP 410 starts ...
STEP 410 ends. TIME = 2.05e-05 DT = 5e-08

STEP 411 starts ...
STEP 411 ends. TIME = 2.055e-05 DT = 5e-08

STEP 412 starts ...
STEP 412 ends. TIME = 2.06e-05 DT = 5e-08

STEP 413 starts ...
STEP 413 ends. TIME = 2.065e-05 DT = 5e-08

STEP 414 starts ...
STEP 414 ends. TIME = 2.07e-05 DT = 5e-08

STEP 415 starts ...
STEP 415 ends. TIME = 2.075e-05 DT = 5e-08

STEP 416 starts ...
STEP 416 ends. TIME = 2.08e-05 DT = 5e-08

STEP 417 starts ...
STEP 417 ends. TIME = 2.085e-05 DT = 5e-08

STEP 418 starts ...
STEP 418 ends. TIME = 2.09e-05 DT = 5e-08

STEP 419 starts ...
STEP 419 ends. TIME = 2.095e-05 DT = 5e-08

STEP 420 starts ...
STEP 420 ends. TIME = 2.1e-05 DT = 5e-08

STEP 421 starts ...
STEP 421 ends. TIME = 2.105e-05 DT = 5e-08

STEP 422 starts ...
STEP 422 ends. TIME = 2.11e-05 DT = 5e-08

STEP 423 starts ...
STEP 423 ends. TIME = 2.115e-05 DT = 5e-08

STEP 424 starts ...
STEP 424 ends. TIME = 2.12e-05 DT = 5e-08

STEP 425 starts ...
STEP 425 ends. TIME = 2.125e-05 DT = 5e-08

STEP 426 starts ...
STEP 426 ends. TIME = 2.13e-05 DT = 5e-08

STEP 427 starts ...
STEP 427 ends. TIME = 2.135e-05 DT = 5e-08

STEP 428 starts ...
STEP 428 ends. TIME = 2.14e-05 DT = 5e-08

STEP 429 starts ...
STEP 429 ends. TIME = 2.145e-05 DT = 5e-08

STEP 430 starts ...
STEP 430 ends. TIME = 2.15e-05 DT = 5e-08

STEP 431 starts ...
STEP 431 ends. TIME = 2.155e-05 DT = 5e-08

STEP 432 starts ...
STEP 432 ends. TIME = 2.16e-05 DT = 5e-08

STEP 433 starts ...
STEP 433 ends. TIME = 2.165e-05 DT = 5e-08

STEP 434 starts ...
STEP 434 ends. TIME = 2.17e-05 DT = 5e-08

STEP 435 starts ...
STEP 435 ends. TIME = 2.175e-05 DT = 5e-08

STEP 436 starts ...
STEP 436 ends. TIME = 2.18e-05 DT = 5e-08

STEP 437 starts ...
STEP 437 ends. TIME = 2.185e-05 DT = 5e-08

STEP 438 starts ...
STEP 438 ends. TIME = 2.19e-05 DT = 5e-08

STEP 439 starts ...
STEP 439 ends. TIME = 2.195e-05 DT = 5e-08

STEP 440 starts ...
STEP 440 ends. TIME = 2.2e-05 DT = 5e-08

STEP 441 starts ...
STEP 441 ends. TIME = 2.205e-05 DT = 5e-08

STEP 442 starts ...
STEP 442 ends. TIME = 2.21e-05 DT = 5e-08

STEP 443 starts ...
STEP 443 ends. TIME = 2.215e-05 DT = 5e-08

STEP 444 starts ...
STEP 444 ends. TIME = 2.22e-05 DT = 5e-08

STEP 445 starts ...
STEP 445 ends. TIME = 2.225e-05 DT = 5e-08

STEP 446 starts ...
STEP 446 ends. TIME = 2.23e-05 DT = 5e-08

STEP 447 starts ...
STEP 447 ends. TIME = 2.235e-05 DT = 5e-08

STEP 448 starts ...
STEP 448 ends. TIME = 2.24e-05 DT = 5e-08

STEP 449 starts ...
STEP 449 ends. TIME = 2.245e-05 DT = 5e-08

STEP 450 starts ...
STEP 450 ends. TIME = 2.25e-05 DT = 5e-08

STEP 451 starts ...
STEP 451 ends. TIME = 2.255e-05 DT = 5e-08

STEP 452 starts ...
STEP 452 ends. TIME = 2.26e-05 DT = 5e-08

STEP 453 starts ...
STEP 453 ends. TIME = 2.265e-05 DT = 5e-08

STEP 454 starts ...
STEP 454 ends. TIME = 2.27e-05 DT = 5e-08

STEP 455 starts ...
STEP 455 ends. TIME = 2.275e-05 DT = 5e-08

STEP 456 starts ...
STEP 456 ends. TIME = 2.28e-05 DT = 5e-08

STEP 457 starts ...
STEP 457 ends. TIME = 2.285e-05 DT = 5e-08

STEP 458 starts ...
STEP 458 ends. TIME = 2.29e-05 DT = 5e-08

STEP 459 starts ...
STEP 459 ends. TIME = 2.295e-05 DT = 5e-08

STEP 460 starts ...
STEP 460 ends. TIME = 2.3e-05 DT = 5e-08

STEP 461 starts ...
STEP 461 ends. TIME = 2.305e-05 DT = 5e-08

STEP 462 starts ...
STEP 462 ends. TIME = 2.31e-05 DT = 5e-08

STEP 463 starts ...
STEP 463 ends. TIME = 2.315e-05 DT = 5e-08

STEP 464 starts ...
STEP 464 ends. TIME = 2.32e-05 DT = 5e-08

STEP 465 starts ...
STEP 465 ends. TIME = 2.325e-05 DT = 5e-08

STEP 466 starts ...
STEP 466 ends. TIME = 2.33e-05 DT = 5e-08

STEP 467 starts ...
STEP 467 ends. TIME = 2.335e-05 DT = 5e-08

STEP 468 starts ...
STEP 468 ends. TIME = 2.34e-05 DT = 5e-08

STEP 469 starts ...
STEP 469 ends. TIME = 2.345e-05 DT = 5e-08

STEP 470 starts ...
STEP 470 ends. TIME = 2.35e-05 DT = 5e-08

STEP 471 starts ...
STEP 471 ends. TIME = 2.355e-05 DT = 5e-08

STEP 472 starts ...
STEP 472 ends. TIME = 2.36e-05 DT = 5e-08

STEP 473 starts ...
STEP 473 ends. TIME = 2.365e-05 DT = 5e-08

STEP 474 starts ...
STEP 474 ends. TIME = 2.37e-05 DT = 5e-08

STEP 475 starts ...
STEP 475 ends. TIME = 2.375e-05 DT = 5e-08

STEP 476 starts ...
STEP 476 ends. TIME = 2.38e-05 DT = 5e-08

STEP 477 starts ...
STEP 477 ends. TIME = 2.385e-05 DT = 5e-08

STEP 478 starts ...
STEP 478 ends. TIME = 2.39e-05 DT = 5e-08

STEP 479 starts ...
STEP 479 ends. TIME = 2.395e-05 DT = 5e-08

STEP 480 starts ...
STEP 480 ends. TIME = 2.4e-05 DT = 5e-08

STEP 481 starts ...
STEP 481 ends. TIME = 2.405e-05 DT = 5e-08

STEP 482 starts ...
STEP 482 ends. TIME = 2.41e-05 DT = 5e-08

STEP 483 starts ...
STEP 483 ends. TIME = 2.415e-05 DT = 5e-08

STEP 484 starts ...
STEP 484 ends. TIME = 2.42e-05 DT = 5e-08

STEP 485 starts ...
STEP 485 ends. TIME = 2.425e-05 DT = 5e-08

STEP 486 starts ...
STEP 486 ends. TIME = 2.43e-05 DT = 5e-08

STEP 487 starts ...
STEP 487 ends. TIME = 2.435e-05 DT = 5e-08

STEP 488 starts ...
STEP 488 ends. TIME = 2.44e-05 DT = 5e-08

STEP 489 starts ...
STEP 489 ends. TIME = 2.445e-05 DT = 5e-08

STEP 490 starts ...
STEP 490 ends. TIME = 2.45e-05 DT = 5e-08

STEP 491 starts ...
STEP 491 ends. TIME = 2.455e-05 DT = 5e-08

STEP 492 starts ...
STEP 492 ends. TIME = 2.46e-05 DT = 5e-08

STEP 493 starts ...
STEP 493 ends. TIME = 2.465e-05 DT = 5e-08

STEP 494 starts ...
STEP 494 ends. TIME = 2.47e-05 DT = 5e-08

STEP 495 starts ...
STEP 495 ends. TIME = 2.475e-05 DT = 5e-08

STEP 496 starts ...
STEP 496 ends. TIME = 2.48e-05 DT = 5e-08

STEP 497 starts ...
STEP 497 ends. TIME = 2.485e-05 DT = 5e-08

STEP 498 starts ...
STEP 498 ends. TIME = 2.49e-05 DT = 5e-08

STEP 499 starts ...
STEP 499 ends. TIME = 2.495e-05 DT = 5e-08

STEP 500 starts ...
STEP 500 ends. TIME = 2.5e-05 DT = 5e-08

STEP 501 starts ...
STEP 501 ends. TIME = 2.505e-05 DT = 5e-08

STEP 502 starts ...
STEP 502 ends. TIME = 2.51e-05 DT = 5e-08

STEP 503 starts ...
STEP 503 ends. TIME = 2.515e-05 DT = 5e-08

STEP 504 starts ...
STEP 504 ends. TIME = 2.52e-05 DT = 5e-08

STEP 505 starts ...
STEP 505 ends. TIME = 2.525e-05 DT = 5e-08

STEP 506 starts ...
STEP 506 ends. TIME = 2.53e-05 DT = 5e-08

STEP 507 starts ...
STEP 507 ends. TIME = 2.535e-05 DT = 5e-08

STEP 508 starts ...
STEP 508 ends. TIME = 2.54e-05 DT = 5e-08

STEP 509 starts ...
STEP 509 ends. TIME = 2.545e-05 DT = 5e-08

STEP 510 starts ...
STEP 510 ends. TIME = 2.55e-05 DT = 5e-08

STEP 511 starts ...
STEP 511 ends. TIME = 2.555e-05 DT = 5e-08

STEP 512 starts ...
STEP 512 ends. TIME = 2.56e-05 DT = 5e-08

STEP 513 starts ...
STEP 513 ends. TIME = 2.565e-05 DT = 5e-08

STEP 514 starts ...
STEP 514 ends. TIME = 2.57e-05 DT = 5e-08

STEP 515 starts ...
STEP 515 ends. TIME = 2.575e-05 DT = 5e-08

STEP 516 starts ...
STEP 516 ends. TIME = 2.58e-05 DT = 5e-08

STEP 517 starts ...
STEP 517 ends. TIME = 2.585e-05 DT = 5e-08

STEP 518 starts ...
STEP 518 ends. TIME = 2.59e-05 DT = 5e-08

STEP 519 starts ...
STEP 519 ends. TIME = 2.595e-05 DT = 5e-08

STEP 520 starts ...
STEP 520 ends. TIME = 2.6e-05 DT = 5e-08

STEP 521 starts ...
STEP 521 ends. TIME = 2.605e-05 DT = 5e-08

STEP 522 starts ...
STEP 522 ends. TIME = 2.61e-05 DT = 5e-08

STEP 523 starts ...
STEP 523 ends. TIME = 2.615e-05 DT = 5e-08

STEP 524 starts ...
STEP 524 ends. TIME = 2.62e-05 DT = 5e-08

STEP 525 starts ...
STEP 525 ends. TIME = 2.625e-05 DT = 5e-08

STEP 526 starts ...
STEP 526 ends. TIME = 2.63e-05 DT = 5e-08

STEP 527 starts ...
STEP 527 ends. TIME = 2.635e-05 DT = 5e-08

STEP 528 starts ...
STEP 528 ends. TIME = 2.64e-05 DT = 5e-08

STEP 529 starts ...
STEP 529 ends. TIME = 2.645e-05 DT = 5e-08

STEP 530 starts ...
STEP 530 ends. TIME = 2.65e-05 DT = 5e-08

STEP 531 starts ...
STEP 531 ends. TIME = 2.655e-05 DT = 5e-08

STEP 532 starts ...
STEP 532 ends. TIME = 2.66e-05 DT = 5e-08

STEP 533 starts ...
STEP 533 ends. TIME = 2.665e-05 DT = 5e-08

STEP 534 starts ...
STEP 534 ends. TIME = 2.67e-05 DT = 5e-08

STEP 535 starts ...
STEP 535 ends. TIME = 2.675e-05 DT = 5e-08

STEP 536 starts ...
STEP 536 ends. TIME = 2.68e-05 DT = 5e-08

STEP 537 starts ...
STEP 537 ends. TIME = 2.685e-05 DT = 5e-08

STEP 538 starts ...
STEP 538 ends. TIME = 2.69e-05 DT = 5e-08

STEP 539 starts ...
STEP 539 ends. TIME = 2.695e-05 DT = 5e-08

STEP 540 starts ...
STEP 540 ends. TIME = 2.7e-05 DT = 5e-08

STEP 541 starts ...
STEP 541 ends. TIME = 2.705e-05 DT = 5e-08

STEP 542 starts ...
STEP 542 ends. TIME = 2.71e-05 DT = 5e-08

STEP 543 starts ...
STEP 543 ends. TIME = 2.715e-05 DT = 5e-08

STEP 544 starts ...
STEP 544 ends. TIME = 2.72e-05 DT = 5e-08

STEP 545 starts ...
STEP 545 ends. TIME = 2.725e-05 DT = 5e-08

STEP 546 starts ...
STEP 546 ends. TIME = 2.73e-05 DT = 5e-08

STEP 547 starts ...
STEP 547 ends. TIME = 2.735e-05 DT = 5e-08

STEP 548 starts ...
STEP 548 ends. TIME = 2.74e-05 DT = 5e-08

STEP 549 starts ...
STEP 549 ends. TIME = 2.745e-05 DT = 5e-08

STEP 550 starts ...
STEP 550 ends. TIME = 2.75e-05 DT = 5e-08

STEP 551 starts ...
STEP 551 ends. TIME = 2.755e-05 DT = 5e-08

STEP 552 starts ...
STEP 552 ends. TIME = 2.76e-05 DT = 5e-08

STEP 553 starts ...
STEP 553 ends. TIME = 2.765e-05 DT = 5e-08

STEP 554 starts ...
STEP 554 ends. TIME = 2.77e-05 DT = 5e-08

STEP 555 starts ...
STEP 555 ends. TIME = 2.775e-05 DT = 5e-08

STEP 556 starts ...
STEP 556 ends. TIME = 2.78e-05 DT = 5e-08

STEP 557 starts ...
STEP 557 ends. TIME = 2.785e-05 DT = 5e-08

STEP 558 starts ...
STEP 558 ends. TIME = 2.79e-05 DT = 5e-08

STEP 559 starts ...
STEP 559 ends. TIME = 2.795e-05 DT = 5e-08

STEP 560 starts ...
STEP 560 ends. TIME = 2.8e-05 DT = 5e-08

STEP 561 starts ...
STEP 561 ends. TIME = 2.805e-05 DT = 5e-08

STEP 562 starts ...
STEP 562 ends. TIME = 2.81e-05 DT = 5e-08

STEP 563 starts ...
STEP 563 ends. TIME = 2.815e-05 DT = 5e-08

STEP 564 starts ...
STEP 564 ends. TIME = 2.82e-05 DT = 5e-08

STEP 565 starts ...
STEP 565 ends. TIME = 2.825e-05 DT = 5e-08

STEP 566 starts ...
STEP 566 ends. TIME = 2.83e-05 DT = 5e-08

STEP 567 starts ...
STEP 567 ends. TIME = 2.835e-05 DT = 5e-08

STEP 568 starts ...
STEP 568 ends. TIME = 2.84e-05 DT = 5e-08

STEP 569 starts ...
STEP 569 ends. TIME = 2.845e-05 DT = 5e-08

STEP 570 starts ...
STEP 570 ends. TIME = 2.85e-05 DT = 5e-08

STEP 571 starts ...
STEP 571 ends. TIME = 2.855e-05 DT = 5e-08

STEP 572 starts ...
STEP 572 ends. TIME = 2.86e-05 DT = 5e-08

STEP 573 starts ...
STEP 573 ends. TIME = 2.865e-05 DT = 5e-08

STEP 574 starts ...
STEP 574 ends. TIME = 2.87e-05 DT = 5e-08

STEP 575 starts ...
STEP 575 ends. TIME = 2.875e-05 DT = 5e-08

STEP 576 starts ...
STEP 576 ends. TIME = 2.88e-05 DT = 5e-08

STEP 577 starts ...
STEP 577 ends. TIME = 2.885e-05 DT = 5e-08

STEP 578 starts ...
STEP 578 ends. TIME = 2.89e-05 DT = 5e-08

STEP 579 starts ...
STEP 579 ends. TIME = 2.895e-05 DT = 5e-08

STEP 580 starts ...
STEP 580 ends. TIME = 2.9e-05 DT = 5e-08

STEP 581 starts ...
STEP 581 ends. TIME = 2.905e-05 DT = 5e-08

STEP 582 starts ...
STEP 582 ends. TIME = 2.91e-05 DT = 5e-08

STEP 583 starts ...
STEP 583 ends. TIME = 2.915e-05 DT = 5e-08

STEP 584 starts ...
STEP 584 ends. TIME = 2.92e-05 DT = 5e-08

STEP 585 starts ...
STEP 585 ends. TIME = 2.925e-05 DT = 5e-08

STEP 586 starts ...
STEP 586 ends. TIME = 2.93e-05 DT = 5e-08

STEP 587 starts ...
STEP 587 ends. TIME = 2.935e-05 DT = 5e-08

STEP 588 starts ...
STEP 588 ends. TIME = 2.94e-05 DT = 5e-08

STEP 589 starts ...
STEP 589 ends. TIME = 2.945e-05 DT = 5e-08

STEP 590 starts ...
STEP 590 ends. TIME = 2.95e-05 DT = 5e-08

STEP 591 starts ...
STEP 591 ends. TIME = 2.955e-05 DT = 5e-08

STEP 592 starts ...
STEP 592 ends. TIME = 2.96e-05 DT = 5e-08

STEP 593 starts ...
STEP 593 ends. TIME = 2.965e-05 DT = 5e-08

STEP 594 starts ...
STEP 594 ends. TIME = 2.97e-05 DT = 5e-08

STEP 595 starts ...
STEP 595 ends. TIME = 2.975e-05 DT = 5e-08

STEP 596 starts ...
STEP 596 ends. TIME = 2.98e-05 DT = 5e-08

STEP 597 starts ...
STEP 597 ends. TIME = 2.985e-05 DT = 5e-08

STEP 598 starts ...
STEP 598 ends. TIME = 2.99e-05 DT = 5e-08

STEP 599 starts ...
STEP 599 ends. TIME = 2.995e-05 DT = 5e-08

STEP 600 starts ...
STEP 600 ends. TIME = 3e-05 DT = 5e-08

STEP 601 starts ...
STEP 601 ends. TIME = 3.005e-05 DT = 5e-08

STEP 602 starts ...
STEP 602 ends. TIME = 3.01e-05 DT = 5e-08

STEP 603 starts ...
STEP 603 ends. TIME = 3.015e-05 DT = 5e-08

STEP 604 starts ...
STEP 604 ends. TIME = 3.02e-05 DT = 5e-08

STEP 605 starts ...
STEP 605 ends. TIME = 3.025e-05 DT = 5e-08

STEP 606 starts ...
STEP 606 ends. TIME = 3.03e-05 DT = 5e-08

STEP 607 starts ...
STEP 607 ends. TIME = 3.035e-05 DT = 5e-08

STEP 608 starts ...
STEP 608 ends. TIME = 3.04e-05 DT = 5e-08

STEP 609 starts ...
STEP 609 ends. TIME = 3.045e-05 DT = 5e-08

STEP 610 starts ...
STEP 610 ends. TIME = 3.05e-05 DT = 5e-08

STEP 611 starts ...
STEP 611 ends. TIME = 3.055e-05 DT = 5e-08

STEP 612 starts ...
STEP 612 ends. TIME = 3.06e-05 DT = 5e-08

STEP 613 starts ...
STEP 613 ends. TIME = 3.065e-05 DT = 5e-08

STEP 614 starts ...
STEP 614 ends. TIME = 3.07e-05 DT = 5e-08

STEP 615 starts ...
STEP 615 ends. TIME = 3.075e-05 DT = 5e-08

STEP 616 starts ...
STEP 616 ends. TIME = 3.08e-05 DT = 5e-08

STEP 617 starts ...
STEP 617 ends. TIME = 3.085e-05 DT = 5e-08

STEP 618 starts ...
STEP 618 ends. TIME = 3.09e-05 DT = 5e-08

STEP 619 starts ...
STEP 619 ends. TIME = 3.095e-05 DT = 5e-08

STEP 620 starts ...
STEP 620 ends. TIME = 3.1e-05 DT = 5e-08

STEP 621 starts ...
STEP 621 ends. TIME = 3.105e-05 DT = 5e-08

STEP 622 starts ...
STEP 622 ends. TIME = 3.11e-05 DT = 5e-08

STEP 623 starts ...
STEP 623 ends. TIME = 3.115e-05 DT = 5e-08

STEP 624 starts ...
STEP 624 ends. TIME = 3.12e-05 DT = 5e-08

STEP 625 starts ...
STEP 625 ends. TIME = 3.125e-05 DT = 5e-08

STEP 626 starts ...
STEP 626 ends. TIME = 3.13e-05 DT = 5e-08

STEP 627 starts ...
STEP 627 ends. TIME = 3.135e-05 DT = 5e-08

STEP 628 starts ...
STEP 628 ends. TIME = 3.14e-05 DT = 5e-08

STEP 629 starts ...
STEP 629 ends. TIME = 3.145e-05 DT = 5e-08

STEP 630 starts ...
STEP 630 ends. TIME = 3.15e-05 DT = 5e-08

STEP 631 starts ...
STEP 631 ends. TIME = 3.155e-05 DT = 5e-08

STEP 632 starts ...
STEP 632 ends. TIME = 3.16e-05 DT = 5e-08

STEP 633 starts ...
STEP 633 ends. TIME = 3.165e-05 DT = 5e-08

STEP 634 starts ...
STEP 634 ends. TIME = 3.17e-05 DT = 5e-08

STEP 635 starts ...
STEP 635 ends. TIME = 3.175e-05 DT = 5e-08

STEP 636 starts ...
STEP 636 ends. TIME = 3.18e-05 DT = 5e-08

STEP 637 starts ...
STEP 637 ends. TIME = 3.185e-05 DT = 5e-08

STEP 638 starts ...
STEP 638 ends. TIME = 3.19e-05 DT = 5e-08

STEP 639 starts ...
STEP 639 ends. TIME = 3.195e-05 DT = 5e-08

STEP 640 starts ...
STEP 640 ends. TIME = 3.2e-05 DT = 5e-08

STEP 641 starts ...
STEP 641 ends. TIME = 3.205e-05 DT = 5e-08

STEP 642 starts ...
STEP 642 ends. TIME = 3.21e-05 DT = 5e-08

STEP 643 starts ...
STEP 643 ends. TIME = 3.215e-05 DT = 5e-08

STEP 644 starts ...
STEP 644 ends. TIME = 3.22e-05 DT = 5e-08

STEP 645 starts ...
STEP 645 ends. TIME = 3.225e-05 DT = 5e-08

STEP 646 starts ...
STEP 646 ends. TIME = 3.23e-05 DT = 5e-08

STEP 647 starts ...
STEP 647 ends. TIME = 3.235e-05 DT = 5e-08

STEP 648 starts ...
STEP 648 ends. TIME = 3.24e-05 DT = 5e-08

STEP 649 starts ...
STEP 649 ends. TIME = 3.245e-05 DT = 5e-08

STEP 650 starts ...
STEP 650 ends. TIME = 3.25e-05 DT = 5e-08

STEP 651 starts ...
STEP 651 ends. TIME = 3.255e-05 DT = 5e-08

STEP 652 starts ...
STEP 652 ends. TIME = 3.26e-05 DT = 5e-08

STEP 653 starts ...
STEP 653 ends. TIME = 3.265e-05 DT = 5e-08

STEP 654 starts ...
STEP 654 ends. TIME = 3.27e-05 DT = 5e-08

STEP 655 starts ...
STEP 655 ends. TIME = 3.275e-05 DT = 5e-08

STEP 656 starts ...
STEP 656 ends. TIME = 3.28e-05 DT = 5e-08

STEP 657 starts ...
STEP 657 ends. TIME = 3.285e-05 DT = 5e-08

STEP 658 starts ...
STEP 658 ends. TIME = 3.29e-05 DT = 5e-08

STEP 659 starts ...
STEP 659 ends. TIME = 3.295e-05 DT = 5e-08

STEP 660 starts ...
STEP 660 ends. TIME = 3.3e-05 DT = 5e-08

STEP 661 starts ...
STEP 661 ends. TIME = 3.305e-05 DT = 5e-08

STEP 662 starts ...
STEP 662 ends. TIME = 3.31e-05 DT = 5e-08

STEP 663 starts ...
STEP 663 ends. TIME = 3.315e-05 DT = 5e-08

STEP 664 starts ...
STEP 664 ends. TIME = 3.32e-05 DT = 5e-08

STEP 665 starts ...
STEP 665 ends. TIME = 3.325e-05 DT = 5e-08

STEP 666 starts ...
STEP 666 ends. TIME = 3.33e-05 DT = 5e-08

STEP 667 starts ...
STEP 667 ends. TIME = 3.335e-05 DT = 5e-08

STEP 668 starts ...
STEP 668 ends. TIME = 3.34e-05 DT = 5e-08

STEP 669 starts ...
STEP 669 ends. TIME = 3.345e-05 DT = 5e-08

STEP 670 starts ...
STEP 670 ends. TIME = 3.35e-05 DT = 5e-08

STEP 671 starts ...
STEP 671 ends. TIME = 3.355e-05 DT = 5e-08

STEP 672 starts ...
STEP 672 ends. TIME = 3.36e-05 DT = 5e-08

STEP 673 starts ...
STEP 673 ends. TIME = 3.365e-05 DT = 5e-08

STEP 674 starts ...
STEP 674 ends. TIME = 3.37e-05 DT = 5e-08

STEP 675 starts ...
STEP 675 ends. TIME = 3.375e-05 DT = 5e-08

STEP 676 starts ...
STEP 676 ends. TIME = 3.38e-05 DT = 5e-08

STEP 677 starts ...
STEP 677 ends. TIME = 3.385e-05 DT = 5e-08

STEP 678 starts ...
STEP 678 ends. TIME = 3.39e-05 DT = 5e-08

STEP 679 starts ...
STEP 679 ends. TIME = 3.395e-05 DT = 5e-08

STEP 680 starts ...
STEP 680 ends. TIME = 3.4e-05 DT = 5e-08

STEP 681 starts ...
STEP 681 ends. TIME = 3.405e-05 DT = 5e-08

STEP 682 starts ...
STEP 682 ends. TIME = 3.41e-05 DT = 5e-08

STEP 683 starts ...
STEP 683 ends. TIME = 3.415e-05 DT = 5e-08

STEP 684 starts ...
STEP 684 ends. TIME = 3.42e-05 DT = 5e-08

STEP 685 starts ...
STEP 685 ends. TIME = 3.425e-05 DT = 5e-08

STEP 686 starts ...
STEP 686 ends. TIME = 3.43e-05 DT = 5e-08

STEP 687 starts ...
