0.000676919 9.96253e-05 4.96046e-05 7.89414e-06
0.000569287 4.99742e-05 7.44017e-06 8.65737e-06
0.000382067 2.24645e-05 7.83008e-05 3.93122e-06
0.000100895 5.4139e-05 6.68324e-05 5.89665e-06
0.000231684 2.37498e-05 6.07768e-05 1.31912e-05
0.000493088 7.48371e-05 1.19305e-05 2.305e-05
0.000766343 8.28725e-05 7.75762e-06 1.33785e-05
0.000376929 6.75181e-05 2.8017e-05 3.38778e-06
0.000390333 8.99211e-05 8.15687e-05 2.32202e-06
0.000432995 1.86312e-05 1.08801e-05 6.30827e-06
0.000368408 2.48279e-05 5.42151e-05 5.26855e-06
0.000380816 4.73755e-05 7.49855e-06 3.90655e-06
0.000168202 4.33591e-05 1.67079e-05 3.3504e-06
9.92975e-05 6.40729e-05 3.24222e-05 8.4787e-06
0.00092842 7.92582e-05 1.04211e-05 9.18773e-06
0.000566591 1.99601e-05 2.8188e-05 5.16632e-06
0.000521614 5.10693e-06 7.09859e-05 3.2075e-06
0.000377121 4.30296e-05 9.81792e-05 4.79397e-06
0.00050439 8.99345e-05 9.03358e-05 1.29824e-05
0.0006335 3.49927e-05 3.85479e-05 4.74578e-06
0.000339795 7.85791e-05 1.96211e-05 2.93826e-06
0.000369026 6.50236e-05 1.69551e-05 8.6089e-06
0.000112027 3.82756e-05 1.37553e-05 2.28624e-06
0.000518107 4.04807e-05 8.14832e-07 5.46777e-06
0.000622037 6.0712e-06 4.19233e-05 8.15956e-06
0.000467349 5.01609e-06 7.08816e-05 2.54004e-05
5.05839e-05 4.4387e-05 8.78853e-05 5.9886e-06
0.000311729 5.98442e-05 2.66254e-05 5.33042e-06
0.000492394 5.00113e-05 7.3637e-05 4.03903e-06
0.000235561 1.84026e-05 4.40563e-06 5.50124e-06
0.000323485 9.12736e-05 7.86796e-05 4.10271e-06
0.000978215 1.34961e-05 6.06309e-05 7.68131e-06
0.000584013 6.63906e-05 6.73683e-05 1.10307e-05
0.000340035 7.5074e-05 5.28731e-05 8.15464e-06
0.00078878 2.30581e-05 6.62053e-05 7.98675e-06
0.000270965 7.10888e-05 2.09026e-06 1.30806e-05
0.000718157 6.01542e-05 8.36138e-05 5.06424e-06
0.000208186 5.70798e-05 3.97394e-05 8.57608e-06
0.000634431 4.24962e-05 6.44815e-05 9.88675e-06
0.000644388 7.84362e-05 4.48534e-05 6.89273e-06
0.000749957 3.46283e-06 4.95966e-05 3.83224e-06
0.000221675 6.76375e-05 1.99319e-08 1.76364e-05
0.000950705 8.12748e-05 5.99996e-05 5.16448e-06
0.000927173 9.99079e-05 8.14034e-05 6.3555e-06
0.000869833 5.5004e-06 1.47341e-05 6.3839e-06
0.000968829 2.70562e-05 7.87509e-05 3.55079e-06
4.17938e-05 3.09294e-05 3.43786e-05 5.322e-06
0.000769186 5.30693e-05 3.81482e-05 7.45254e-06
0.000374758 7.47986e-05 6.91923e-05 1.3461e-06
0.000997391 9.00482e-05 4.7921e-05 5.21759e-06
0.000196885 6.75201e-05 2.56725e-05 5.19921e-06
0.000608607 2.03764e-05 5.01075e-05 9.56519e-06
2.87171e-05 3.53114e-05 9.97906e-06 1.01126e-05
0.000854975 2.0957e-05 5.07584e-05 1.55818e-05
0.00035217 6.39056e-05 7.3249e-05 2.81145e-06
0.000215128 1.33064e-06 6.54225e-05 7.55048e-06
0.000947422 8.00411e-05 4.55202e-05 9.73353e-06
0.000758866 7.68336e-05 5.01065e-05 5.50898e-06
0.000296217 3.41533e-05 6.90547e-05 7.282e-06
0.000556397 3.59432e-05 9.24769e-05 1.97683e-06
0.000958156 4.63148e-05 1.96581e-05 3.97107e-06
0.000846514 8.71213e-05 5.2908e-05 3.30195e-06
0.000296145 4.1249e-05 4.05488e-05 5.26555e-06
0.000542636 5.08832e-05 4.84353e-05 1.51556e-05
0.00083837 3.33066e-05 1.65882e-05 6.73205e-06
0.000986354 6.11487e-06 2.17503e-06 6.59376e-06
0.000615593 9.87268e-05 6.17637e-05 4.85843e-06
0.000108519 6.24188e-05 5.29699e-05 1.0104e-05
0.000111521 8.21724e-05 5.66803e-05 4.52236e-06
0.000163659 1.08435e-05 2.02456e-05 9.19646e-06
3.97873e-05 6.08127e-05 4.10146e-05 1.37695e-05
0.000193183 2.22973e-05 1.74021e-05 8.21108e-06
0.000379004 6.82986e-05 2.26931e-05 2.30289e-06
0.000769215 1.3658e-05 2.82516e-05 5.06406e-06
0.000359929 3.98772e-05 5.54953e-05 8.20895e-06
0.000265944 9.90646e-05 9.43341e-05 5.33332e-06
5.5734e-05 4.98249e-05 3.7694e-05 5.85727e-06
0.000361873 5.94349e-05 9.8713e-05 1.02592e-05
0.000173764 8.9817e-05 6.62511e-05 1.34779e-05
0.000385658 5.35809e-06 9.83705e-05 4.38076e-06
0.000769637 9.07754e-05 8.78929e-05 1.1284e-05
0.000727574 7.2843e-05 9.6005e-05 9.46556e-06
0.000588388 6.63422e-05 5.01032e-05 6.78005e-06
0.000319056 2.00512e-05 8.17675e-05 6.2576e-06
0.00077531 4.74038e-05 6.38626e-05 6.52004e-06
0.00059729 9.05131e-05 7.31239e-05 4.04916e-06
0.000217636 3.82254e-05 7.1254e-05 7.11805e-06
0.000524055 6.72546e-05 4.42786e-05 3.62373e-06
0.000461555 8.67667e-05 9.8571e-05 1.3153e-05
0.000326031 3.7818e-05 7.89154e-06 3.7391e-06
0.000805243 9.68296e-05 1.4341e-05 3.25851e-06
0.000865701 9.64998e-05 2.97672e-05 5.79567e-06
0.000972346 9.33183e-06 1.84093e-05 1.04567e-05
0.000877813 1.25634e-05 6.50465e-05 2.61809e-06
2.38094e-05 8.17382e-05 5.01037e-05 1.05533e-05
0.000342777 4.90918e-05 2.02609e-05 4.16118e-06
0.000875814 1.95766e-05 6.0243e-05 6.0911e-06
8.34057e-05 8.41549e-05 8.44951e-05 3.41929e-06
0.000487654 4.45401e-05 4.81418e-05 1.07492e-05
0.00043789 4.48744e-05 1.22367e-05 7.49562e-06
0.00063056 8.13488e-06 5.93238e-05 6.35003e-06
0.000360436 5.22504e-05 8.00156e-05 9.82244e-06
0.000371494 5.06081e-05 9.98143e-06 5.66534e-06
0.000806088 9.9734e-05 2.81223e-05 3.48584e-06
0.000881296 4.52807e-06 9.66167e-05 4.08082e-06
0.000990274 8.00161e-05 1.97325e-05 1.6336e-05
0.000911583 6.9819e-05 3.86163e-06 1.07306e-05
0.000260669 8.22404e-05 3.6925e-05 5.67286e-06
0.000274279 3.41357e-05 8.54859e-05 4.41443e-06
0.000289078 2.35893e-05 3.82386e-05 5.85703e-06
0.000891926 4.07094e-05 7.4522e-05 7.76176e-06
0.000424225 8.00149e-05 7.40797e-05 1.05832e-05
0.00060561 5.98469e-05 6.56759e-05 1.05652e-05
0.000586375 9.00812e-05 7.16429e-05 6.87198e-06
0.000186561 2.25642e-05 9.47225e-06 2.12331e-06
0.000516663 1.82482e-05 7.3826e-05 7.84413e-06
0.00052157 7.46976e-05 4.42648e-05 3.96287e-06
0.000271727 6.22428e-05 5.60409e-05 6.09544e-06
0.000429074 6.66837e-05 8.86962e-05 9.54036e-06
0.000743254 6.40358e-05 1.31721e-05 4.14595e-06
0.000902411 7.04958e-05 9.01008e-05 5.82057e-06
0.000471876 5.96677e-05 9.57174e-05 2.59342e-06
2.30455e-06 6.45256e-05 3.7256e-05 1.21554e-05
5.73385e-06 8.23472e-05 7.82805e-05 4.83389e-06
7.65168e-05 8.77871e-05 1.22522e-05 8.40487e-06
0.00046682 5.97313e-05 7.60237e-05 9.4705e-06
0.000300193 4.90669e-05 7.59721e-05 2.30281e-06
0.000545306 5.03222e-05 2.91582e-05 9.7011e-06
0.000663257 8.42083e-05 9.74097e-05 2.56777e-05
0.000765333 9.98688e-05 7.71674e-05 3.42145e-06
0.000468059 6.39857e-05 2.9789e-05 4.05261e-06
0.000379716 1.96894e-05 9.43444e-06 4.38086e-06
0.000233851 3.60333e-05 1.28397e-05 1.83586e-06
0.000710082 6.19276e-05 1.97731e-05 5.63251e-06
9.56715e-05 5.11555e-05 1.14439e-07 4.33385e-06
1.88488e-05 6.02565e-05 4.92363e-05 8.60238e-06
4.3909e-05 3.52369e-05 7.24239e-05 1.27198e-05
0.000197957 8.09241e-05 2.80926e-05 1.12697e-05
0.000870453 5.67883e-05 2.49483e-05 1.54371e-06
0.000770765 5.94147e-05 2.72898e-05 5.21549e-06
0.000545697 9.97604e-05 8.69244e-06 8.54225e-06
0.000558347 5.05824e-05 3.41034e-05 3.8561e-06
0.000446853 1.64824e-05 5.49628e-05 2.51956e-06
0.000553576 3.64896e-05 4.01474e-05 4.8165e-06
0.000261247 5.62973e-05 9.66315e-06 3.67036e-06
0.000769756 3.01984e-05 3.635e-05 1.12619e-05
0.000795206 5.13295e-05 2.19372e-05 8.61662e-06
6.50026e-05 3.87186e-05 5.81893e-05 3.11245e-06
0.000893912 8.99362e-05 5.62288e-05 1.14111e-05
0.000221234 2.91935e-06 4.34201e-05 6.22124e-06
8.66111e-05 7.84697e-05 2.7022e-05 3.51115e-06
0.000937303 9.78632e-05 6.16497e-05 1.62246e-05
0.000814388 1.19918e-05 5.94367e-05 1.27889e-05
0.000631044 5.73835e-06 2.78438e-05 2.51007e-06
0.000728458 2.13797e-05 3.62728e-05 3.29452e-06
0.000520273 5.42766e-05 5.59782e-05 6.63023e-06
0.000380256 1.32837e-05 1.84339e-06 5.56638e-06
0.000425833 6.86525e-05 2.922e-05 1.51519e-05
0.000328982 8.70495e-05 8.8754e-05 7.45637e-06
0.000726532 5.92784e-05 9.14995e-05 6.42646e-06
0.000512335 5.92451e-05 8.13351e-05 7.04634e-06
0.000479625 4.93851e-05 6.06435e-05 2.06844e-06
0.000781509 4.85675e-05 4.81056e-05 7.02545e-06
0.000789934 2.55085e-05 7.98013e-05 3.97904e-06
0.000702883 4.85247e-05 1.42074e-05 4.61266e-06
3.49104e-05 2.15031e-05 8.98479e-05 1.12213e-05
0.000622312 3.82347e-05 7.18467e-05 3.44452e-06
0.000841732 1.5173e-05 8.08864e-06 1.00265e-05
0.00048275 1.8697e-05 4.93609e-05 7.00815e-06
0.000809539 6.86348e-05 3.12436e-05 8.75144e-06
0.000644382 1.93735e-05 1.66401e-05 8.38816e-06
0.000617188 8.993e-05 2.03774e-05 9.08016e-06
0.000343011 1.7487e-05 4.67898e-05 4.79678e-06
0.000915453 9.9962e-05 8.44376e-05 5.25244e-06
0.000870444 4.22546e-05 6.51791e-05 3.69676e-06
0.000746233 3.61235e-05 7.39021e-06 2.2865e-05
2.81969e-05 6.85579e-05 2.69052e-05 2.74229e-06
0.000169352 9.32697e-05 3.40079e-05 2.87489e-06
0.000170812 6.60216e-05 6.18807e-05 9.16169e-06
0.000327039 4.80321e-05 8.80123e-05 1.99755e-06
0.000323045 9.88061e-05 8.7205e-05 5.64171e-06
0.000241275 7.71447e-05 7.82595e-05 5.61697e-06
0.000635958 4.71751e-05 3.58818e-05 6.30234e-06
0.000895791 8.43914e-06 7.34268e-05 2.54379e-06
0.000143786 4.11789e-05 1.01758e-05 9.09632e-06
0.000981256 1.1106e-05 4.86273e-05 7.34791e-06
0.000854355 2.77854e-05 9.99589e-06 7.9195e-06
0.000513175 7.60937e-05 8.58289e-05 3.66624e-06
0.000588872 6.39011e-06 6.86289e-05 6.51275e-06
0.000539826 7.95667e-05 1.64711e-05 1.31071e-05
0.000399148 2.90186e-05 5.96869e-05 8.88056e-06
0.000437079 5.19637e-05 2.40163e-05 5.09486e-06
0.000410225 8.05225e-05 5.99327e-05 3.75136e-06
0.000743925 4.16618e-06 4.0942e-05 6.35512e-06
0.000694355 7.08805e-06 1.99769e-05 9.36617e-06
0.000975337 5.19206e-06 9.54125e-05 6.36571e-06
0.000148278 3.11333e-05 6.59569e-05 7.92001e-06
0.000802794 2.01649e-05 3.4026e-05 2.1577e-05
0.000705869 4.82734e-05 5.28294e-05 1.4932e-05
2.68575e-05 9.70839e-05 9.5775e-05 3.07954e-06
0.000219045 4.8636e-06 7.44012e-05 2.86287e-06
0.000875113 3.05639e-05 5.33288e-05 6.32351e-06
0.000751676 9.66675e-05 5.44221e-05 4.67745e-06
0.000372414 1.41239e-05 7.92059e-05 7.21644e-06
0.000664135 3.99627e-05 6.31793e-05 3.9034e-06
0.000621458 2.78318e-05 6.21622e-05 5.00571e-06
0.000213474 8.05759e-05 7.83055e-05 6.99277e-06
0.000225881 8.07796e-05 4.62779e-05 5.91768e-06
0.000737297 5.72357e-05 7.86232e-05 1.22231e-05
0.000467744 6.36971e-05 9.38015e-05 3.48782e-06
0.000254643 8.61106e-05 7.72502e-05 6.83886e-06
0.000413016 6.00212e-05 5.33416e-05 1.88677e-05
0.000203813 2.55765e-05 8.82549e-05 6.67176e-06
5.69262e-05 1.98178e-05 9.10108e-05 1.07819e-05
0.000743821 3.01428e-05 4.73026e-05 3.45667e-06
0.000316591 3.53794e-06 3.96666e-06 7.28317e-06
0.000552061 5.96753e-05 1.02767e-05 2.744e-06
0.000296292 6.22792e-05 6.90611e-06 6.55287e-06
0.00013159 9.37239e-05 1.25706e-05 2.5175e-05
0.000236001 9.33579e-06 1.48172e-05 3.1814e-06
5.20451e-05 9.86028e-05 8.75581e-05 3.2443e-06
0.00042221 8.31081e-05 5.71022e-05 8.17815e-06
0.00074282 9.88913e-06 7.73541e-05 4.60058e-06
0.000306882 1.25908e-05 2.00232e-05 1.36252e-05
0.00096961 5.1038e-05 2.99322e-06 1.22218e-06
0.000969468 1.27416e-05 6.44428e-05 1.84717e-06
0.000223718 1.38246e-05 4.82784e-05 2.53086e-06
1.857e-05 4.98337e-05 3.46182e-05 8.93095e-06
0.00055536 2.01694e-05 3.96936e-05 1.09099e-05
0.000829207 5.7247e-05 1.49295e-05 2.65998e-05
0.000265184 2.38865e-06 5.8189e-05 1.53501e-05
4.33161e-05 1.76964e-05 2.78324e-05 5.35556e-06
0.000760673 7.89966e-05 3.11883e-05 1.56503e-05
3.85074e-05 4.22192e-05 4.08788e-05 7.72716e-06
0.000694881 9.32353e-06 7.95139e-06 1.93041e-06
0.000206997 8.27188e-05 9.32372e-06 9.43953e-06
9.56104e-05 7.72244e-05 8.95342e-05 1.06062e-05
0.000867241 6.95048e-05 2.13411e-05 2.98398e-06
0.000545732 7.90165e-05 3.01411e-05 7.06338e-06
0.000261364 2.02647e-07 3.80272e-05 4.42177e-06
0.00020728 5.09266e-05 5.33637e-05 2.57691e-06
0.000833251 4.01286e-05 3.27833e-05 8.01516e-06
0.000164559 3.5623e-06 6.96491e-05 2.00257e-06
0.000696828 7.98162e-05 3.81036e-05 8.1845e-06
0.000647859 4.2754e-05 9.17928e-05 5.52094e-06
2.38105e-05 2.98501e-05 3.77145e-05 1.29999e-05
0.000803967 4.9761e-05 4.20892e-05 1.12468e-05
0.000923762 1.16659e-05 2.30981e-05 1.54778e-05
0.0002527 4.05711e-05 9.5715e-05 5.17521e-06
0.000545008 6.49548e-05 3.01596e-05 4.73536e-06
0.000325297 5.53171e-05 8.86848e-05 2.41176e-06
0.000257103 2.38184e-05 6.73363e-05 4.46855e-06
0.000646574 3.87516e-05 7.66242e-06 3.16336e-06
0.000108726 8.85892e-06 6.99704e-05 5.17782e-06
0.000720159 7.83549e-05 8.0677e-05 4.11858e-06
0.000123472 3.40032e-05 2.03571e-05 1.15997e-05
0.000675471 7.97698e-05 7.00173e-05 1.11334e-05
0.000111379 7.56885e-05 2.43217e-05 4.4979e-06
0.000858665 4.48943e-05 8.35964e-05 2.32938e-06
0.000480846 3.13348e-05 5.8696e-05 3.07993e-06
0.000935212 9.03421e-05 2.95514e-05 3.76301e-06
0.0008841 7.67049e-05 6.8893e-05 9.33043e-06
0.000810761 7.76872e-05 8.83771e-05 4.34611e-06
0.000936713 5.47687e-05 1.37586e-05 2.98541e-06
0.000599792 9.97248e-05 8.78217e-05 1.08878e-05
0.000427618 9.97787e-05 2.24886e-05 1.56493e-05
0.000930341 2.62245e-07 4.61153e-06 3.55642e-06
0.000543033 1.04208e-05 5.99462e-05 8.13897e-06
0.000599681 1.26779e-05 9.18564e-05 3.61782e-06
0.000306737 5.3529e-05 1.00107e-05 4.30742e-06
0.000495593 9.32266e-06 6.84005e-05 2.81934e-06
0.00078713 6.65826e-05 3.59022e-05 1.34731e-05
0.000520794 9.75799e-05 8.18001e-05 6.72728e-06
0.000514838 2.51417e-05 4.88805e-05 5.37226e-06
0.000529007 6.45472e-05 3.02797e-05 1.06122e-05
3.44091e-05 7.47848e-05 5.97376e-05 4.66195e-06
0.00023797 6.99279e-05 3.61993e-05 7.8928e-06
0.000871777 6.81484e-05 7.54138e-05 6.94127e-06
0.000656937 7.50077e-05 6.11062e-05 3.96244e-06
1.4187e-06 7.97274e-06 4.44924e-05 1.34711e-05
0.000852901 8.7694e-05 5.48681e-05 3.09825e-06
0.000581545 5.14088e-05 1.55622e-05 2.34115e-06
0.000529008 4.60296e-05 1.98391e-05 5.46461e-06
0.000218246 8.80812e-05 1.94563e-06 5.04318e-06
0.000907356 5.26773e-05 1.38921e-05 3.02327e-06
0.000203222 7.51974e-05 9.54875e-05 2.8141e-06
0.000860755 5.92841e-05 9.36328e-05 6.88427e-06
0.000318774 5.04446e-05 4.10704e-05 8.39088e-06
0.000843145 2.53067e-06 9.12142e-05 5.31841e-06
0.000736433 3.36462e-05 2.95782e-05 8.95338e-06
0.000922236 6.9483e-05 6.12015e-05 2.08915e-05
0.000196002 2.99156e-05 7.79677e-05 2.25564e-06
0.000341137 1.34974e-05 8.92197e-07 6.0218e-06
0.000330401 5.24718e-05 8.12807e-05 4.11698e-06
0.000807711 4.79828e-05 5.95348e-05 6.68425e-06
0.0008309 4.92546e-05 9.97555e-05 4.45377e-06
2.09284e-05 9.92689e-05 8.94684e-06 9.11053e-06
7.27051e-06 8.1728e-05 3.94811e-05 9.31162e-06
0.000864176 1.9777e-05 3.20811e-06 5.39701e-06
0.000216561 2.81705e-05 6.91462e-06 6.93187e-06
0.000580543 8.80365e-05 6.26053e-05 2.19528e-06
0.000409655 9.9318e-05 8.76638e-06 1.2454e-05
0.000344356 4.40952e-05 7.25939e-06 1.34103e-05
0.000225607 3.49646e-05 8.87145e-05 9.07503e-06
0.000856402 4.46183e-05 2.28016e-05 4.3876e-06
0.000729606 8.74841e-05 8.42273e-05 9.2331e-06
0.000782905 2.64788e-05 7.5315e-05 3.01412e-06
0.000348456 7.50841e-05 3.9548e-05 8.38185e-06
0.000503302 7.41433e-05 6.74213e-05 9.97211e-06
0.000645098 8.92993e-05 4.45794e-05 3.37691e-06
0.000565484 4.01567e-05 8.97361e-05 7.67761e-06
0.000428301 5.87928e-05 9.10778e-06 4.29736e-06
0.000164747 9.77688e-06 6.45756e-05 5.60022e-06
0.000139313 2.86363e-05 1.9289e-05 4.9358e-06
0.000332528 3.21926e-06 5.00413e-05 5.72361e-06
0.000509197 5.90851e-05 6.26376e-05 7.08803e-06
0.000963672 5.88113e-05 2.98038e-05 5.46092e-06
0.000575658 4.12336e-05 9.58371e-05 4.20228e-06
0.000215858 9.06731e-05 4.98145e-05 7.49572e-06
0.000857964 6.63457e-06 1.68369e-05 5.24995e-06
0.000653156 2.14615e-05 2.8633e-05 6.59644e-06
0.000866372 7.89546e-05 6.95297e-05 6.49803e-06
0.000257204 4.24725e-05 8.01759e-05 1.05925e-05
7.34884e-05 5.28215e-05 6.82818e-05 6.16795e-06
0.00067134 9.88289e-05 6.3808e-05 1.14317e-05
0.000598987 6.26093e-05 3.19097e-07 2.37691e-06
0.000296909 8.04887e-05 7.97002e-05 7.98458e-06
0.000512604 4.67979e-05 5.60703e-07 2.91392e-06
0.000792069 5.76441e-05 8.71019e-05 9.68894e-06
0.000819095 5.31535e-05 6.58028e-05 7.24892e-06
0.000409335 1.81379e-05 2.92237e-05 7.7533e-06
0.00028463 5.95101e-05 3.7042e-05 1.14001e-05
0.000956831 4.02373e-05 8.46291e-05 8.83458e-06
0.000910848 2.81521e-05 4.01521e-05 4.95853e-06
0.000954055 5.93907e-05 9.06722e-05 7.05756e-06
6.79248e-05 5.62695e-05 8.01106e-05 7.69143e-06
0.000990702 2.511e-05 3.58062e-05 9.08003e-06
0.000195496 6.20553e-05 7.61147e-05 8.2938e-06
0.000705411 6.42343e-05 4.24087e-05 5.25979e-06
0.00049664 2.51898e-05 4.84292e-05 8.35248e-06
0.000954142 1.02517e-05 9.66121e-05 6.69464e-06
0.000104682 1.33741e-06 3.53048e-05 5.95691e-06
0.000577238 1.07896e-06 7.27054e-05 6.40206e-06
4.77164e-05 6.84175e-06 8.34761e-05 6.8241e-06
0.000671108 6.03713e-05 4.0772e-05 2.41687e-05
0.000702398 4.09251e-05 1.08242e-05 2.67266e-06
0.0004949 2.0112e-05 6.27988e-05 1.29091e-05
0.000380055 5.61521e-05 1.04775e-05 4.50167e-06
0.00071597 3.34561e-05 4.39279e-05 5.06236e-06
0.000541016 7.02493e-05 5.08535e-05 2.90511e-06
0.000270631 9.75514e-05 1.03275e-05 9.71038e-06
4.47438e-05 4.64004e-05 6.13694e-05 2.76223e-06
0.000219197 8.73056e-05 6.64042e-05 6.44786e-06
0.000646278 1.44604e-05 5.99607e-05 1.0318e-05
0.000154431 4.34151e-05 2.80998e-05 1.18698e-05
0.000660127 7.10902e-06 5.79891e-05 2.4588e-06
9.99565e-05 4.68197e-05 4.69589e-05 1.66205e-05
0.000541353 2.24758e-05 4.11978e-05 2.21934e-06
0.000885076 4.00466e-05 3.49329e-05 7.75175e-06
0.000603674 7.81006e-06 4.57767e-05 9.54229e-06
0.000422981 4.93727e-05 1.84373e-05 9.26628e-06
0.000188931 4.4627e-05 6.34743e-06 4.43076e-06
0.000442318 8.67859e-05 9.02135e-05 7.8217e-06
2.44811e-05 4.11037e-05 2.33903e-05 3.54511e-06
0.000791335 4.10393e-05 1.86167e-07 1.01958e-05
0.000172937 6.01216e-05 5.16222e-07 1.04167e-05
0.000834733 4.45195e-06 6.16604e-05 8.88037e-06
0.00059362 3.30595e-05 1.97488e-05 1.0295e-05
0.000809436 1.89921e-05 9.0037e-05 9.2593e-06
0.00096271 8.84523e-05 4.82632e-05 7.92733e-06
9.21988e-05 9.43756e-05 5.89624e-05 1.65944e-05
0.000335237 2.68757e-05 9.52118e-05 9.41595e-06
0.000901065 2.18055e-05 8.3842e-05 6.7597e-06
0.000635243 1.2312e-05 4.46702e-05 6.29756e-06
0.000508275 6.72903e-05 8.62776e-05 3.23159e-06
0.000907663 3.75482e-05 2.29024e-05 3.2438e-06
0.000443294 5.3267e-05 4.9526e-05 5.3745e-06
0.000663938 3.22361e-05 8.81923e-05 4.04402e-06
0.000617439 4.89778e-05 7.97546e-05 1.07576e-05
3.85527e-05 5.69973e-06 9.96692e-05 1.18168e-05
0.000752444 9.98531e-05 6.22972e-05 3.85221e-06
8.82259e-05 5.02285e-05 8.01215e-05 1.29269e-05
0.000387215 7.84947e-05 4.54554e-05 6.10723e-06
0.000963455 6.11944e-05 4.94582e-06 8.51505e-06
0.000644521 4.0855e-05 4.87597e-05 9.91261e-06
0.000450222 5.95758e-05 9.07537e-05 1.28648e-05
0.00098531 2.17903e-05 9.9362e-05 7.24385e-06
0.000453868 7.14168e-05 3.76292e-05 1.36729e-05
0.000244654 6.94972e-05 9.29925e-05 4.12384e-06
0.000571591 6.13498e-05 2.08008e-05 4.27028e-06
0.000320666 2.79772e-05 7.28873e-05 5.75368e-06
0.000635231 1.10771e-05 2.22944e-05 5.1964e-06
0.000201071 6.1725e-05 9.01646e-05 5.95483e-06
0.000700777 6.87294e-05 2.43635e-05 6.76496e-06
9.54266e-05 4.06673e-05 6.03624e-05 7.23852e-06
0.000193865 6.56424e-05 4.92616e-05 1.06352e-05
0.000885603 7.18903e-05 3.87537e-05 3.86525e-06
8.95697e-05 2.38823e-05 9.0128e-05 1.17941e-05
0.000522195 4.66855e-05 4.71976e-05 5.11733e-06
0.000753307 1.09115e-05 3.02252e-05 9.35295e-06
0.000333196 7.96712e-05 2.71397e-05 6.68035e-06
0.000162398 9.88779e-05 2.92585e-05 3.89695e-06
0.000447905 5.27842e-05 1.90302e-05 6.85207e-06
0.000763008 8.96622e-05 5.0081e-05 7.78697e-06
0.000349082 9.83761e-06 6.70762e-05 4.51162e-06
0.000366038 5.38633e-05 5.05245e-05 5.17296e-06
0.000568499 9.45453e-06 1.96162e-05 8.49291e-06
0.000977256 1.34208e-05 3.78395e-06 5.18499e-06
0.000617668 6.51757e-05 3.34805e-05 4.4392e-06
0.000504796 5.02333e-05 4.92496e-05 6.95602e-06
0.000640998 2.66269e-05 9.96949e-05 1.02589e-05
0.000735208 7.50906e-05 7.5438e-05 2.61686e-06
5.34288e-05 7.69766e-05 6.10148e-05 4.80306e-06
0.000532475 3.4969e-05 9.18241e-05 3.83769e-06
0.000440888 3.00622e-05 2.12079e-05 9.45563e-06
0.0007975 2.8519e-05 5.1491e-05 9.00163e-06
0.000753138 9.55673e-05 4.17465e-05 6.27305e-06
0.000617622 8.87607e-05 9.97684e-05 1.3213e-05
0.000433116 5.05896e-05 9.10414e-05 5.90224e-06
0.000498371 5.96833e-05 7.65899e-05 7.70804e-06
0.000343559 6.54889e-05 4.64412e-05 3.77615e-06
0.000521025 4.04702e-05 6.7842e-05 2.93751e-06
0.00083501 8.97974e-05 6.02678e-05 8.96964e-06
0.000811568 9.68523e-05 4.87735e-05 5.10353e-06
0.000448664 2.31499e-05 7.67518e-05 9.84402e-06
0.000391716 8.82049e-05 6.32807e-05 1.55273e-05
0.000912462 5.53104e-05 8.1638e-05 9.09425e-06
0.000125855 7.94369e-05 5.45233e-05 9.1442e-06
0.000156359 4.99194e-05 1.27089e-07 9.21448e-06
0.00075596 5.23492e-05 8.39301e-05 5.40029e-06
0.00021172 6.98231e-05 4.82904e-05 7.17187e-06
0.000624524 3.22734e-05 6.89796e-05 3.53018e-06
0.000770256 2.48997e-05 2.00519e-05 4.40599e-06
0.000367909 6.22959e-05 6.02279e-05 5.4409e-06
0.000628382 9.61326e-06 8.161e-05 7.46744e-06
0.000870051 3.0014e-05 2.87352e-05 4.16041e-06
0.000584143 8.96933e-05 3.33753e-05 2.11758e-05
0.000221254 6.95373e-05 3.21491e-05 7.12638e-06
0.000922802 7.29346e-05 2.5845e-05 8.39504e-06
0.000920742 5.39143e-05 9.48234e-05 3.48211e-06
0.000151995 1.99071e-05 6.0027e-05 5.24966e-06
0.000321963 9.38958e-05 9.73524e-05 5.58454e-06
0.000535611 2.88535e-05 8.50658e-05 5.80102e-06
0.000593905 7.89192e-06 2.06602e-06 7.94756e-06
0.000978902 8.32596e-05 7.99501e-05 1.57447e-05
0.000931328 2.41366e-05 3.88504e-05 5.47199e-06
0.000952338 9.89538e-05 8.10993e-05 1.20523e-05
0.000584355 7.9103e-05 9.56101e-06 3.70327e-06
0.000650935 7.15869e-06 7.51843e-05 1.33704e-05
0.000991017 9.8285e-05 9.18432e-05 7.18297e-06
0.0009604 8.9648e-05 6.47324e-05 8.48218e-06
0.000705114 6.76944e-05 3.39461e-05 3.67388e-06
2.44064e-05 9.26457e-06 2.37835e-05 5.38189e-06
0.000225961 4.93887e-05 5.35057e-05 1.49405e-05
0.000922474 8.87011e-05 2.47609e-05 7.33372e-06
0.000190712 6.19853e-05 1.55936e-05 2.24045e-06
2.40718e-05 9.9814e-06 3.61872e-05 7.04489e-06
0.000561059 4.46004e-05 4.03102e-05 5.1806e-06
0.000752447 8.3793e-05 7.91047e-05 6.47263e-06
0.000436483 1.65105e-05 2.17545e-05 5.30703e-06
0.000343379 7.75022e-05 2.73473e-05 3.66334e-06
0.000421362 7.95068e-05 8.07561e-06 1.07719e-05
0.000575503 4.98692e-05 9.78905e-05 2.6855e-06
0.000862307 6.08094e-05 7.54484e-05 2.5848e-06
0.000358716 9.07218e-05 6.09348e-05 1.76521e-05
0.000181309 6.30179e-05 1.83953e-05 3.15441e-06
0.000549585 8.89348e-05 4.94379e-05 4.57677e-06
0.000827492 2.52035e-05 1.82348e-05 6.93211e-06
0.000144826 4.80702e-05 3.92665e-05 2.44666e-06
0.000761817 2.358e-06 1.41002e-05 4.30991e-06
0.00055581 8.77692e-05 3.54388e-05 7.29749e-06
0.000356619 1.31258e-05 6.63012e-05 3.71946e-06
0.000209344 9.45503e-06 3.32642e-05 9.72755e-06
0.000801843 3.82037e-05 1.25453e-05 6.27275e-06
0.0009038 1.37487e-05 7.77302e-05 3.44977e-06
0.000207494 1.24731e-05 4.6344e-05 3.33321e-06
0.000828015 7.68879e-05 5.07427e-05 8.26662e-06
0.000589558 4.00128e-05 8.29537e-05 1.34987e-05
0.000524744 4.89646e-05 3.16854e-05 7.92753e-06
5.4812e-05 6.99758e-05 5.46561e-05 4.75488e-06
0.000639374 1.72947e-05 8.87715e-05 3.41757e-06
0.000246708 4.82636e-05 4.08582e-05 8.1778e-06
0.000110303 5.98029e-05 7.06309e-05 5.72327e-06
0.000484346 2.28422e-05 2.13997e-05 3.06196e-06
0.000335584 9.97037e-05 9.77386e-05 8.82138e-06
4.45283e-05 5.78432e-05 5.96759e-05 5.71226e-06
0.000256839 9.62879e-06 7.92752e-05 2.08088e-06
0.00019405 3.32849e-05 9.87669e-05 9.61423e-06
0.000887265 7.41794e-05 5.64318e-05 3.74563e-06
0.000332137 5.20611e-06 6.46133e-05 3.61044e-06
0.00019853 9.11859e-05 3.7854e-05 2.43721e-06
0.000247503 1.93117e-05 9.83642e-05 5.33168e-06
0.000765972 1.00283e-05 8.24084e-05 8.08373e-06
0.00023602 7.9423e-05 5.50347e-05 2.95976e-06
0.000642961 3.25493e-05 1.42101e-05 6.21358e-06
0.000614665 7.99748e-05 5.97874e-05 9.60973e-06
0.000291304 4.96465e-05 1.15182e-05 5.45814e-06
0.000553459 1.18446e-05 4.00866e-06 6.61222e-06
0.000606925 2.81792e-05 6.99561e-05 1.14886e-05
2.44773e-06 6.94804e-05 5.40505e-05 1.02471e-05
5.08805e-05 1.49703e-05 1.00586e-05 2.91282e-06
0.000822022 8.99618e-05 8.60169e-05 7.67177e-06
0.00014109 9.19051e-05 7.00679e-05 3.45268e-06
0.000375341 8.96905e-05 4.82933e-05 3.21994e-06
0.000362711 9.44705e-05 8.13355e-05 4.08272e-06
0.000647963 1.15445e-05 9.38477e-05 6.07366e-06
0.000849218 3.31247e-05 9.2117e-05 5.14964e-06
0.000332376 7.0656e-05 4.12997e-05 3.49091e-06
0.000645498 5.06749e-05 3.10353e-05 4.89489e-06
0.000934573 6.94577e-05 4.00242e-05 1.12177e-05
0.000903442 8.96151e-05 9.60627e-05 9.61039e-06
0.000300081 3.32855e-05 2.97258e-05 2.85979e-06
2.41525e-05 8.82331e-06 8.4408e-05 7.55713e-06
0.000489761 3.68487e-05 8.71303e-05 5.41559e-06
0.000140293 6.35097e-05 3.34211e-06 1.22022e-05
0.000742257 3.99206e-05 6.23524e-05 1.34853e-05
0.000735988 2.71713e-07 7.97111e-05 7.43008e-06
0.000893637 7.99175e-07 9.52789e-06 5.66226e-06
0.00070395 1.02154e-05 3.92937e-05 8.88173e-06
0.000387112 8.19036e-06 4.68314e-05 1.72176e-05
0.00098816 2.19506e-05 7.00415e-05 4.00724e-06
0.000605599 6.918e-05 1.93831e-05 1.50418e-05
0.000983468 9.96307e-05 1.20885e-05 5.59825e-06
0.000952987 7.17902e-05 7.52297e-05 1.29861e-05
0.000985004 7.31756e-05 2.90131e-07 3.6295e-06
0.00018177 8.87921e-05 4.897e-05 9.32859e-06
0.000533618 5.46583e-05 2.17242e-05 2.76643e-06
0.000859475 6.67515e-05 2.9051e-05 7.59656e-06
0.0003141 9.37493e-05 1.05707e-05 4.76526e-06
0.000779532 4.09341e-05 3.98576e-05 3.32125e-06
0.000204639 4.62366e-05 2.01205e-05 9.33515e-06
0.00056984 4.76411e-05 6.0055e-05 2.22683e-05
0.000438864 6.23564e-05 5.7595e-05 7.35875e-06
0.000196153 4.1671e-05 6.81367e-05 4.32879e-06
0.000688587 9.57099e-05 3.25114e-05 5.38776e-06
0.000935559 4.96542e-05 8.11237e-05 1.46912e-05
0.000142814 4.90119e-05 5.6605e-05 6.01554e-06
0.000300442 9.29567e-05 1.0233e-05 8.27799e-06
0.000175347 2.10916e-05 6.77927e-05 8.15308e-06
0.00045609 9.41032e-05 3.30969e-05 1.65161e-06
0.000635797 7.6575e-05 3.68794e-05 4.90214e-06
0.000692327 8.079e-05 1.5639e-05 1.04673e-05
6.58925e-06 4.725e-05 5.95618e-05 1.14246e-05
0.000364882 8.40242e-05 8.5507e-05 4.65472e-06
0.00099368 7.83367e-05 9.96698e-05 3.77809e-06
0.000830143 3.22314e-06 4.01907e-05 1.17889e-05
0.000941345 8.50381e-05 8.18558e-05 4.04698e-06
0.000338011 9.44467e-05 5.26697e-05 4.95018e-06
0.000651091 2.26525e-05 8.11602e-05 1.08096e-05
0.000781821 5.97191e-05 6.41997e-05 7.41416e-06
0.000324164 6.75734e-05 9.11216e-05 3.78663e-06
0.000410506 7.78392e-06 3.94042e-05 6.47463e-06
0.00061005 8.06013e-05 7.95199e-05 1.10387e-05
0.000718266 4.73189e-05 9.66907e-05 8.99161e-06
0.000315505 7.88335e-05 5.0004e-05 1.54977e-05
0.000413245 9.48363e-05 7.00581e-05 2.76792e-06
0.000928596 4.10587e-05 3.31502e-05 5.57512e-06
0.00070633 2.91815e-06 8.78612e-05 1.54694e-05
3.64517e-05 7.94e-05 8.42321e-05 6.73843e-06
0.000973623 6.31116e-05 1.65602e-05 6.52082e-06
0.000284724 2.9013e-05 7.23149e-05 4.53133e-06
0.000779288 2.92549e-05 4.94414e-05 4.9595e-06
4.04083e-05 5.01641e-05 7.61817e-05 5.60947e-06
0.000411717 1.94604e-06 5.50808e-05 8.62771e-06
0.000595618 2.08898e-05 8.87473e-05 5.4254e-06
0.000190727 4.67539e-05 9.98389e-05 2.64808e-06
0.000862723 5.43788e-05 7.66435e-05 3.96903e-06
0.000249264 3.40154e-05 6.61324e-05 7.85891e-06
0.000939773 6.639e-05 2.00677e-05 1.02232e-05
0.000540891 1.46339e-05 9.45451e-06 5.79083e-06
0.000296121 5.38854e-05 5.41461e-05 1.09494e-05
0.000795819 4.4924e-05 6.13664e-05 5.73041e-06
8.82819e-05 5.94218e-05 2.22432e-05 7.03757e-06
0.000633442 4.80264e-07 4.9346e-05 6.55138e-06
0.00031257 1.95793e-05 5.48669e-05 9.13725e-06
0.000487417 2.27562e-05 8.30802e-05 8.67324e-06
0.000181286 8.8578e-05 8.09587e-05 8.68186e-06
0.000946453 5.53273e-05 5.65684e-05 6.12993e-06
0.000279013 6.63298e-05 8.95974e-05 3.46421e-06
7.94009e-05 2.50946e-05 6.37091e-05 3.56183e-06
0.000400306 8.17254e-05 8.00155e-05 4.51034e-06
0.000537239 4.01203e-05 7.02364e-05 1.07075e-05
0.000752114 6.85134e-05 7.97629e-05 4.66038e-06
0.00090213 4.10502e-05 9.24274e-05 1.15574e-05
6.03308e-05 6.85861e-05 7.47003e-05 5.92586e-06
0.000242179 7.93591e-06 4.9321e-05 5.18124e-06
0.000992176 2.23997e-05 5.90202e-05 8.95527e-06
4.8083e-06 2.86243e-05 3.97314e-05 5.88934e-06
0.000316022 3.27382e-05 4.00496e-05 1.60576e-05
0.000723869 1.78264e-05 3.3017e-05 3.36016e-06
0.000459012 5.7309e-05 2.09288e-05 2.36583e-06
0.000546629 3.21216e-05 6.18145e-05 4.22845e-06
0.000222731 9.06098e-06 5.61218e-05 6.69846e-06
0.000714312 6.53388e-05 1.06389e-05 2.95254e-06
0.00075819 5.04408e-05 7.43312e-05 2.28257e-06
0.000614142 9.05353e-05 4.90333e-05 2.00634e-06
8.58893e-05 4.8241e-05 9.97375e-05 3.9962e-06
0.000482406 9.97814e-06 9.89852e-05 1.99845e-05
0.000376175 3.10991e-05 3.17159e-06 7.20953e-06
0.000872153 6.04517e-05 8.65391e-05 6.59214e-06
0.000207482 6.78828e-05 1.98967e-05 6.78885e-06
0.000789299 5.27714e-05 6.73445e-05 3.04428e-06
4.61562e-05 3.64139e-05 1.23651e-07 9.94894e-06
0.000703504 4.14822e-05 7.50473e-05 4.78784e-06
0.000746028 9.57491e-06 8.97038e-05 8.16259e-06
3.46197e-05 7.01615e-05 7.61039e-05 4.95959e-06
0.000554705 9.86331e-05 2.23414e-05 9.24893e-06
7.42286e-05 5.39018e-05 4.39406e-05 9.13835e-06
8.82054e-05 7.59131e-05 3.99812e-05 9.41992e-06
0.000170119 8.92592e-05 4.07015e-05 4.9658e-06
0.000959622 6.16304e-05 6.15465e-05 5.06894e-06
0.000818099 9.89188e-05 2.17021e-05 7.69788e-06
0.000792177 4.52283e-06 7.53926e-05 1.79269e-05
0.000850609 9.27066e-07 4.99245e-05 1.09893e-05
0.000369342 5.27395e-05 6.66246e-05 4.29691e-06
0.00046629 9.22508e-05 3.5927e-05 7.35456e-06
0.000937128 8.28671e-05 3.46623e-05 5.49274e-06
0.000913522 4.91194e-05 5.9404e-05 1.98713e-05
0.000458863 8.67885e-05 1.46872e-05 1.29022e-05
5.31462e-05 1.39548e-05 4.25093e-06 3.40329e-06
0.000932725 9.07467e-05 6.24297e-07 4.63429e-06
0.000533099 1.09605e-05 4.77179e-05 7.61168e-06
0.000411079 8.41806e-05 6.7503e-05 4.69519e-06
0.00038692 6.98075e-05 9.64854e-05 1.67836e-05
1.56732e-05 4.98493e-05 7.81957e-05 1.13898e-05
0.000683868 8.99944e-06 8.68464e-06 6.16209e-06
0.000540977 7.07847e-05 5.95745e-05 5.82828e-06
0.000292907 1.0155e-05 3.6618e-05 8.20596e-06
0.000256282 2.99333e-05 9.00867e-05 6.87873e-06
0.000346869 3.20597e-05 9.5889e-05 3.33647e-06
0.000841131 2.9874e-05 9.14187e-05 3.59353e-06
0.000763054 4.0183e-05 7.15944e-05 9.27165e-06
0.000468686 3.80139e-05 8.20833e-05 1.53123e-05
0.000930085 3.97727e-05 9.7472e-05 5.11566e-06
0.000994745 5.69419e-05 5.51312e-05 4.50832e-06
0.000772519 2.00079e-05 8.04164e-05 4.01671e-06
0.000212506 5.15024e-05 7.97684e-05 1.20544e-05
0.000295281 8.97433e-05 4.209e-05 2.28063e-06
0.000437147 5.31519e-05 9.79624e-05 2.21874e-06
0.000873946 5.99621e-06 3.34788e-06 5.4538e-06
0.000270271 8.30933e-05 8.70723e-05 5.36789e-06
0.000359495 6.56504e-05 8.27723e-05 3.78368e-06
0.000335348 3.93025e-05 8.92282e-05 2.13793e-06
4.92323e-05 4.31829e-05 3.86363e-05 3.27195e-06
1.00968e-05 9.16786e-05 9.96157e-05 6.87832e-06
0.000514203 7.6762e-05 9.92639e-05 5.14925e-06
0.000351438 7.25358e-05 5.24404e-05 3.24235e-06
0.000199118 5.96585e-05 1.28164e-05 6.91241e-06
0.000564684 4.17537e-05 1.58142e-05 3.21837e-06
0.000683561 6.55412e-05 9.7192e-05 2.69413e-05
0.000425489 0.0001 8.85032e-05 1.36433e-05
0.000894091 8.29568e-05 8.25787e-05 5.24811e-06
0.000565585 2.10024e-05 1.988e-05 2.01739e-06
0.000784156 4.06207e-05 1.48407e-05 2.73749e-06
0.000805599 5.78782e-05 7.00871e-05 7.2307e-06
0.000223576 6.39906e-05 6.14211e-05 3.47412e-06
0.000546723 6.00872e-05 7.03215e-05 1.23736e-05
0.000718284 3.32456e-05 7.51018e-05 6.6233e-06
0.000231639 1.09291e-05 4.73334e-05 5.95397e-06
0.000953043 1.01634e-05 5.31288e-05 6.43375e-06
0.000899307 7.90467e-05 7.28039e-05 6.50089e-06
0.000833212 8.07186e-05 3.62671e-05 1.23126e-05
1.88315e-05 9.19123e-05 7.63098e-05 4.05738e-06
0.000654206 5.19392e-05 6.39486e-05 1.18825e-05
3.15378e-05 6.99469e-05 1.41872e-05 1.00886e-05
0.000412951 4.7319e-05 2.91573e-05 5.55754e-06
0.000442345 8.92997e-05 2.6125e-05 2.40373e-06
1.43668e-05 8.55478e-06 3.3198e-05 2.98494e-06
0.000412757 3.4274e-05 4.17567e-05 1.42348e-05
0.000958195 7.2553e-05 5.79875e-05 6.50704e-06
0.000536743 6.31235e-05 6.25155e-07 5.97132e-06
8.82945e-05 1.0966e-05 6.8397e-05 1.24105e-05
0.00018828 7.72737e-05 9.89037e-05 1.2653e-05
0.000459742 4.93578e-05 5.82816e-06 7.68476e-06
0.000558494 1.96052e-05 2.05796e-05 4.32278e-06
0.000430444 1.04257e-05 1.88782e-06 6.08475e-06
0.000262026 5.5915e-05 4.37706e-05 8.44411e-06
0.000752202 3.61707e-05 4.60762e-05 4.80081e-06
0.000370499 7.06066e-05 4.5632e-05 1.23768e-05
0.000517038 7.14721e-05 6.86763e-05 4.07646e-06
0.000376495 2.53408e-05 8.794e-05 7.56832e-06
0.000106458 1.78158e-05 1.37516e-05 1.82464e-05
0.000893446 4.3124e-05 4.81739e-05 3.90044e-06
0.000724842 4.26811e-06 9.3372e-05 1.75661e-06
0.00064735 4.47235e-05 1.52411e-05 6.51467e-06
0.00033592 6.23157e-05 5.88272e-05 6.51378e-06
0.00018188 3.34714e-05 4.78749e-05 3.22139e-05
0.000546388 2.01501e-05 9.78463e-05 5.90892e-06
0.000986117 4.00252e-05 6.85198e-05 1.19402e-05
0.000318099 2.62633e-05 9.09087e-06 6.89017e-06
0.000741122 8.87538e-05 7.13971e-05 6.96059e-06
0.00037979 1.94836e-05 6.76788e-05 6.72758e-06
0.000965561 1.58733e-05 4.06217e-05 1.08751e-05
0.000335025 9.19253e-05 2.27099e-05 3.633e-06
0.000546402 1.49856e-05 2.34123e-05 8.38261e-06
0.000289154 6.06914e-05 9.33444e-05 8.72759e-06
0.000240901 9.96409e-06 7.35519e-05 7.57698e-06
0.000873467 3.83422e-05 4.31641e-05 6.58123e-06
0.00061622 4.6233e-05 4.96039e-05 1.76925e-05
0.000489047 4.13597e-05 7.68892e-05 5.74194e-06
0.000435926 2.18786e-05 1.56739e-06 3.94639e-06
0.000811845 9.98324e-05 1.10108e-05 4.72223e-06
0.000851772 9.99668e-05 7.0247e-05 1.0449e-05
0.000718973 5.11227e-05 3.04748e-05 1.70621e-05
0.000470363 7.88407e-05 6.33556e-05 6.84414e-06
0.000509267 3.34012e-05 1.87754e-05 1.29324e-05
0.000909489 7.64387e-05 4.11495e-05 5.12491e-06
0.00085445 6.22201e-05 4.02592e-05 4.83797e-06
0.000828385 7.14559e-05 6.186e-05 4.05644e-06
0.000582807 4.33283e-06 8.44816e-05 7.02481e-06
0.000904849 2.73687e-05 4.79342e-07 9.90258e-06
0.000744495 1.16593e-05 4.99782e-05 5.39144e-06
0.00054957 6.31719e-05 2.02685e-05 6.30199e-06
0.000545941 7.91705e-05 5.24045e-05 5.67114e-06
3.85154e-05 8.62677e-05 3.68934e-05 7.66273e-06
0.000706548 2.29092e-05 2.28321e-05 1.09046e-05
0.000456011 5.02204e-05 3.60405e-05 1.30583e-05
0.000455694 2.01635e-05 9.01536e-05 7.78604e-06
0.000376516 5.17867e-05 1.34468e-06 4.39459e-06
0.000621253 8.23091e-06 1.42494e-06 1.94102e-05
0.000727768 1.96119e-05 7.98489e-05 1.28586e-05
4.68964e-07 7.36448e-05 1.65559e-06 4.7067e-06
0.000178573 6.92736e-05 7.95694e-05 1.04263e-05
0.00070353 9.4183e-05 3.19694e-05 9.30671e-06
0.000261867 1.17661e-05 3.79493e-05 2.86795e-06
0.000745158 7.39774e-05 6.92548e-05 8.12018e-06
0.000708353 4.53227e-05 7.51383e-06 3.72304e-06
0.000894095 4.91513e-05 3.72632e-05 5.27371e-06
0.000678407 1.08756e-05 5.69721e-05 5.37193e-06
0.000527018 1.01455e-05 8.25993e-05 7.67094e-06
0.000704109 8.20431e-05 9.61567e-05 1.52145e-05
0.000581236 7.95335e-05 8.98064e-05 2.66737e-06
0.00079188 9.55118e-05 1.02809e-05 4.67066e-06
0.000722971 6.9248e-05 8.14724e-05 5.44588e-06
0.000630976 9.00415e-05 7.10747e-05 1.32225e-05
0.000624388 5.46736e-05 3.04677e-05 3.52768e-06
7.32611e-05 8.76102e-06 3.33946e-05 2.63853e-05
0.000524313 6.00583e-05 7.02457e-05 9.2972e-06
0.00033531 1.03029e-05 7.94437e-05 1.17911e-05
0.000208294 1.03057e-05 8.31949e-05 1.0028e-05
0.00052517 6.91925e-05 8.94536e-05 1.04522e-05
7.28786e-05 9.23649e-05 6.03284e-05 2.87779e-06
0.000894489 3.8863e-05 4.28466e-05 3.00047e-06
0.00046453 7.082e-05 8.91904e-05 5.58575e-06
0.000862362 5.56032e-05 5.16358e-05 1.05184e-05
0.000571921 9.03615e-05 1.01166e-05 1.31056e-05
0.000316839 9.15393e-05 7.57695e-05 3.01142e-06
0.000640607 2.9719e-05 4.04875e-05 2.62716e-06
0.00091558 8.27875e-06 6.45737e-07 4.17765e-06
0.000400514 7.75136e-05 1.69464e-05 1.19724e-05
0.000441047 2.09955e-05 6.15125e-05 7.32836e-06
0.000714412 4.83724e-05 7.89338e-05 8.46024e-06
0.00073064 3.41573e-06 8.99712e-05 3.94785e-06
0.000251955 1.51448e-05 6.84013e-05 5.67366e-06
0.000253913 5.93118e-05 2.07884e-05 1.59341e-05
0.000695474 8.57191e-05 7.25456e-05 8.68726e-06
0.000907029 2.84647e-05 2.8508e-05 7.4488e-06
0.000186677 2.72443e-05 7.68901e-05 7.5038e-06
0.000636314 6.24363e-05 3.18839e-05 9.87088e-06
0.000620077 7.64573e-05 2.94501e-05 2.60305e-06
0.00054293 5.8561e-05 1.03995e-05 6.45492e-06
0.00013103 4.87556e-05 3.88209e-05 5.64351e-06
0.000415514 9.09586e-05 6.43249e-05 3.9978e-06
0.000853572 8.22885e-05 7.43828e-05 7.59079e-06
0.000827956 2.69291e-05 4.44675e-05 5.54565e-06
0.000555356 6.96371e-05 5.76627e-05 8.72282e-06
0.000989383 3.40058e-05 4.89047e-05 6.69173e-06
0.000251595 2.61012e-05 7.81287e-05 6.7007e-06
0.000191788 8.69837e-06 1.14416e-05 6.41384e-06
0.000567606 6.58612e-05 6.42343e-05 5.68181e-06
0.000434369 8.23139e-06 5.9766e-05 6.66766e-06
0.000231079 4.86284e-05 8.99208e-05 5.69278e-06
0.000853159 7.01254e-05 6.25242e-05 9.40145e-06
0.000888417 5.95273e-05 9.42504e-06 6.44677e-06
0.000325208 7.23593e-05 3.18825e-05 5.14165e-06
5.05417e-05 8.96675e-05 3.99615e-05 5.20601e-06
0.000680573 2.08116e-05 3.36706e-05 1.73194e-05
0.000674443 3.12978e-05 5.49905e-05 9.74532e-06
0.000804764 4.41035e-05 7.03877e-05 6.52936e-06
0.000646633 3.65518e-05 2.97442e-05 9.46037e-06
0.000591462 1.15652e-05 9.00373e-05 4.86466e-06
0.000581494 3.14308e-06 5.43305e-05 5.89652e-06
0.000843765 6.42079e-05 7.60378e-05 8.0882e-06
0.000859156 9.97025e-05 2.21103e-05 2.90644e-06
0.000295669 2.02965e-05 9.58097e-05 2.40507e-06
0.000716806 7.78372e-05 8.56206e-05 1.80354e-06
0.000896956 6.28037e-05 6.09322e-05 4.43817e-06
0.000127982 4.06119e-05 4.93072e-05 4.58625e-06
0.00017885 4.84572e-05 6.30163e-06 6.35359e-06
0.000792834 8.49221e-05 8.37263e-05 6.46576e-06
0.000278856 2.90033e-05 3.55954e-05 2.85728e-06
0.000934114 9.5036e-05 1.48914e-05 8.57726e-06
0.000735199 8.07099e-05 7.47282e-05 3.03797e-06
0.000214932 4.81009e-05 9.45684e-05 8.42053e-06
0.000295301 9.37167e-05 6.33751e-05 1.26632e-05
0.00039901 1.07983e-05 7.85329e-05 1.6641e-05
0.000954201 4.01332e-05 3.78737e-05 3.86041e-06
0.000765789 3.09876e-05 5.11064e-05 7.23564e-06
0.000570256 6.49106e-05 8.42287e-05 1.5384e-05
0.00043908 4.03507e-05 4.90926e-05 8.21855e-06
0.000636257 7.36517e-05 1.22263e-05 1.52232e-05
9.15333e-06 6.95641e-05 9.0032e-06 7.25833e-06
0.000128441 7.2993e-05 2.76258e-05 1.20116e-05
0.000883763 2.93426e-05 1.97911e-05 7.95988e-06
0.000378536 2.86184e-06 8.54802e-05 4.57782e-06
0.000891671 5.99747e-05 8.01031e-05 1.22682e-05
0.000961385 6.80005e-06 6.99874e-05 3.36026e-06
0.00072586 9.62959e-05 9.79211e-05 7.47605e-06
0.000807261 9.44717e-05 5.62175e-05 1.88746e-06
0.00058129 8.06345e-05 6.29771e-05 4.91043e-06
0.000837522 2.74513e-05 4.36227e-05 4.07161e-06
0.000763591 6.13494e-05 1.00238e-05 1.14143e-05
0.000197614 4.8373e-05 8.16004e-06 5.19861e-06
0.000446594 7.00201e-05 6.31358e-05 3.23693e-06
0.000434048 2.20169e-05 3.29844e-05 6.17417e-06
0.000780719 5.61515e-05 2.23803e-05 3.65575e-06
0.000503646 4.19784e-06 2.05585e-05 2.79753e-05
5.93994e-05 7.02538e-05 6.42084e-05 4.73855e-06
0.000653795 4.61514e-05 7.99206e-05 5.08773e-06
0.000311961 1.78168e-05 2.25242e-06 5.59152e-06
0.000449388 4.12429e-05 9.06819e-05 5.18492e-06
0.000182665 4.89601e-05 8.57744e-05 1.37123e-05
0.000268086 9.29726e-05 2.82509e-05 8.25631e-06
0.000271381 9.38059e-05 7.34944e-05 7.4376e-06
3.23619e-05 6.48161e-05 5.88374e-05 5.33466e-06
0.000865918 8.86163e-06 6.01535e-05 8.15085e-06
0.000226376 2.62614e-05 3.6514e-05 1.35357e-05
0.000770202 2.91015e-05 7.6305e-05 4.43082e-06
0.000755458 8.5892e-05 6.40211e-05 8.43901e-06
0.000533436 2.09743e-05 7.04221e-05 9.48721e-06
0.000857895 3.52532e-05 7.30214e-05 1.14154e-05
3.88903e-05 2.87965e-05 2.12502e-05 8.2872e-06
0.000261816 7.77214e-05 5.154e-05 9.29332e-06
0.000625879 2.98103e-05 2.22318e-05 1.28556e-05
0.000823433 6.22097e-06 6.35843e-07 1.16652e-05
0.000763188 9.82778e-05 2.99955e-05 8.64431e-06
0.000542906 3.02536e-05 4.47284e-05 5.88777e-06
0.000545391 3.50428e-05 9.53892e-05 8.74768e-06
0.000193662 7.05003e-06 6.7231e-05 6.10222e-06
0.00060717 2.5805e-05 2.11568e-05 5.13983e-06
0.000258974 6.20967e-05 8.06983e-05 1.61486e-05
0.000837891 9.69969e-05 8.94673e-05 2.50916e-06
7.76582e-05 7.06571e-05 7.94887e-05 1.09883e-05
0.000550152 1.05079e-06 4.02838e-05 9.7865e-06
0.00031391 7.00755e-05 7.9523e-05 1.6673e-06
0.000702758 7.38358e-05 7.7542e-05 4.70514e-06
0.000394763 6.05713e-06 3.40945e-06 3.67898e-06
4.64808e-05 9.11515e-05 2.46529e-05 6.55774e-06
0.000774657 1.09778e-06 9.90577e-05 3.72223e-06
6.81147e-05 4.90851e-06 8.03302e-05 4.31922e-06
0.000542369 7.0038e-05 4.0707e-05 7.20405e-06
0.000836175 2.07253e-05 3.03749e-05 1.08439e-05
0.000883761 4.46219e-06 1.82741e-05 7.08215e-06
0.000452012 9.16646e-06 7.4618e-06 9.03475e-06
0.000309242 5.61504e-05 9.6024e-05 1.08733e-05
0.000576389 4.03871e-05 1.86726e-05 7.72913e-06
0.000903177 8.1433e-05 4.64564e-05 4.51542e-06
0.000325275 1.25049e-05 5.04319e-05 6.0657e-06
0.000532256 6.56662e-05 6.01005e-05 4.29755e-06
0.00084228 1.64392e-05 6.98156e-05 7.46451e-06
0.000595681 1.72412e-05 5.22176e-05 3.68984e-06
0.000685891 8.75722e-06 9.75984e-05 5.10973e-06
0.000715194 7.95758e-05 3.00165e-05 1.17419e-05
0.000556413 5.60536e-05 2.3163e-05 3.98763e-06
2.66167e-05 5.36405e-05 9.24341e-05 5.52895e-06
0.000551228 6.69018e-05 4.60456e-05 2.32502e-06
0.000438428 7.67622e-05 8.17302e-05 5.87391e-06
0.000345271 6.54748e-05 5.40871e-05 2.79793e-06
0.000981968 9.13368e-05 3.86118e-05 1.19372e-05
0.000532863 7.49407e-05 7.08137e-05 7.87609e-06
0.000985755 8.21457e-05 5.19636e-05 5.38144e-06
0.000783713 4.64701e-05 1.99707e-05 4.01549e-06
0.000758891 5.82564e-05 4.20909e-05 4.7308e-06
0.000794203 9.20224e-05 3.4855e-05 1.16376e-05
0.000920135 3.15514e-05 2.18818e-06 2.89553e-06
0.000157022 8.89152e-05 2.94566e-05 5.72844e-06
0.000228565 8.26789e-05 5.92707e-05 6.17536e-06
0.000176089 4.77131e-05 1.80748e-05 5.76179e-06
0.000911169 2.01511e-05 3.51249e-05 3.89289e-06
0.000101366 1.73162e-05 4.90695e-05 3.15504e-06
0.000639758 2.87802e-05 7.02568e-05 5.10609e-06
0.000333714 8.60991e-05 5.44754e-05 4.61066e-06
0.000266955 8.98727e-05 4.07039e-05 4.91253e-06
0.000189407 9.89859e-05 9.22109e-06 3.82952e-06
0.000836791 3.57566e-05 4.37006e-05 4.26615e-06
0.000142869 3.97456e-05 7.97366e-05 7.08977e-06
0.00026125 1.97932e-05 1.85696e-05 2.3867e-05
0.000823393 2.45998e-05 7.40332e-05 1.27581e-05
0.000429044 6.38723e-05 1.7412e-06 4.6814e-06
0.00058403 1.22718e-05 5.11497e-05 3.95097e-06
0.000852832 5.31142e-05 8.28526e-05 7.77749e-06
0.000498336 5.20195e-05 1.05425e-05 1.14618e-05
0.000937483 5.56033e-05 4.15354e-05 2.59123e-06
0.000406376 8.36456e-05 9.76822e-05 4.99652e-06
5.23477e-05 6.01361e-05 8.87139e-05 1.52811e-06
0.000391709 6.77859e-05 4.42334e-05 5.57075e-06
1.14201e-05 7.45096e-05 9.37318e-05 8.83811e-06
0.000641853 2.7664e-05 5.10727e-05 4.77059e-06
0.000622411 8.94064e-05 3.90878e-05 1.03527e-05
0.000815664 4.16845e-05 6.76033e-05 4.85686e-06
1.05604e-05 9.28904e-05 2.01767e-05 7.39614e-06
0.000666246 1.75923e-05 5.66932e-05 8.52329e-06
0.000841127 1.70392e-05 8.62049e-05 1.00416e-05
0.000965847 3.95473e-05 2.98459e-05 1.02961e-05
0.000897298 7.92872e-06 9.12161e-05 1.31068e-05
0.000664805 8.0913e-05 5.77526e-05 5.83907e-06
0.000216329 3.34085e-05 6.04768e-05 4.75854e-06
0.000495258 9.85278e-05 5.94364e-05 5.27374e-06
0.000841061 8.20524e-05 5.14267e-05 4.22982e-06
0.00041547 7.89602e-05 9.00898e-05 7.58708e-06
0.000986156 5.99716e-05 2.64441e-05 5.70151e-06
0.000398839 5.83655e-05 7.16529e-05 2.61502e-05
0.000342243 2.22447e-05 8.93563e-06 5.65517e-06
0.000552018 4.30569e-05 8.81613e-05 2.41462e-06
0.000982019 1.03177e-05 3.21216e-05 8.46362e-06
0.000869628 7.86806e-05 5.80254e-05 4.09883e-06
0.000722153 6.94864e-05 1.01128e-05 5.93336e-06
0.000832956 3.99963e-05 7.29198e-06 3.51e-06
0.000912033 9.07337e-05 6.15589e-05 7.31994e-06
0.000244394 8.11108e-05 2.22446e-05 7.19438e-06
0.000718708 9.51789e-05 4.60897e-06 2.37909e-06
0.000856774 9.39072e-05 2.6614e-05 4.02086e-06
0.000738843 1.72683e-05 3.7985e-05 8.00565e-06
0.00091539 6.67436e-05 3.75866e-05 6.77119e-06
0.000921686 8.17637e-05 9.25561e-05 1.04937e-05
0.000741305 7.7331e-05 8.2422e-05 6.28525e-06
0.000825201 6.31194e-05 7.20649e-05 6.01043e-06
8.63558e-05 6.59901e-05 5.99737e-05 1.34124e-05
0.000287772 3.12959e-07 2.0437e-05 9.09294e-06
0.000280581 5.65804e-05 5.36495e-05 4.44907e-06
0.000713145 7.90959e-05 4.79685e-05 6.33309e-06
0.000559467 4.17193e-05 8.32273e-06 3.97849e-06
0.000809183 1.96442e-05 1.2638e-05 1.12973e-05
0.000773197 5.87991e-05 8.0456e-05 1.03524e-05
0.000841717 7.19496e-05 8.95855e-05 2.26237e-06
0.000808612 3.99708e-05 8.79144e-05 1.18845e-05
0.000514689 1.81663e-05 8.99617e-05 6.21669e-06
6.05821e-05 6.18515e-05 8.38412e-06 2.00399e-05
0.000470972 9.87342e-05 2.67801e-05 4.16471e-06
0.00025012 2.78983e-05 9.83717e-05 3.64489e-06
0.000814488 9.04174e-05 3.64737e-05 8.77541e-06
0.00078329 4.92917e-05 3.32583e-05 7.94578e-06
0.000284346 2.26195e-05 8.98148e-05 6.95722e-06
0.000631034 1.98474e-05 7.16744e-05 6.33559e-06
0.000760069 2.14311e-05 2.03844e-05 6.36073e-06
0.000471495 3.55977e-05 5.22522e-06 8.00165e-06
0.000784702 2.52675e-05 9.82701e-05 1.72253e-05
0.000938999 9.01137e-05 4.16953e-05 2.8793e-06
0.000265832 4.13046e-05 8.97853e-05 2.2467e-06
0.000106351 7.66998e-05 6.31173e-05 4.97232e-06
0.000913448 6.60038e-05 8.23574e-05 1.66859e-06
0.000552225 5.22573e-05 9.95729e-05 1.02689e-05
0.000934914 3.45181e-05 1.71693e-05 5.75467e-06
0.000111253 7.93874e-05 4.00618e-05 1.13907e-05
2.13646e-05 7.09154e-05 3.50735e-05 8.06532e-06
0.000971673 8.26495e-06 7.87908e-05 9.5317e-06
0.000343564 5.84655e-05 4.93998e-05 2.53585e-06
9.23284e-05 7.83869e-05 7.34982e-06 5.21231e-06
3.27835e-05 7.99184e-05 7.004e-05 6.67388e-06
0.000199469 2.43501e-05 6.82996e-05 8.17455e-06
0.000737283 5.90854e-05 5.88635e-05 2.29003e-06
0.00057451 1.4675e-05 6.08108e-05 7.67758e-06
0.000403301 6.23039e-05 3.2135e-05 7.00362e-06
0.000922049 6.23587e-06 4.84686e-05 1.70696e-05
0.000908408 9.07016e-06 6.71043e-05 5.96376e-06
0.000411817 8.73837e-05 5.9058e-05 2.45658e-06
0.00040917 7.59025e-05 1.02486e-06 3.5918e-06
0.000166876 8.23596e-07 8.74877e-05 5.41247e-06
0.000621216 2.01765e-05 3.93361e-05 7.25693e-06
0.000334063 1.00148e-05 3.01061e-05 1.54802e-05
0.000314905 9.7313e-05 5.95667e-05 5.62415e-06
0.000400371 8.84738e-06 2.86563e-05 4.2867e-06
0.000180797 7.45147e-05 5.43452e-05 5.95809e-06
0.000135815 3.98541e-05 3.06054e-05 5.47714e-06
0.000631059 8.01506e-05 5.28048e-05 6.79211e-06
0.000768026 3.0238e-05 2.03775e-05 1.38854e-06
0.000140228 3.60854e-05 4.37844e-05 8.92302e-06
0.000711335 1.91989e-05 1.72238e-06 1.64566e-05
0.000596883 2.2517e-05 7.90286e-05 2.25909e-06
0.000917815 3.0721e-05 7.84488e-05 3.78711e-06
2.62406e-05 8.52248e-05 3.91344e-06 6.72589e-06
0.000188944 3.86604e-05 1.4689e-05 3.84193e-06
0.000645886 8.55552e-05 6.08023e-05 5.25845e-06
0.000572196 6.94983e-05 5.03025e-05 9.04158e-06
0.000291374 1.72815e-05 9.59024e-06 5.66441e-06
0.000561077 9.875e-05 6.05295e-05 1.39661e-05
0.000934839 2.9852e-05 8.99048e-05 7.25701e-06
0.000590356 8.10426e-06 3.02901e-05 3.97541e-06
0.000646476 4.08721e-05 1.48705e-06 3.01325e-06
0.000335078 9.01805e-05 3.03351e-05 4.1895e-06
9.96327e-05 9.50008e-05 8.15541e-05 1.55358e-05
0.000117014 8.18861e-05 6.98355e-05 8.52758e-06
0.000850626 6.61411e-05 4.98922e-05 4.43785e-06
0.000428169 2.91521e-05 7.88183e-05 9.83893e-06
0.000289505 3.62974e-05 3.46061e-05 4.91245e-06
0.000779668 7.96077e-05 6.01691e-05 1.41309e-05
0.000450206 9.32881e-05 4.74238e-05 1.20435e-05
0.00013414 1.59615e-05 7.18403e-05 1.4023e-05
0.000455129 7.54112e-05 7.56328e-05 1.15389e-05
6.76312e-05 8.91096e-05 9.28219e-05 1.50934e-05
0.000242803 3.47827e-05 4.94835e-05 6.77281e-06
0.000185978 5.47372e-05 1.77888e-05 6.37158e-06
0.000281414 3.09344e-06 7.26514e-05 3.7483e-06
0.000797681 7.04993e-05 7.51432e-05 1.0944e-05
0.000752506 9.947e-05 7.64138e-05 9.43376e-06
0.000909495 5.52597e-05 9.85055e-05 4.9163e-06
0.000107158 1.11032e-05 9.64386e-05 1.08439e-05
0.000223206 7.63872e-05 5.42488e-05 3.49238e-06
0.000300146 6.94367e-05 4.39657e-05 3.49307e-06
0.000898755 7.6718e-05 4.87877e-06 3.86999e-06
5.38794e-05 4.18415e-05 4.84182e-05 7.64028e-06
0.000614396 6.92255e-05 3.96794e-05 3.55859e-06
5.34227e-05 6.09674e-05 5.40643e-05 4.37903e-06
0.00051481 1.99564e-05 7.35155e-06 5.54528e-06
0.0004863 2.60499e-05 3.87828e-05 5.4164e-06
0.000740695 8.08367e-05 2.55305e-05 4.58251e-06
0.000593392 8.34032e-05 6.9789e-05 2.99063e-06
0.000558413 8.04544e-05 5.05928e-05 6.26064e-06
0.00086135 7.39712e-06 9.49376e-05 9.75665e-06
0.000243434 8.95608e-05 4.32228e-05 1.3769e-05
0.000215211 8.43877e-05 2.9625e-05 6.39559e-06
0.000727464 3.71627e-05 4.41365e-05 7.01663e-06
0.000998394 5.08456e-05 1.17548e-05 4.23595e-06
0.000705739 3.89456e-05 2.19012e-05 3.65618e-06
0.000475935 8.89724e-05 4.33129e-05 5.16884e-06
0.000512874 5.93283e-05 2.63156e-05 6.80142e-06
0.00015907 2.01304e-05 7.24548e-05 8.80594e-06
0.000608521 5.82056e-06 2.77456e-05 1.42206e-05
0.000419504 2.03281e-05 6.03437e-05 1.237e-05
0.000148899 1.19313e-05 3.2017e-05 9.71378e-06
0.000585665 9.02805e-05 9.01423e-05 5.87351e-06
0.000349717 4.58864e-05 9.0797e-05 3.5402e-06
4.16181e-05 6.83162e-05 6.57861e-05 6.75722e-06
0.000479925 5.17436e-05 3.20776e-05 5.59629e-06
0.00049749 1.23542e-05 8.12446e-05 1.85447e-06
0.000870208 2.68882e-05 6.36548e-05 2.6708e-06
0.00078898 6.50207e-05 5.01107e-05 5.3488e-06
0.000777658 1.7651e-05 2.20118e-05 6.13779e-06
0.000571745 8.16266e-05 5.85554e-05 5.34355e-06
0.00065052 6.71691e-05 2.30966e-05 2.005e-06
0.000943282 5.00963e-05 4.7184e-05 5.07209e-06
4.60622e-05 6.73093e-05 8.5426e-05 8.56014e-06
0.000469745 4.94052e-05 6.10433e-05 5.82174e-06
0.000252516 7.38396e-05 4.38368e-05 2.92561e-06
0.000243505 9.9224e-05 2.63433e-05 7.50438e-06
6.15903e-05 3.81147e-05 8.85772e-05 3.01428e-06
0.000322903 1.41885e-05 9.45161e-05 8.2922e-06
0.000587991 9.81083e-05 7.76171e-05 3.264e-06
0.000711164 9.94697e-05 1.36405e-05 1.01467e-05
0.000341735 4.95679e-05 5.63234e-05 7.93337e-06
7.56167e-05 1.00971e-05 9.05657e-05 7.33733e-06
2.50785e-05 4.98551e-05 1.69365e-05 6.41512e-06
0.000529018 2.0859e-05 9.88754e-05 1.0871e-05
8.70443e-05 9.73773e-06 9.51465e-05 4.90646e-06
0.000515765 5.85039e-05 4.23724e-05 8.31164e-06
0.000280074 9.42775e-05 3.61061e-05 6.003e-06
0.00021122 9.17006e-05 8.14304e-05 3.29776e-06
0.000600457 1.03169e-05 7.91267e-05 9.60646e-06
0.000564927 3.05155e-05 2.1263e-05 7.61829e-06
0.000327374 6.11704e-05 9.2561e-05 2.77461e-06
0.000439702 7.86452e-05 1.49436e-05 5.30518e-06
0.000952792 2.02017e-05 2.03322e-05 1.49069e-05
0.000975274 3.68149e-05 9.79667e-05 4.35601e-06
0.000272993 4.03284e-05 6.17871e-05 1.52465e-05
0.000621144 7.38533e-05 4.60752e-05 6.74492e-06
0.000221041 1.95755e-05 8.63738e-05 2.06321e-06
0.000411546 5.58722e-05 3.16595e-05 3.46424e-06
0.000665164 2.24754e-05 7.07269e-05 6.47309e-06
0.000633437 8.32142e-05 3.01917e-05 4.75888e-06
0.000806927 8.98372e-05 9.86727e-05 1.20271e-05
0.000178369 9.71533e-06 5.7035e-05 9.96938e-06
0.000782391 6.95122e-05 9.97855e-05 1.01445e-05
0.000591728 8.49299e-06 5.42604e-05 5.0597e-06
0.000981099 6.14966e-05 9.18089e-06 3.74311e-06
0.00085434 3.51407e-05 3.78598e-05 1.3524e-05
2.2066e-06 9.07366e-05 7.51886e-05 2.90251e-06
0.000654931 2.50617e-05 4.24561e-05 1.01165e-05
0.000304164 1.20162e-05 6.45993e-05 4.22031e-06
0.000594412 8.94319e-05 5.09413e-05 1.44293e-05
0.000316895 4.87377e-06 5.13993e-05 5.27807e-06
0.000886028 3.07139e-05 3.66839e-06 3.02531e-06
0.000863127 1.93296e-05 2.23569e-05 5.62384e-06
0.000659679 2.57326e-05 5.3445e-05 1.71492e-06
0.000350278 4.28015e-05 4.45423e-05 6.67926e-06
0.000155813 6.01963e-05 7.34515e-05 5.94212e-06
0.000627021 1.28185e-05 6.87584e-05 2.199e-06
0.000518729 8.20751e-05 7.58328e-05 8.73328e-06
0.000256793 3.21475e-05 3.87631e-05 1.09485e-05
0.000655693 1.46331e-05 2.21345e-06 4.61358e-06
0.000703616 4.7508e-05 7.92324e-05 2.3738e-06
0.000418331 3.41312e-05 2.60639e-05 8.33222e-06
0.000876901 7.54661e-05 4.75141e-05 8.08777e-06
4.34464e-06 2.11177e-05 7.81443e-05 5.99705e-06
0.000944612 7.0436e-06 9.40325e-06 5.06631e-06
5.65362e-05 2.0637e-06 9.72746e-06 9.10043e-06
0.000248359 9.71702e-05 7.07009e-05 7.46817e-06
0.000269835 3.00959e-05 4.35346e-05 3.09034e-06
0.000674653 3.90185e-05 4.02858e-06 2.23857e-05
8.67323e-05 9.96494e-05 1.91238e-05 8.16589e-06
0.000898784 6.83223e-05 2.14983e-05 1.63699e-05
0.000792873 6.08524e-06 1.10788e-05 5.12142e-06
0.000312062 9.07423e-05 3.03759e-05 1.7281e-05
0.000392518 3.72006e-05 2.12773e-05 6.17036e-06
0.000710164 3.94656e-05 1.4125e-05 5.22183e-06
0.000996291 2.21031e-06 6.26116e-05 1.37204e-05
0.000616669 1.00341e-05 7.04363e-05 8.65124e-06
0.000874463 4.5412e-05 1.99922e-05 1.14593e-05
0.000524916 3.75656e-05 1.11435e-05 4.7323e-06
6.77614e-05 2.42428e-05 7.97511e-05 1.45471e-05
0.000439291 8.00749e-05 6.0416e-05 9.48435e-06
0.000160262 4.7837e-05 8.58562e-05 5.78342e-06
0.000788699 4.01742e-05 7.63781e-05 1.10612e-05
0.000979984 3.23736e-05 5.34568e-05 2.93171e-06
0.00072782 7.60517e-05 7.54449e-05 4.83269e-06
0.000122845 9.90911e-05 7.81534e-05 6.86123e-06
0.000779802 3.13364e-05 2.11021e-05 7.033e-06
0.000998659 4.95224e-05 2.91522e-05 5.53612e-06
1.65833e-06 7.40621e-05 7.00519e-05 7.53398e-06
0.000805722 7.68527e-05 5.03831e-05 1.38367e-05
0.00089987 9.48839e-05 7.43208e-05 1.03671e-05
0.000200989 7.11166e-05 8.43196e-05 5.10734e-06
0.000113034 5.76524e-05 9.13679e-05 1.53053e-05
0.000633512 2.67222e-05 5.97881e-05 7.32967e-06
0.00086601 9.12377e-05 6.84224e-05 6.09793e-06
0.000933724 4.45198e-05 4.33402e-05 6.34597e-06
0.000511191 3.4502e-05 8.08738e-05 1.66245e-05
0.00077584 3.38386e-05 6.83603e-05 5.3637e-06
0.000342716 7.04692e-05 9.61044e-05 1.52938e-05
2.39904e-05 8.60255e-05 3.27283e-05 7.44955e-06
0.000438144 4.03723e-05 7.38209e-05 1.64151e-05
0.000440797 9.36259e-06 4.88731e-05 6.03137e-06
0.000186949 5.28476e-05 9.29283e-08 4.26413e-06
1.848e-05 7.627e-05 7.32176e-06 4.33135e-06
0.000418458 1.20732e-05 3.24712e-05 3.67269e-06
0.000302358 4.73184e-05 2.30834e-05 1.07088e-05
4.0198e-05 5.03138e-09 3.45514e-05 6.38924e-06
0.000422733 1.92479e-05 3.87643e-05 6.78452e-06
4.48497e-06 7.09586e-06 8.03367e-05 1.26016e-05
0.000833833 4.18682e-05 7.99665e-05 1.44881e-05
0.000944986 4.96053e-05 3.01624e-05 1.109e-05
0.000776764 5.85517e-05 5.22423e-05 4.77786e-06
0.000520397 3.32617e-05 4.93068e-05 4.41202e-06
0.000616952 9.69061e-06 5.62651e-05 7.48194e-06
0.000476017 5.01789e-05 1.62181e-05 1.16412e-05
0.000205292 4.18783e-05 6.30937e-05 6.1109e-06
0.000472555 8.11275e-05 3.0571e-05 5.89288e-06
7.71681e-05 6.02405e-05 9.06299e-05 3.97349e-06
0.000490229 6.66648e-06 5.1288e-05 7.28668e-06
0.000130263 5.04887e-05 9.88574e-05 4.79974e-06
0.000173116 9.86452e-05 8.23047e-05 2.98642e-06
0.000845135 5.39395e-05 9.24995e-05 2.95505e-06
0.000543683 8.57631e-05 4.13667e-05 5.91287e-06
0.000780221 8.52235e-05 3.20052e-05 4.16841e-06
0.000767005 9.75504e-06 4.95225e-05 1.43401e-05
0.000314973 4.45487e-05 7.01275e-05 1.40467e-05
0.000869614 4.97141e-05 1.10012e-06 8.14318e-06
0.00056116 6.67616e-05 3.3528e-05 1.16532e-05
0.000923131 7.93456e-08 9.54064e-05 8.13743e-06
0.00052564 1.1314e-05 5.99902e-05 6.7536e-06
3.07142e-05 6.92512e-05 9.85619e-05 1.17347e-05
0.000972208 7.91659e-05 3.82595e-05 8.4098e-06
0.000364916 2.84449e-05 6.97941e-05 1.07654e-05
0.00052036 9.43695e-05 6.98333e-05 5.0437e-06
0.000656119 8.62271e-05 6.65493e-05 6.40872e-06
0.000344772 9.96232e-05 4.35618e-05 6.7506e-06
0.000211404 3.24528e-07 5.64668e-05 2.20081e-06
0.000570187 1.33553e-05 4.36052e-05 5.7482e-06
0.000530335 4.10131e-05 8.77069e-07 6.77215e-06
0.000138019 7.1888e-05 7.12581e-05 5.46174e-06
0.000250454 4.84883e-05 5.76031e-05 8.98235e-06
0.00079078 8.86814e-06 9.36013e-05 1.2264e-05
0.0009098 3.93587e-05 1.55052e-05 3.40849e-06
0.000718883 6.15793e-06 5.97327e-05 2.25621e-05
0.000305427 6.02419e-05 3.87378e-05 8.32913e-06
0.000155419 5.21015e-05 6.29023e-05 5.72672e-06
0.000237763 2.17338e-05 8.4876e-05 9.29725e-06
0.000779603 6.50619e-05 1.97659e-05 5.69702e-06
0.000246947 6.34929e-05 8.9735e-06 9.12883e-06
0.000646314 4.15498e-09 1.59172e-05 1.06854e-05
0.000301303 6.04914e-05 7.98576e-05 9.86693e-06
0.000532386 7.97635e-05 4.81271e-05 8.55505e-06
0.000773827 4.0695e-05 9.02725e-05 9.92714e-06
0.000952919 3.33401e-05 5.65698e-05 1.95079e-05
0.000351201 3.43505e-05 7.58055e-05 5.33119e-06
0.000902235 9.28129e-06 7.4302e-05 2.39461e-06
0.00092972 4.60822e-05 1.01932e-05 8.4098e-06
3.19583e-05 2.03231e-05 5.99169e-06 5.27569e-06
0.000807759 3.21897e-05 6.37775e-05 7.42063e-06
0.000735321 7.09142e-05 2.21837e-05 6.85686e-06
0.000245821 7.86026e-05 5.08168e-06 6.51466e-06
0.000787046 8.00228e-05 1.9913e-05 1.07981e-05
0.000727927 4.96054e-05 5.09996e-05 7.20083e-06
0.000636397 8.9546e-05 4.67495e-05 5.59447e-06
0.00069048 3.35445e-05 5.70753e-05 6.52339e-06
0.000344789 7.17882e-06 9.1249e-05 3.65517e-06
0.000734367 6.88067e-05 9.78221e-06 6.3033e-06
0.000310714 6.06761e-05 6.44894e-05 8.15448e-06
0.000720369 2.19952e-05 5.97673e-05 1.49242e-05
0.000892134 8.21161e-05 9.01691e-05 2.6356e-06
0.000185957 9.19555e-05 9.52167e-05 5.87525e-06
0.000197961 2.5579e-06 3.05468e-05 2.47724e-06
0.000741826 8.9969e-05 3.06686e-05 5.45846e-06
0.000103285 2.45541e-05 3.04659e-05 6.58804e-06
0.000435729 3.60701e-05 7.48908e-06 2.738e-06
0.000170601 9.60181e-05 4.69315e-05 4.12937e-06
0.000922395 3.07922e-05 2.62656e-05 8.25421e-06
0.0005369 6.55563e-06 9.52404e-05 6.76821e-06
0.000591489 6.05241e-05 1.9535e-06 5.28442e-06
0.000767488 9.95026e-05 6.45213e-05 9.41213e-06
0.00038555 4.17439e-05 1.65219e-05 3.41139e-06
0.000840464 6.45675e-05 5.92179e-05 4.58147e-06
0.00087819 2.1158e-05 8.59899e-05 1.62255e-05
0.000879093 6.40113e-05 1.46435e-05 4.92153e-06
0.000342527 5.80595e-05 1.75215e-05 3.19867e-06
0.000589674 2.07024e-05 6.25218e-05 8.72962e-06
0.000281669 6.03495e-05 6.99944e-05 1.11419e-05
0.000206146 3.50104e-05 7.15509e-05 4.81707e-06
0.000377531 8.95583e-05 8.07631e-05 9.85246e-06
0.000886818 1.12635e-05 3.97844e-05 1.95631e-05
7.72902e-05 4.32812e-05 5.7745e-05 8.5459e-06
4.37498e-05 8.10328e-05 1.21922e-06 1.14786e-05
0.000188086 7.76814e-05 6.24493e-05 5.2891e-06
0.00068487 9.80328e-05 7.84023e-05 8.48569e-06
0.000285478 7.85836e-05 4.98506e-05 1.44395e-05
0.00033716 8.68823e-05 4.20264e-05 8.13515e-06
0.000426914 1.73499e-06 4.20597e-05 1.12128e-05
0.000225436 1.06743e-05 9.66136e-05 3.22257e-06
0.000999556 4.12565e-05 4.27964e-05 7.21474e-06
0.00078814 3.9433e-05 2.24567e-05 4.66185e-06
4.41492e-05 8.0376e-05 5.02196e-05 9.83242e-06
0.000581736 7.8797e-05 9.90202e-05 6.5312e-06
0.000964802 2.77271e-05 8.50694e-05 3.71988e-06
0.000923003 5.53887e-05 3.93323e-05 7.01041e-06
8.70364e-05 8.7661e-05 1.82235e-05 3.41161e-06
0.000439943 3.35133e-05 9.12996e-05 6.95665e-06
0.000475604 6.65754e-05 5.03698e-05 6.24804e-06
0.000434327 5.60997e-05 1.22381e-05 3.00721e-06
0.000926117 3.13676e-05 8.13165e-05 5.02011e-06
0.000134108 5.38042e-05 2.4573e-05 3.58871e-06
0.000116384 6.10727e-05 3.99517e-05 7.39449e-06
0.000908884 8.48995e-05 5.20796e-05 4.17668e-06
0.000329708 1.64212e-05 9.09292e-06 7.74415e-06
0.000384389 2.81394e-05 6.30852e-05 4.09716e-06
7.68584e-05 4.18489e-05 9.54085e-05 7.88479e-06
0.000581148 9.66992e-05 6.3018e-05 4.9255e-06
0.000216258 9.92842e-05 2.55802e-05 4.77373e-06
0.000468253 5.13605e-05 9.32233e-05 6.80646e-06
0.00051276 4.34125e-05 3.94475e-05 7.25667e-06
0.000541779 5.37537e-06 4.93498e-05 2.57373e-06
0.000130002 2.88793e-05 9.82639e-05 1.77193e-05
0.000157452 6.33884e-05 5.87533e-06 4.70382e-06
0.000688806 9.89919e-05 5.66263e-05 5.92665e-06
0.000859185 4.60043e-05 1.26621e-05 5.49699e-06
0.000481192 5.15212e-05 7.35506e-05 7.26467e-06
0.000950903 4.42911e-05 1.67539e-05 4.0994e-06
0.000764584 5.50711e-05 9.23262e-05 4.77925e-06
3.12992e-05 9.61795e-05 2.10668e-05 9.6534e-06
0.000783583 8.01095e-05 8.89514e-05 5.19857e-06
0.000595766 1.86204e-05 1.4861e-05 7.80323e-06
0.000524445 4.03246e-05 5.69085e-05 6.7073e-06
0.000776076 2.22244e-05 7.1557e-05 5.78394e-06
0.000337861 7.10347e-05 2.66223e-05 2.51689e-06
0.000869512 2.97326e-05 4.41248e-05 2.64831e-06
0.000255437 9.32842e-05 1.7276e-05 7.40177e-06
0.000894621 7.69409e-05 3.84063e-05 1.67423e-06
0.000508586 5.95378e-05 9.97656e-05 9.05672e-06
0.000178875 9.65347e-05 5.8405e-06 7.45043e-06
0.000712499 2.29287e-05 4.11664e-05 5.29483e-06
5.97191e-05 8.36201e-05 7.43916e-05 1.14028e-05
0.000118679 7.85065e-05 8.23267e-05 1.35959e-05
8.45529e-05 3.37342e-05 6.85494e-05 7.59804e-06
0.000312396 5.16487e-06 7.57508e-05 1.12412e-05
0.000537011 5.06886e-05 3.8754e-06 5.35942e-06
0.000887232 3.39797e-05 4.85026e-05 7.16071e-06
0.000947121 5.13623e-05 4.03639e-06 1.00053e-05
5.45549e-07 8.66601e-05 8.92755e-05 8.06602e-06
0.000750778 9.474e-05 3.14854e-05 3.40113e-06
0.000492909 6.76781e-05 3.93277e-05 1.58794e-05
0.000552397 7.7511e-05 4.20094e-05 4.60336e-06
0.000719105 6.14656e-05 5.9948e-05 1.57998e-05
0.000832325 1.91044e-05 5.37203e-05 7.33588e-06
0.00051091 8.99069e-05 6.73101e-05 4.97116e-06
0.000746875 2.26127e-06 6.71701e-05 1.58589e-06
7.78804e-05 4.98292e-05 2.50536e-05 7.10002e-06
0.000244148 4.46935e-06 5.8285e-05 4.62947e-06
0.000902181 3.66866e-05 1.29783e-05 3.58214e-06
9.61819e-05 3.02303e-05 7.66239e-05 6.98647e-06
0.000560899 6.75971e-06 1.09983e-05 2.94086e-06
0.000792674 9.46857e-07 5.14013e-05 1.28633e-05
0.000977699 5.15997e-05 4.21834e-05 1.57932e-05
0.000326819 5.07184e-05 9.78801e-05 7.55121e-06
0.000641359 9.39666e-05 5.57608e-05 5.54261e-06
7.18805e-05 9.96314e-05 6.07641e-05 4.46964e-06
0.000874512 4.25214e-05 5.44217e-05 5.47252e-06
0.000895934 6.98127e-05 4.7198e-05 9.63823e-06
0.000549359 3.59292e-05 6.71485e-05 2.36844e-06
0.00058709 4.59379e-05 1.61249e-05 4.59207e-06
0.000178312 3.12859e-05 1e-05 9.86668e-06
0.000440565 7.65694e-05 8.94954e-05 2.03554e-06
0.0003987 8.98277e-05 8.97494e-05 7.65489e-06
0.000541309 8.58439e-05 6.32297e-05 7.86306e-06
0.000797182 5.90947e-05 5.97131e-05 8.6014e-06
0.000155045 2.95547e-07 2.988e-05 3.61738e-06
0.000622885 2.67477e-05 8.29206e-05 9.172e-06
0.000982689 1.97563e-05 7.79668e-05 5.86948e-06
0.0003368 4.33817e-05 3.02075e-05 6.68396e-06
0.000189282 8.54628e-05 1.08579e-05 8.55161e-06
0.000297749 7.12006e-05 6.57936e-05 8.0896e-06
0.000463423 9.92361e-08 1.87728e-05 6.85753e-06
0.000784525 3.75701e-05 5.80991e-05 8.13716e-06
0.000631228 7.30351e-05 4.32199e-05 3.67709e-06
0.000692105 6.4009e-05 6.82247e-05 7.58598e-06
0.000183045 1.01717e-05 9.63568e-05 1.50971e-05
0.000852748 5.36558e-05 6.19119e-05 3.68798e-06
0.000691841 9.92923e-05 4.34937e-05 5.91287e-06
0.000644875 5.55366e-05 2.25076e-05 4.57975e-06
0.000262803 8.72717e-05 9.89758e-05 5.30961e-06
0.000600465 2.74412e-05 1.35952e-06 7.20225e-06
0.000153928 6.658e-05 4.78887e-05 2.24366e-05
0.000282143 9.86796e-05 4.76039e-05 4.98235e-06
0.000903465 5.58439e-05 3.83991e-05 3.48116e-06
9.01566e-05 9.72137e-05 1.11594e-06 9.31227e-06
0.000274918 4.9445e-05 3.00603e-06 1.3008e-05
0.000346199 9.25504e-05 3.62625e-05 3.41363e-06
0.000591308 5.44616e-05 1.94198e-05 5.47299e-06
9.50215e-05 2.84066e-05 5.25965e-05 1.00998e-05
0.000956512 5.69871e-05 7.4034e-05 8.61216e-06
2.95217e-05 4.50909e-05 7.89026e-05 2.15837e-06
0.000962258 3.11979e-05 7.53632e-06 3.50387e-06
0.000442489 6.27051e-05 7.06662e-05 7.05939e-06
0.000368374 9.22396e-05 1.2943e-05 2.75852e-05
0.000321092 5.82822e-05 6.09904e-05 3.05645e-06
0.00013454 6.99035e-08 8.59208e-05 7.21234e-06
0.00029106 7.43287e-05 6.96307e-06 5.78903e-06
0.000376098 3.68826e-06 7.18578e-05 6.0659e-06
3.42649e-05 4.40991e-05 9.1259e-05 6.75576e-06
5.94601e-05 2.18222e-05 9.73215e-06 8.07192e-06
0.00023925 4.60611e-05 7.79796e-05 7.84813e-06
0.000289861 1.7587e-06 9.07293e-05 1.76285e-05
7.80825e-05 4.3576e-05 6.97223e-05 2.68361e-06
0.000383363 5.58107e-05 4.39326e-05 1.76208e-06
0.00076174 7.77883e-06 9.99068e-05 1.00591e-05
0.000102426 6.69283e-05 1.34463e-05 1.12326e-05
0.000331301 5.164e-05 3.8401e-05 2.23356e-06
0.000282668 4.10317e-05 4.38272e-05 2.81722e-06
0.000435906 3.34212e-05 3.37558e-06 2.15786e-06
0.000446874 5.21896e-05 7.01235e-06 5.21295e-06
0.000601395 7.56634e-05 6.53941e-05 5.19501e-06
0.000595919 6.00138e-05 8.96377e-05 8.64473e-06
0.000857794 9.30773e-06 3.23296e-05 9.4733e-06
0.000845862 5.04878e-05 5.33187e-05 6.83787e-06
0.000168543 8.00023e-05 1.18244e-05 1.29165e-05
0.000624631 6.70234e-05 3.82581e-05 4.20565e-06
6.66704e-06 3.88139e-05 2.99188e-05 7.85733e-06
0.000531186 3.0525e-05 3.10531e-05 1.11157e-05
0.000316651 3.78866e-05 1.31827e-05 4.43774e-06
0.000320029 5.43334e-05 1.14852e-05 7.52459e-06
0.000866028 6.86575e-06 7.54229e-05 6.20001e-06
0.000499514 6.42023e-05 8.92363e-05 5.57951e-06
0.000494612 8.55498e-05 6.94998e-05 4.51786e-06
0.000503197 1.87773e-05 8.44752e-05 6.53217e-06
1.48006e-06 1.6186e-05 1.92952e-05 1.83537e-05
0.000764824 4.32004e-05 5.31267e-05 5.18065e-06
0.000439329 7.10873e-05 4.94357e-05 4.6002e-06
0.000706005 7.30528e-05 4.12823e-05 3.65018e-06
0.000637387 1.94979e-09 3.48313e-05 8.49433e-06
9.08834e-06 8.11107e-05 7.31281e-06 6.2344e-06
0.000842847 7.94015e-05 7.36362e-06 2.63739e-05
0.000964482 7.67953e-05 5.05862e-05 4.09015e-06
0.000901507 9.08161e-05 3.10085e-05 1.36014e-05
7.44133e-05 1.09971e-06 6.86216e-05 3.91541e-06
7.36618e-05 9.98773e-05 7.64998e-05 4.09243e-06
0.000537407 5.20955e-05 1.69872e-05 3.81858e-06
0.000920049 4.37832e-05 3.87138e-05 4.98111e-06
0.000473451 9.46748e-05 3.05481e-05 1.88408e-06
0.000854388 9.52861e-05 3.49479e-05 4.7452e-06
0.000428609 2.9877e-05 3.25045e-05 3.39602e-06
0.000975443 1.90796e-05 7.08634e-05 4.30063e-06
7.73363e-05 1.63495e-05 7.55233e-06 1.07499e-05
0.000487056 3.44056e-05 2.0137e-05 7.82909e-06
0.000773735 5.58122e-05 9.78299e-05 5.92454e-06
0.000387862 7.39029e-05 3.04046e-05 9.0481e-06
0.00064574 1.09109e-05 2.91033e-05 6.27933e-06
2.67868e-05 9.71718e-05 3.95046e-05 5.18964e-06
0.000957602 8.29389e-05 4.11999e-07 2.12307e-05
0.000777192 5.52795e-05 2.67317e-05 1.9602e-06
0.00034656 9.16341e-05 8.14548e-05 9.77513e-06
0.000230722 7.1559e-05 7.42682e-05 3.67572e-06
0.000739909 2.26141e-05 5.04045e-05 5.57705e-06
0.000898459 1.42659e-05 1.7292e-05 1.0613e-05
0.000908346 3.11844e-05 7.97865e-05 5.78688e-06
0.000754471 5.98332e-05 8.01385e-05 3.06554e-06
0.000287729 3.58914e-05 5.08875e-05 3.23811e-06
0.000365739 2.97479e-05 2.61434e-05 2.20493e-05
0.000807982 8.34042e-05 1.99986e-05 1.0345e-05
0.000476993 4.60871e-05 9.92502e-05 5.0369e-06
0.00084938 6.11904e-05 8.97884e-05 3.41365e-06
0.00020435 2.73424e-05 7.08549e-06 4.89788e-06
0.000760142 3.67955e-05 5.93413e-05 2.81083e-06
0.000279566 6.98624e-05 8.14846e-05 5.40165e-06
0.000741364 3.99945e-05 4.23474e-05 7.28148e-06
0.000377852 5.34722e-05 2.99001e-05 1.01639e-05
0.000948154 2.74618e-05 8.9841e-05 6.2711e-06
0.000235492 7.51378e-07 1.9484e-06 1.18786e-05
0.000304226 8.22459e-06 4.7508e-05 5.56633e-06
0.000875147 1.97422e-05 1.06416e-05 7.85524e-06
0.000710903 3.41305e-05 3.54058e-05 3.88003e-06
0.000137497 5.89733e-05 7.05779e-05 1.26382e-05
0.000895445 3.78524e-05 2.03966e-05 6.50592e-06
0.00093952 8.13048e-05 2.30174e-05 6.49751e-06
0.000424826 2.0522e-05 2.38182e-05 6.91368e-06
0.000618584 7.41852e-05 3.54686e-05 4.00096e-06
0.000226419 3.04491e-05 7.72877e-05 3.22893e-06
0.000121436 6.38227e-05 1.10615e-05 8.17592e-06
7.72541e-05 8.04515e-05 3.74325e-05 2.70549e-06
0.000640293 2.20361e-05 3.30744e-05 6.72565e-06
0.000557498 3.9003e-05 3.00096e-05 6.3402e-06
0.000621177 4.76058e-05 3.42301e-07 2.25665e-05
0.000393247 2.9678e-05 3.86863e-05 6.04296e-06
0.000895229 3.03116e-05 3.53608e-05 6.3207e-06
0.000400611 1.94432e-06 9.37541e-05 5.26648e-06
0.000430005 3.27919e-05 5.65781e-05 4.34683e-06
0.00073186 3.8847e-05 8.48094e-05 1.09516e-05
6.72562e-05 8.06582e-05 4.9902e-05 1.32785e-05
0.000645182 4.80309e-05 2.39416e-05 2.58987e-06
0.000874911 8.92975e-05 8.7249e-05 1.49379e-05
0.000154082 6.11678e-05 9.99189e-05 2.19688e-06
0.000336579 5.37903e-05 8.8626e-05 5.55525e-06
0.000356797 6.75995e-05 6.55305e-05 6.74214e-06
0.000818047 3.16221e-05 5.7038e-05 4.8644e-06
0.000424649 9.987e-05 6.9937e-05 9.698e-06
0.000383527 4.11008e-05 1.00577e-05 3.39238e-06
0.000996542 5.72094e-05 2.01135e-05 6.10224e-06
0.000703455 4.13248e-05 9.7358e-05 7.00084e-06
0.000506851 2.66973e-06 7.1761e-05 1.06822e-05
0.000570885 3.97663e-06 4.06722e-05 2.60149e-06
0.000742902 5.88463e-05 4.42005e-05 1.12015e-05
0.000623663 9.13754e-05 5.01657e-05 6.62773e-06
7.10362e-05 6.27853e-05 6.84927e-05 4.06918e-06
0.000389791 1.88947e-07 9.32672e-05 3.97681e-06
0.000210437 1.16196e-05 5.79668e-05 5.99427e-06
0.000758634 5.65553e-05 2.83031e-05 6.52267e-06
0.000631606 9.08832e-05 2.70142e-05 2.95061e-06
0.000385056 6.87233e-05 1.78983e-05 4.83895e-06
0.000450763 7.34056e-08 9.30533e-05 6.61914e-06
0.000744391 6.07481e-05 2.71967e-05 7.65991e-06
0.000841368 9.93388e-05 2.09666e-05 1.28489e-05
0.000517521 2.53567e-05 6.27865e-05 5.08754e-06
0.000357962 5.00301e-05 2.00133e-05 3.85859e-06
0.000578425 1.02387e-05 3.25846e-05 8.36011e-06
0.000655744 3.90083e-05 8.54598e-05 4.15916e-06
9.24697e-05 4.8999e-05 1.33323e-05 6.92505e-06
0.000292395 2.23124e-05 1.9214e-05 3.83992e-06
0.000188164 1.05422e-05 7.91457e-05 7.47654e-06
9.14008e-05 3.13375e-05 1.75563e-05 9.15296e-06
0.000739048 9.78991e-05 9.44686e-05 6.25047e-06
0.000799331 6.00184e-05 9.92412e-05 4.22254e-06
0.000589912 7.95143e-05 8.16499e-05 9.23896e-06
0.000111601 9.81007e-05 3.04654e-05 3.08601e-06
0.000843964 5.17726e-05 6.56202e-05 5.67524e-06
0.000486905 6.27076e-05 6.11183e-05 9.82044e-06
0.000258172 4.49694e-05 9.2884e-05 2.39462e-06
0.000704983 8.76888e-05 1.98206e-05 4.51263e-06
0.000467663 3.97943e-05 3.48051e-05 1.33453e-05
0.000441037 4.45296e-05 9.93773e-05 6.74742e-06
0.000656352 5.86069e-05 1.00376e-05 1.07856e-05
0.000526534 8.72164e-05 6.47231e-05 5.56111e-06
0.000857509 3.14755e-05 9.82842e-05 4.75845e-06
0.000395367 4.52186e-05 3.28219e-05 8.17113e-06
0.000952159 9.49163e-05 4.93295e-05 4.49257e-06
0.000536842 6.55097e-05 8.2112e-05 3.82016e-06
0.000557555 3.92916e-05 9.99697e-05 4.92762e-06
0.000115397 3.09437e-05 4.45036e-05 5.66143e-06
0.000994436 8.16973e-05 5.88008e-05 5.67376e-06
0.00094596 3.72088e-05 2.34737e-06 1.1681e-05
0.000214515 2.30677e-05 8.35769e-05 4.06613e-06
0.000137643 2.66005e-05 3.05493e-05 7.36127e-06
0.000743631 4.96537e-05 3.01258e-05 5.16977e-06
0.000823883 8.03318e-05 6.45226e-05 6.24567e-06
6.19304e-06 3.19304e-05 5.04066e-05 6.42658e-06
0.00012589 5.27536e-05 5.77263e-05 1.03361e-05
0.000491892 3.62909e-05 4.40954e-07 1.24918e-05
0.00057585 5.33984e-05 1.94715e-05 4.84721e-06
0.000254743 5.54115e-05 4.43198e-07 4.97257e-06
0.000234689 2.74894e-05 9.9353e-06 5.10311e-06
0.00085979 9.67485e-05 8.0777e-05 3.11907e-06
3.62214e-05 5.58238e-05 6.96653e-06 5.03614e-06
0.000920561 2.08297e-05 1.40212e-06 5.59398e-06
0.000125393 5.42584e-05 4.99119e-06 3.39912e-06
0.000438748 7.43957e-05 1.18992e-06 8.6137e-06
0.000346109 5.96194e-05 4.35429e-05 3.24909e-06
0.000975857 2.95821e-05 4.0123e-05 5.88652e-06
4.32137e-05 8.34374e-05 2.20858e-05 2.20419e-06
0.000916481 9.9995e-05 7.20703e-05 7.15756e-06
0.000157925 1.3608e-05 6.23255e-05 2.5412e-06
6.29185e-05 6.98236e-05 2.48174e-05 2.04965e-05
0.000501595 4.77896e-05 6.73549e-05 7.32141e-06
0.000165957 9.21524e-05 2.46352e-05 4.92808e-06
0.000956651 6.80483e-05 4.12056e-05 1.09368e-05
0.00093728 1.17092e-05 9.68139e-05 1.02315e-05
0.000962833 7.57375e-05 2.20063e-05 1.00955e-05
0.000771136 6.44094e-05 4.57392e-05 5.42909e-06
0.000513806 5.10589e-05 2.33194e-05 2.04329e-06
7.04559e-05 3.19283e-05 4.04231e-05 1.32633e-05
9.92866e-05 2.21312e-05 6.41511e-05 3.7231e-06
0.000458616 6.12765e-05 5.61813e-05 1.24727e-05
0.000638717 3.74709e-05 8.20034e-05 8.51407e-06
0.000700422 6.53444e-05 4.99333e-05 3.83618e-06
0.000286234 6.5422e-05 1.9844e-05 1.00945e-05
0.000769876 4.54917e-05 2.0373e-05 9.86158e-06
6.3893e-05 3.2543e-05 9.81646e-05 8.31079e-06
0.000475817 1.66832e-05 3.32032e-05 1.47231e-06
0.000425611 8.09476e-05 8.99488e-05 2.44861e-06
0.000785982 8.98789e-05 9.9781e-05 8.947e-06
0.000731489 5.69817e-05 4.3013e-06 7.0441e-06
0.000815345 7.19674e-05 7.08705e-05 7.28825e-06
0.000447351 3.72277e-07 1.70951e-05 4.81669e-06
3.59448e-05 9.10629e-05 7.92053e-05 1.33199e-05
0.00033404 7.13101e-05 7.08409e-05 1.69196e-05
0.000171037 9.92818e-05 9.67534e-05 4.8609e-06
0.000154265 8.25915e-05 9.00333e-05 1.9736e-05
1.28718e-05 8.54131e-05 6.79329e-05 8.10529e-06
0.000584998 1.25415e-07 9.55164e-05 4.45623e-06
0.000519598 6.98322e-05 5.6077e-05 8.86687e-06
0.000578924 6.61015e-05 9.83298e-06 1.03803e-05
2.24676e-05 3.37857e-05 7.91798e-05 6.07925e-06
0.00010475 1.78779e-05 7.96293e-05 8.62235e-06
0.000596004 6.49993e-06 1.38594e-05 4.11173e-06
0.000929903 8.9483e-05 7.97416e-05 4.54823e-06
0.000340044 3.75469e-05 4.03738e-05 5.43386e-06
0.000565597 4.92888e-05 2.52142e-05 7.60215e-06
0.000138822 5.00214e-05 3.11637e-05 5.35405e-06
0.000954085 1.73112e-05 7.82653e-05 1.02277e-05
0.000913952 2.09125e-05 1.08776e-05 1.3032e-06
0.000777724 9.50162e-05 3.07861e-05 5.59848e-06
0.000916703 9.2969e-05 9.38166e-06 8.65369e-06
0.000640226 8.66798e-05 3.68948e-05 5.29824e-06
0.00015135 9.89572e-06 9.09811e-05 1.29057e-05
0.000543354 3.17723e-05 1.73698e-05 1.43385e-05
0.000178948 1.58866e-05 1.19906e-05 8.31119e-06
0.000629964 9.88559e-05 2.31692e-05 5.37724e-06
0.000871306 8.86767e-05 5.29289e-05 7.24628e-06
0.000295096 5.25599e-05 3.66099e-06 3.73983e-06
0.00048761 8.1268e-05 5.8745e-05 8.91499e-06
0.000614003 9.79001e-05 4.9387e-05 5.05483e-06
0.000433079 8.19848e-05 4.33317e-05 8.52518e-06
0.000728027 2.1957e-05 2.07493e-05 7.4686e-06
0.000807211 7.34962e-05 9.71519e-05 3.16154e-06
0.000171556 5.97629e-05 1.8941e-05 7.1415e-06
0.000597798 7.64072e-05 9.91862e-05 9.70881e-06
0.000158777 8.01783e-05 2.59926e-05 3.79936e-06
0.000566404 2.36973e-06 3.18205e-05 3.518e-06
0.000506246 7.15052e-05 9.28146e-05 4.80673e-06
4.59739e-05 4.78924e-05 2.01922e-05 1.4275e-05
0.000964797 2.93788e-05 3.91731e-05 2.08944e-06
0.000719064 5.02268e-05 1.08283e-05 8.38538e-06
0.000309225 8.23171e-05 6.83058e-05 3.45323e-06
0.000105506 1.24892e-05 5.79601e-05 7.77564e-06
0.000250288 9.46982e-05 9.74499e-05 4.64729e-06
0.000630766 1.31063e-05 3.27329e-05 6.33679e-06
0.000116596 9.66271e-05 4.64358e-05 1.09233e-05
0.00086703 2.03205e-05 6.92406e-05 6.49323e-06
0.000575597 2.01349e-05 7.90098e-05 1.13535e-05
0.000241163 3.29021e-05 9.75341e-05 6.64907e-06
0.000171764 9.93193e-06 7.74075e-05 9.02596e-06
0.000470808 7.85745e-05 4.71978e-05 7.05772e-06
0.000581149 7.73477e-05 7.54072e-05 1.73154e-06
0.000812645 8.9747e-05 7.06272e-05 9.63551e-06
0.000554472 1.44512e-05 1.40489e-05 3.65777e-06
4.00118e-05 5.53519e-05 6.81199e-05 2.12112e-06
0.000446141 1.77738e-05 4.9159e-05 3.46873e-06
0.00062482 5.96533e-05 2.11494e-05 5.90238e-06
0.000942701 5.25904e-05 1.74011e-05 4.12478e-06
0.000584018 5.11296e-05 3.89257e-05 1.54356e-05
0.000335291 6.82737e-05 1.14095e-05 1.06825e-05
0.000533134 5.26819e-05 6.68912e-05 2.68122e-06
1.74297e-05 7.10421e-05 7.96068e-05 1.09554e-05
0.000126443 1.93681e-05 5.65617e-05 1.43066e-05
0.000926667 1.86623e-05 6.01735e-05 1.51946e-05
0.000204182 8.00997e-05 4.00062e-05 1.01908e-05
0.00043511 9.07511e-05 6.87967e-05 3.74838e-06
0.00082833 1.60002e-05 1.24797e-05 3.41128e-06
0.000609603 4.80676e-05 2.7201e-05 1.27376e-05
2.70307e-05 5.00365e-05 4.34194e-06 6.13755e-06
8.05106e-05 5.39888e-05 9.58137e-05 4.79912e-06
0.000847134 9.32472e-05 3.51787e-05 2.64114e-06
0.000331472 6.7243e-05 5.09678e-05 3.13826e-06
1.50203e-05 9.05372e-05 5.49475e-05 2.79332e-06
0.000981164 5.84562e-05 8.83095e-05 1.99127e-05
0.000785019 2.13898e-05 5.32006e-05 5.47296e-06
0.000271714 8.77346e-05 1.94372e-05 2.61946e-06
0.000865166 3.46729e-06 4.60498e-05 4.28744e-06
1.89883e-05 5.99812e-05 4.28668e-06 4.19944e-06
0.000355549 5.8594e-05 4.97223e-05 5.31169e-06
0.000877252 8.69586e-05 3.39133e-05 9.49654e-06
0.00036051 5.38372e-05 1.10656e-05 5.83416e-06
0.000763747 1.01143e-05 1.98734e-05 5.54977e-06
0.000735266 8.27641e-05 4.99907e-05 1.6181e-05
0.000776119 2.57692e-05 5.97899e-05 6.41104e-06
0.000251203 1.4307e-05 3.29209e-05 9.19249e-06
0.000980486 6.99929e-05 4.85171e-06 3.30357e-06
0.000841749 6.47935e-05 8.89326e-05 4.92354e-06
0.000185919 6.1949e-05 6.76868e-05 3.32071e-06
0.000107313 1.2834e-05 4.35176e-05 6.13377e-06
0.000462252 3.02522e-05 5.08735e-05 1.71211e-05
0.000223176 3.75492e-05 1.96739e-05 9.80909e-06
0.000277358 4.78356e-05 8.23966e-05 9.61345e-06
0.000146977 9.47133e-05 4.96668e-05 1.96884e-05
2.59813e-06 2.20644e-05 4.89083e-05 4.1803e-06
0.000157842 8.02014e-05 6.9795e-05 4.48085e-06
0.000880237 1.66794e-07 6.91742e-05 1.06054e-05
0.000758721 4.51092e-05 4.31955e-05 6.63117e-06
0.000593419 2.24212e-05 7.48514e-05 3.13392e-06
0.000473411 5.12849e-05 4.19038e-05 5.30485e-06
0.000331969 9.64776e-05 8.02156e-05 5.60948e-06
0.000340797 5.67423e-06 5.78352e-05 5.82133e-06
0.000838521 9.00912e-05 7.59345e-05 7.01647e-06
0.00080199 2.45113e-05 7.46086e-05 6.63251e-06
0.000926793 8.04351e-05 4.07274e-05 6.73434e-06
0.000920814 1.7459e-05 8.03344e-05 1.37636e-05
0.000295396 6.71406e-05 9.96482e-05 2.1081e-06
0.000670481 4.06623e-05 6.21419e-05 2.5618e-06
0.00025595 9.93631e-05 2.82769e-05 5.09062e-06
0.000483113 7.44059e-05 8.22877e-05 1.45601e-05
0.000976729 2.83832e-05 8.78614e-05 8.54759e-06
0.000133071 5.08628e-05 8.70856e-05 6.27934e-06
0.000919923 2.14307e-05 4.0263e-05 6.3346e-06
1.19126e-05 6.09699e-05 6.46982e-05 5.66881e-06
7.8774e-05 8.92936e-05 7.00963e-05 8.93745e-06
0.000195898 8.30867e-05 5.47204e-05 6.95702e-06
0.000575105 5.83323e-06 4.74444e-05 3.68901e-06
0.000222978 6.1018e-05 7.97319e-05 2.09465e-06
0.000523295 9.83567e-05 5.75806e-05 6.887e-06
0.000865689 9.86886e-05 5.30872e-05 4.23509e-06
0.000226152 6.78007e-05 4.59654e-05 7.58548e-06
0.000354148 1.64796e-05 7.87103e-05 7.63626e-06
9.8305e-06 4.33757e-05 9.88963e-05 1.30944e-05
0.000376745 5.78993e-05 5.39379e-05 5.99713e-06
4.40851e-05 7.66255e-05 7.47735e-05 5.72884e-06
0.000759629 6.00497e-05 6.05352e-05 1.37533e-05
0.000350411 4.56634e-05 7.13542e-05 4.97328e-06
0.000692178 1.99147e-05 5.03822e-05 8.5195e-06
0.000642024 7.06999e-05 6.36573e-05 1.03539e-05
0.000654485 8.74221e-05 5.10277e-05 7.7856e-06
0.000304804 3.92591e-05 9.06289e-05 1.9249e-05
0.000656458 5.86793e-06 4.04501e-05 1.22345e-05
0.00058303 7.50977e-05 5.31674e-05 3.48627e-06
0.000968529 1.21051e-06 8.96063e-05 3.42745e-06
4.38628e-05 2.197e-05 8.83575e-06 7.07413e-06
3.07678e-05 3.69012e-05 8.40317e-05 4.02722e-06
2.07283e-05 8.76612e-05 9.15533e-05 7.02528e-06
0.000815406 6.00652e-05 8.99442e-05 1.39451e-05
0.000936249 9.19938e-05 8.9747e-05 7.49461e-06
0.00040021 5.09121e-05 1.02702e-05 1.49744e-05
0.000753208 3.94779e-05 2.98045e-05 8.80777e-06
0.000946012 8.05473e-05 3.15087e-05 4.21583e-06
0.000991136 7.87298e-05 4.16694e-05 6.44524e-06
0.000408478 8.24464e-05 3.98563e-05 1.48892e-05
0.000440409 1.45531e-05 2.74254e-06 4.55897e-06
0.000150583 6.5203e-05 2.13201e-05 1.22935e-05
0.000126269 1.01116e-05 3.03161e-05 1.26711e-05
0.000266303 1.8345e-05 8.17818e-05 1.03239e-05
0.000220443 6.57062e-05 7.75346e-05 3.67032e-06
0.000553467 8.77939e-05 5.94121e-06 5.98814e-06
0.000272264 3.86778e-05 4.21482e-05 3.19037e-06
0.000203284 3.17188e-05 2.06596e-05 5.25572e-06
0.000161642 3.93983e-05 7.59767e-05 7.28173e-06
0.000720967 6.19451e-05 2.54791e-06 4.64681e-06
4.8789e-06 6.0961e-05 2.11555e-07 5.76368e-06
0.000500071 3.58754e-05 3.96716e-05 5.8831e-06
0.000602636 9.90324e-06 6.15026e-05 7.45182e-06
0.000303583 3.04449e-05 6.00202e-05 4.46475e-06
0.000309517 7.3132e-05 1.90892e-05 1.44432e-05
0.000917705 8.90731e-05 7.97832e-05 6.2201e-06
9.84216e-05 8.3219e-05 6.278e-07 5.06687e-06
0.000220414 4.99254e-05 6.70362e-06 4.5686e-06
0.000314131 1.13149e-05 4.17123e-05 6.31856e-06
0.000557465 2.29474e-05 5.45658e-05 1.1713e-05
0.000193055 5.46789e-05 6.71035e-05 3.02479e-06
0.00072091 2.87454e-05 3.31341e-05 7.70887e-06
0.000650483 6.21333e-05 2.77918e-05 4.88019e-06
0.000865319 7.9183e-05 2.7964e-05 5.74357e-06
0.000622758 2.91695e-05 5.07141e-05 6.50623e-06
0.000669663 4.69524e-05 6.59984e-05 4.48794e-06
0.000366445 4.39087e-05 8.97879e-07 6.0729e-06
0.000752648 6.74313e-05 9.96518e-05 1.38999e-05
0.000188534 7.9886e-05 7.21399e-05 4.65916e-06
0.000392879 1.18308e-05 1.75987e-05 9.39944e-06
0.000399561 2.80928e-05 2.64823e-05 6.4647e-06
0.000524764 4.77255e-05 6.5473e-05 4.61644e-06
0.000457731 4.46219e-05 1.76465e-05 4.68839e-06
0.000834577 4.01195e-05 9.93728e-05 4.42264e-06
9.77106e-05 8.80873e-05 9.99155e-06 5.4908e-06
0.00050826 3.71643e-05 5.56556e-05 9.83065e-06
0.000584887 7.22049e-06 1.92057e-05 7.25713e-06
0.0004227 4.35426e-05 2.84359e-05 2.31141e-06
8.58793e-05 6.40185e-05 9.34137e-05 5.56259e-06
0.000232233 9.80391e-05 6.41372e-05 9.9151e-06
0.000105168 3.89051e-05 9.10312e-05 9.88091e-06
0.000131177 8.79002e-05 3.2067e-05 3.7819e-06
0.00029446 2.55073e-05 5.12159e-05 9.14095e-06
0.000332379 9.2683e-05 6.64794e-05 9.05318e-06
9.2096e-05 7.94065e-05 7.1682e-05 7.11034e-06
9.58062e-06 1.86389e-05 9.19192e-05 4.00727e-06
0.000830665 7.60354e-05 7.96239e-05 9.92144e-06
0.000899087 7.85067e-05 9.08807e-05 2.88734e-06
0.000367631 7.0037e-05 7.5364e-05 8.06216e-06
0.000826182 2.83733e-05 9.93898e-05 1.20922e-05
8.77402e-05 4.91967e-05 6.2891e-05 4.5184e-06
0.000705538 7.83353e-05 7.03081e-05 3.9934e-06
0.000101353 5.13379e-05 2.38285e-05 7.02151e-06
0.000308338 7.83377e-05 9.47484e-05 1.56932e-05
0.000414829 7.91044e-05 6.47799e-05 1.8236e-06
0.000711277 7.88476e-05 7.79469e-05 5.18668e-06
0.000618171 9.31485e-05 8.29026e-05 3.51543e-06
0.000292471 1.01053e-05 5.01791e-05 6.42357e-06
0.000952056 9.92187e-05 3.00032e-05 1.52822e-05
0.000514633 4.64014e-05 6.74529e-05 5.79101e-06
0.000726702 2.52855e-07 3.06784e-05 1.40724e-05
0.000833518 2.96928e-06 8.53949e-05 5.93929e-06
0.000206257 1.60831e-05 5.36904e-05 1.46742e-06
0.000139162 3.69045e-05 5.8401e-05 5.25193e-06
0.000391633 5.83679e-05 3.72022e-05 6.18263e-06
0.000303236 3.04387e-05 2.14982e-05 6.26787e-06
0.000978761 6.35547e-05 6.22014e-05 1.41782e-05
0.000645544 1.17923e-05 5.36539e-06 5.11167e-06
0.000799524 7.34282e-05 9.07899e-05 6.4545e-06
0.00040554 3.9811e-05 9.19108e-05 2.37893e-05
0.000367479 4.04097e-05 6.95973e-05 7.628e-06
0.000356171 1.10861e-05 5.15489e-05 1.05908e-05
0.000166833 5.17125e-05 7.08752e-05 8.20173e-06
0.000782566 5.45501e-05 1.01468e-05 8.74233e-06
0.000766182 7.39772e-05 8.0018e-05 1.04342e-05
0.000472482 4.56246e-06 4.78911e-05 1.05245e-05
0.000466528 9.07834e-05 4.82453e-05 4.49012e-06
0.000693231 2.53338e-05 8.12604e-05 2.00817e-05
0.000833251 3.51301e-05 5.75382e-05 1.00309e-05
0.000485644 4.07054e-05 6.3444e-05 8.13346e-06
0.000552657 2.61068e-05 7.94397e-05 1.23552e-05
0.000768925 7.52241e-05 9.32893e-05 3.17484e-06
1.81445e-05 6.13981e-05 2.66289e-05 5.04593e-06
2.55131e-05 2.0854e-05 1.45015e-05 5.37082e-06
0.000120268 6.77825e-05 6.4045e-05 6.90911e-06
0.000689042 9.59286e-06 5.94707e-05 5.05177e-06
0.000749699 8.688e-05 9.15289e-05 9.35396e-06
0.000886457 3.93335e-05 9.53252e-05 4.47349e-06
0.000292107 8.35768e-05 1.08145e-05 4.28356e-06
0.000814263 6.3299e-05 6.05704e-05 5.14713e-06
0.000908091 4.98855e-06 6.72242e-06 6.01302e-06
0.000274046 1.93246e-05 9.45501e-05 4.64073e-06
0.000631846 4.68205e-05 2.09692e-05 8.72873e-06
0.000395548 4.87691e-05 4.46087e-05 4.14005e-06
0.000956235 5.80379e-05 1.90474e-05 7.63888e-06
0.000533982 7.6944e-09 7.05016e-05 9.45059e-06
0.000268424 4.41584e-06 8.4581e-05 2.84482e-06
0.000592648 6.61151e-05 7.90112e-05 3.4672e-06
0.000164695 1.40466e-05 7.35697e-06 6.64546e-06
0.000172266 8.10965e-05 3.03753e-05 8.37082e-06
0.000601324 6.72123e-05 7.90012e-05 5.25182e-06
3.15474e-06 3.05517e-05 6.10631e-05 4.61583e-06
0.000368235 1.58879e-05 5.771e-05 2.57563e-06
5.36464e-05 8.86418e-05 1.28235e-05 5.29347e-06
0.000480216 9.04985e-05 5.14492e-05 3.9854e-06
0.000227525 6.90391e-05 2.03037e-05 4.76749e-06
0.000361227 1.19462e-05 9.65196e-05 1.42384e-05
0.000574824 2.37503e-05 5.13279e-07 1.80951e-05
0.000711928 7.58087e-05 1.29329e-05 6.41502e-06
0.000532425 2.76007e-05 5.75362e-05 1.08727e-05
0.000884498 7.33893e-06 2.89186e-06 3.30129e-06
0.000349106 5.85978e-05 2.97046e-05 1.06577e-05
0.000596364 9.07376e-05 1.10431e-05 1.1358e-05
7.12915e-05 1.71027e-06 1.30004e-05 5.99891e-06
0.000196959 9.88482e-05 8.05509e-05 1.00609e-05
0.000542987 7.81183e-05 4.52884e-05 2.10515e-06
0.000423134 9.53827e-05 5.64027e-05 4.05222e-06
0.000134407 6.60008e-05 8.72986e-05 5.57404e-06
2.99037e-06 9.50186e-05 1.44197e-05 2.34952e-06
0.000246659 2.22058e-05 6.78874e-05 3.16788e-06
0.000885688 5.3895e-05 5.0087e-05 9.51097e-06
0.000664973 2.00106e-05 8.08112e-05 3.3089e-06
0.00021754 4.53374e-05 3.20787e-05 8.27869e-06
0.000684857 9.02991e-05 4.38878e-05 5.47253e-06
0.000862308 5.09515e-05 3.28903e-05 8.90805e-06
0.000842712 3.32841e-05 4.6782e-06 5.94482e-06
0.00058342 3.17235e-05 4.02781e-05 1.91864e-05
0.000266573 7.26078e-05 2.54036e-05 1.0464e-05
0.000609842 2.91998e-05 3.48232e-05 7.54314e-06
0.000153384 5.82936e-05 8.57452e-05 6.73286e-06
0.000166187 6.05322e-05 8.19465e-05 4.5418e-06
0.000608061 2.37206e-05 8.90221e-05 7.14164e-06
0.000713741 3.51572e-05 2.65669e-05 3.07076e-06
0.000230124 3.45128e-05 6.85885e-06 3.82088e-06
0.000896511 2.26307e-05 6.32512e-05 1.50338e-05
0.000652399 3.11112e-05 6.16994e-05 1.03028e-05
0.000910556 7.45867e-05 8.01489e-05 7.65398e-06
0.000381514 3.99085e-05 5.04054e-05 1.34399e-05
0.000274962 9.54723e-06 3.2571e-05 1.02005e-05
0.000625502 6.62024e-05 5.73032e-05 7.36856e-06
0.000875639 6.73076e-05 3.22422e-05 8.88916e-06
0.000396984 1.8032e-05 2.99166e-05 4.41256e-06
0.000293935 9.84264e-05 4.52318e-05 7.04916e-06
0.000555903 4.96167e-05 1.49267e-05 6.47801e-06
0.000174838 3.56837e-05 7.19102e-05 7.01738e-06
0.000945058 1.80452e-05 4.13485e-05 9.75508e-06
0.000633315 2.50528e-05 4.40244e-05 6.60441e-06
0.000343011 3.73451e-05 9.16848e-05 3.53099e-06
0.000695309 8.07013e-05 5.6461e-05 1.34863e-05
0.000221252 6.19975e-05 2.26998e-05 4.96224e-06
1.08952e-05 5.54073e-05 1.64333e-05 8.82447e-06
0.000799876 7.00424e-05 8.20346e-06 9.23475e-06
0.000966167 1.69811e-06 5.68062e-05 9.61009e-06
0.000260448 8.40399e-05 2.01182e-05 3.49051e-06
0.000665732 8.0733e-05 2.88092e-05 1.92099e-05
6.09708e-05 4.00854e-05 6.5821e-05 4.88608e-06
0.000330282 3.04366e-05 2e-05 9.99734e-06
0.000237721 1.71963e-05 9.62886e-05 2.98444e-06
8.9674e-05 3.12553e-05 3.11254e-05 7.84742e-06
0.000209866 7.18041e-05 6.1556e-05 1.22558e-05
0.000986071 1.1405e-05 8.83729e-05 7.89509e-06
0.00098082 2.26538e-05 5.15848e-05 3.78427e-06
0.000259828 9.56578e-05 8.72814e-05 4.45319e-06
2.09944e-05 6.9872e-05 6.16238e-05 7.41472e-06
0.00097526 5.27479e-06 4.17185e-05 3.01505e-06
0.00023219 5.27235e-05 3.44644e-05 8.30045e-06
0.000434272 9.6455e-05 6.18202e-06 1.24486e-05
0.000271251 4.3904e-05 3.13801e-05 8.82174e-06
0.000847527 9.3012e-06 9.64078e-05 4.27398e-06
0.000297647 7.17483e-05 3.54705e-05 5.55383e-06
0.000409403 8.98814e-05 7.86528e-05 7.76181e-06
0.000290138 1.14768e-05 6.62954e-05 9.91835e-06
0.000635466 1.99051e-05 8.29963e-05 3.9928e-06
0.000851148 9.30737e-05 8.843e-05 7.37927e-06
0.000965419 1.10252e-05 9.06322e-05 6.09349e-06
0.000434851 2.33313e-05 4.82665e-05 9.1466e-06
0.000171666 2.52443e-05 8.26929e-05 8.21296e-06
1.97654e-05 1.29904e-05 9.93891e-05 8.25775e-06
1.68963e-05 2.9648e-05 9.5674e-05 8.82007e-06
0.000523673 6.83678e-05 7.41091e-06 8.53653e-06
0.000749573 4.42999e-05 8.02501e-05 4.48295e-06
0.00053669 9.5345e-05 5.09679e-05 8.32187e-06
0.000668461 1.05675e-05 9.18449e-05 1.0366e-05
0.000923339 5.63119e-05 2.60914e-05 6.25165e-06
0.00011918 9.96622e-05 6.07262e-05 1.09563e-05
0.000605375 6.48883e-05 4.92498e-05 1.02905e-05
0.000338559 2.92313e-05 6.01891e-05 1.53333e-05
0.000872072 6.94797e-05 9.54433e-05 6.08827e-06
0.000729206 8.75608e-06 9.67804e-05 4.82379e-06
4.09364e-05 6.01191e-05 2.17386e-05 2.97888e-06
0.000476921 4.32285e-05 5.91864e-05 1.77854e-06
0.00041827 6.22906e-05 1.00989e-05 6.3722e-06
0.000215628 2.05378e-05 5.41582e-05 4.47008e-06
0.000455885 6.85633e-05 1.16672e-05 1.23018e-05
0.000850708 1.82747e-05 2.03464e-05 6.93986e-06
0.000857455 7.94372e-05 4.17605e-05 1.25775e-05
0.000954809 6.04377e-05 5.39391e-05 4.01172e-06
9.90041e-05 8.57384e-05 2.58413e-05 1.09045e-05
0.000521737 5.13774e-05 9.00323e-06 8.6378e-06
0.00048821 5.1925e-05 8.99818e-05 1.06066e-05
0.000885525 4.47569e-05 5.07876e-06 6.72539e-06
0.000883432 8.9195e-05 1.06056e-05 1.55021e-05
0.000248093 1.82968e-05 5.20887e-05 6.1469e-06
0.000154242 4.03192e-07 7.26008e-05 8.52491e-06
0.000513393 8.68514e-05 4.94361e-05 1.03105e-05
0.000857185 1.45322e-05 7.33564e-05 5.63783e-06
0.000539532 5.9885e-05 2.04531e-05 4.23953e-06
0.000388513 5.71116e-05 4.96955e-05 6.07555e-06
0.000510874 7.0928e-05 9.74909e-05 1.79796e-06
0.000683356 1.85601e-05 5.92201e-05 4.04084e-06
0.000664035 8.76447e-05 7.10257e-05 2.77105e-06
0.000684024 4.76313e-05 6.70664e-05 9.92864e-06
0.000357004 6.69201e-05 3.80545e-05 3.53282e-06
1.39815e-05 9.60578e-05 9.07069e-05 3.77928e-06
0.000666915 3.80769e-05 7.63934e-05 9.45397e-06
0.000704154 3.83009e-05 3.23615e-05 4.02049e-06
0.000976357 8.93305e-05 5.88846e-05 8.32371e-06
0.000113629 2.85572e-05 3.3185e-05 4.34057e-06
0.000167078 2.78059e-06 3.83731e-05 4.53149e-06
0.000831305 5.56583e-05 5.6037e-05 8.58554e-06
0.000987895 3.75402e-05 1.10072e-05 1.86767e-05
0.000284893 8.34391e-05 2.41249e-05 1.08566e-05
3.21179e-05 5.93967e-05 8.15882e-05 7.92568e-06
1.36244e-05 7.09919e-05 4.67713e-05 2.84128e-06
3.01695e-05 4.75268e-05 5.95431e-05 1.19688e-05
0.000274283 2.02118e-05 6.99532e-05 8.54922e-06
0.00077725 8.98586e-05 4.36959e-05 7.60395e-06
0.000433473 1.25225e-05 7.32638e-05 7.5484e-06
0.000783147 8.03615e-05 3.93222e-05 4.1101e-06
0.000555286 8.81921e-05 8.83212e-05 2.35071e-05
0.000593389 1.33324e-05 4.81912e-05 2.37178e-06
0.000552883 5.23609e-05 8.44241e-05 4.04766e-06
0.000740791 8.15898e-06 1.67457e-05 1.76616e-05
0.000129438 5.28903e-05 1.66303e-05 5.6702e-06
0.000986948 6.00029e-05 1.61109e-05 4.66191e-06
0.000519966 4.7241e-06 9.85299e-05 1.05745e-05
0.00094102 2.27445e-05 5.39905e-06 3.37999e-06
0.000612398 9.76005e-05 7.67721e-05 6.00957e-06
0.000228347 6.54334e-06 2.45856e-05 9.36242e-06
0.000177866 5.19574e-05 6.80889e-05 2.98136e-06
1.54377e-05 3.03859e-05 1.25174e-05 4.27655e-06
0.000431712 6.80927e-05 6.6861e-05 5.57539e-06
0.000703754 2.9158e-05 4.66449e-05 6.75858e-06
0.000916857 4.00665e-05 8.2275e-05 6.35664e-06
7.56452e-05 4.56961e-06 8.12565e-05 2.87735e-06
0.000964196 4.40398e-05 1.05804e-06 7.83509e-06
0.000413929 6.25783e-05 9.74e-05 8.40365e-06
0.000823335 9.22109e-05 5.05538e-05 4.43357e-06
0.000755484 1.96649e-05 6.48619e-05 1.56971e-05
0.000454084 1.35401e-05 3.23482e-05 1.51784e-05
0.000171312 4.1325e-05 9.98252e-05 5.87848e-06
0.000471762 9.06581e-05 2.58749e-05 3.69766e-06
0.000996366 8.69031e-05 4.0576e-05 2.79538e-06
0.000126542 9.38702e-05 3.14709e-05 3.79952e-06
0.000665843 3.31263e-05 6.461e-05 3.28689e-06
0.000631004 6.81857e-05 9.61696e-05 2.44122e-05
0.000751944 2.53999e-05 4.00378e-05 7.54989e-06
7.27052e-05 3.01871e-05 8.85646e-06 5.74337e-06
0.0007335 2.54457e-05 4.44169e-05 2.8663e-06
0.000974671 2.32338e-05 2.9791e-05 6.33113e-06
0.000710223 8.84656e-06 2.61782e-05 4.85745e-06
0.000730573 8.86959e-05 1.44238e-05 1.20656e-05
0.000158898 2.99872e-05 2.01641e-06 1.11373e-05
0.000328259 5.98489e-05 2.92488e-05 1.0231e-05
3.57828e-05 1.30147e-05 1.78402e-05 7.97345e-06
0.000432953 4.18783e-05 3.30262e-05 9.04444e-06
7.0927e-05 4.32807e-05 8.24729e-05 5.84747e-06
0.000152896 8.6688e-05 6.65143e-05 3.40563e-06
0.000639221 5.98331e-05 5.01076e-05 8.90315e-06
0.000624686 1.78401e-05 6.21848e-05 5.21782e-06
0.000502102 8.98125e-05 7.01244e-05 3.97382e-06
0.000907835 3.60904e-07 1.67709e-05 5.05276e-06
9.66675e-05 3.63723e-05 5.07645e-06 5.29809e-06
0.000864004 2.09316e-05 3.32529e-05 4.20653e-06
0.000754608 2.8886e-05 8.66412e-05 1.3949e-05
0.00077827 8.32092e-07 1.70129e-05 1.14189e-05
0.000743231 9.12559e-05 8.11303e-05 3.219e-06
0.000469764 5.00412e-05 5.06835e-05 4.283e-06
0.000204641 7.9667e-05 8.89116e-05 5.26249e-06
0.000380593 1.2075e-05 9.02197e-05 5.9678e-06
0.000200028 5.07323e-05 9.66125e-05 6.83198e-06
0.000933264 6.75688e-05 9.00643e-05 1.44073e-05
0.000738984 8.16921e-05 4.13906e-07 5.50114e-06
0.000500997 8.86323e-05 6.00315e-05 6.18099e-06
0.000274914 1.81658e-05 4.90553e-05 2.3094e-06
0.00020602 5.92226e-05 6.83779e-05 2.42089e-06
0.000439096 1.69093e-05 9.01746e-05 8.12562e-06
0.000778106 2.94242e-05 7.99484e-05 4.27835e-06
6.42579e-05 2.97082e-05 2.97068e-05 1.76552e-05
0.000475783 5.78374e-05 9.07991e-05 2.27461e-06
0.000712244 4.01348e-05 7.14852e-05 2.85501e-06
0.000240204 4.08433e-05 2.01636e-05 5.22579e-06
0.000547716 4.36748e-05 8.20329e-05 5.05642e-06
0.000854252 2.05864e-05 9.61532e-05 6.80538e-06
0.000329088 8.68532e-05 1.03115e-05 1.10194e-05
7.16403e-06 8.52756e-05 5.3789e-05 6.65602e-06
6.55371e-05 6.19283e-05 5.66835e-05 8.05248e-06
0.000182549 1.10435e-08 2.68826e-05 1.35677e-05
0.00069244 9.06482e-05 3.8833e-05 3.58028e-06
4.35183e-05 1.98257e-05 5.55707e-05 2.86893e-05
0.000359798 3.33474e-05 8.97449e-05 1.10363e-05
0.000784745 4.82754e-05 9.10256e-05 2.77957e-06
7.99557e-05 4.16634e-05 1.02547e-05 7.90332e-06
1.58251e-05 7.92277e-05 2.00427e-05 9.07659e-06
0.000215897 9.78856e-05 1.09297e-05 4.64993e-06
0.000475734 5.59753e-05 5.53809e-05 2.43074e-06
0.000533919 4.99518e-05 8.91912e-05 1.09019e-05
0.000895332 2.73353e-05 2.40291e-05 4.41957e-06
0.000806287 8.37641e-05 8.25826e-05 5.16792e-06
1.63987e-05 9.85828e-05 3.23188e-05 7.22988e-06
0.000498394 4.98063e-05 3.02849e-05 1.06704e-05
0.000508834 9.52836e-06 5.2831e-05 1.16007e-05
0.000243881 6.18719e-05 6.00755e-05 1.61179e-05
0.000470427 2.38364e-05 1.95305e-05 8.56853e-06
0.000629997 5.47683e-05 6.17368e-05 3.44716e-06
0.000327849 5.46224e-05 5.21135e-05 6.50113e-06
0.000748379 2.51133e-05 2.45203e-05 6.574e-06
0.000243931 4.77669e-05 8.97566e-05 4.74441e-06
4.77137e-05 8.07709e-06 1.89043e-05 4.97821e-06
0.000197809 4.88879e-08 5.00276e-05 1.28445e-05
0.000374223 7.70905e-06 6.38169e-05 2.30679e-06
0.000116018 4.90516e-05 1.00473e-05 8.1058e-06
0.000794513 4.17854e-05 3.37233e-05 3.68563e-06
0.000119165 3.91058e-05 7.01522e-05 1.84867e-05
0.000328729 2.97261e-06 1.01538e-05 5.78159e-06
0.000544733 6.43273e-05 9.00156e-05 6.62044e-06
0.000790904 3.85912e-05 1.54164e-05 2.94814e-06
0.000586926 4.66976e-05 2.15309e-06 9.40139e-06
0.00023705 4.00393e-05 4.13685e-05 3.55757e-06
0.000781737 7.0639e-05 7.91579e-05 5.49806e-06
0.000854795 8.99222e-05 8.02505e-05 2.1148e-06
0.000533395 4.84359e-05 1.19407e-05 3.59464e-06
0.000199022 1.69781e-05 9.99926e-05 2.64596e-06
0.000535404 5.70098e-06 5.65098e-06 3.72538e-06
8.18116e-05 8.0751e-05 2.32878e-06 3.81651e-06
0.000450742 2.9854e-05 8.49692e-06 1.35424e-05
0.000818792 4.62816e-06 8.15047e-05 9.3818e-06
0.00021381 1.37787e-05 7.21512e-05 2.79606e-06
0.000357343 5.26412e-05 6.1436e-05 8.77604e-06
0.000157542 8.98606e-05 6.9217e-05 2.09354e-06
0.000271981 2.26087e-05 3.40907e-05 6.65132e-06
0.00074648 7.61664e-05 1.30074e-05 8.23301e-06
